[35m[1mConsolidate compiler generated dependencies of target line_tracking__rosidl_generator_c[0m
[  2%] Built target line_tracking__cpp
[ 11%] Built target line_tracking__rosidl_generator_c
[ 13%] [32mBuilding CXX object CMakeFiles/line_detection.dir/src/line_detection/line_detection.cpp.o[0m
[ 15%] [32mBuilding CXX object CMakeFiles/line_detection.dir/src/line_detection/vision_process.cpp.o[0m
[ 20%] Built target compressed_viewer
[ 20%] Built target ament_cmake_python_copy_line_tracking
[35m[1mConsolidate compiler generated dependencies of target line_tracking__rosidl_typesupport_fastrtps_cpp[0m
[35m[1mConsolidate compiler generated dependencies of target line_tracking__rosidl_typesupport_introspection_cpp[0m
[35m[1mConsolidate compiler generated dependencies of target line_tracking__rosidl_typesupport_fastrtps_c[0m
[35m[1mConsolidate compiler generated dependencies of target line_tracking__rosidl_typesupport_cpp[0m
[35m[1mConsolidate compiler generated dependencies of target line_tracking__rosidl_typesupport_c[0m
[35m[1mConsolidate compiler generated dependencies of target line_tracking__rosidl_typesupport_introspection_c[0m
[ 28%] Built target line_tracking__rosidl_typesupport_introspection_cpp
[ 37%] Built target line_tracking__rosidl_typesupport_fastrtps_c
[ 48%] Built target line_tracking__rosidl_typesupport_fastrtps_cpp
[ 55%] Built target line_tracking__rosidl_typesupport_cpp
[ 64%] Built target line_tracking__rosidl_typesupport_c
[ 73%] Built target line_tracking__rosidl_typesupport_introspection_c
[ 73%] Built target line_tracking
[ 75%] [34m[1mGenerating Python code for ROS interfaces[0m
In file included from [01m[K/home/luuk/linetracking/src/line_detection/vision_process.cpp:1[m[K:
[01m[K/home/luuk/linetracking/src/line_detection/include/vision_process.hpp:9:10:[m[K [01;31m[Kfatal error: [m[Kline_tracking/msg/point_blob.hpp: No such file or directory
    9 | #include [01;31m[K<line_tracking/msg/point_blob.hpp>[m[K
      |          [01;31m[K^~~~~~~~~~~~~~~~~~~~~~~~~~~~~~~~~~[m[K
compilation terminated.
gmake[2]: *** [CMakeFiles/line_detection.dir/build.make:104: CMakeFiles/line_detection.dir/src/line_detection/vision_process.cpp.o] Error 1
gmake[2]: *** Waiting for unfinished jobs....
running egg_info
writing line_tracking.egg-info/PKG-INFO
writing dependency_links to line_tracking.egg-info/dependency_links.txt
writing top-level names to line_tracking.egg-info/top_level.txt
reading manifest file 'line_tracking.egg-info/SOURCES.txt'
writing manifest file 'line_tracking.egg-info/SOURCES.txt'
[ 75%] Built target ament_cmake_python_build_line_tracking_egg
[01m[K/home/luuk/linetracking/src/line_detection/line_detection.cpp:6:10:[m[K [01;31m[Kfatal error: [m[Kline_tracking/msg/point_blob.hpp: No such file or directory
    6 | #include [01;31m[K<line_tracking/msg/point_blob.hpp>[m[K
      |          [01;31m[K^~~~~~~~~~~~~~~~~~~~~~~~~~~~~~~~~~[m[K
compilation terminated.
gmake[2]: *** [CMakeFiles/line_detection.dir/build.make:76: CMakeFiles/line_detection.dir/src/line_detection/line_detection.cpp.o] Error 1
gmake[1]: *** [CMakeFiles/Makefile2:620: CMakeFiles/line_detection.dir/all] Error 2
gmake[1]: *** Waiting for unfinished jobs....
[ 75%] Built target line_tracking__py
gmake: *** [Makefile:146: all] Error 2
