<?xml version="1.0" encoding="UTF-8"?>
<Site BuildName="(empty)"
	BuildStamp="20230919-0644-Experimental"
	Name="luuk-virtual-machine"
	Generator="ctest-3.22.1"
	CompilerName="/usr/bin/g++"
	CompilerVersion="11.4.0"
	OSName="Linux"
	Hostname="luuk-virtual-machine"
	OSRelease="6.2.0-32-generic"
	OSVersion="#32~22.04.1-Ubuntu SMP PREEMPT_DYNAMIC Fri Aug 18 10:40:13 UTC 2"
	OSPlatform="x86_64"
	Is64Bits="1"
	VendorString="GenuineIntel"
	VendorID="Intel Corporation"
	FamilyID="6"
	ModelID="154"
	ProcessorCacheSize="24576"
	NumberOfLogicalCPU="8"
	NumberOfPhysicalCPU="8"
	TotalVirtualMemory="2047"
	TotalPhysicalMemory="7897"
	LogicalProcessorsPerPhysical="1"
	ProcessorClockFrequency="2687.99"
	>
	<Testing>
		<StartDateTime>Sep 19 08:58 CEST</StartDateTime>
		<StartTestTime>1695106698</StartTestTime>
		<TestList/>
		<EndDateTime>Sep 19 08:58 CEST</EndDateTime>
		<EndTestTime>1695106698</EndTestTime>
		<ElapsedMinutes>0</ElapsedMinutes>
	</Testing>
</Site>
