[0.091s] Invoking command in '/home/luuk/linetracking/build/line_tracking': CMAKE_PREFIX_PATH=/opt/ros/humble /usr/bin/cmake --build /home/luuk/linetracking/build/line_tracking -- -j8 -l8
[0.209s] -- Found ament_cmake: 1.3.5 (/opt/ros/humble/share/ament_cmake/cmake)
[0.691s] -- Found rclcpp: 16.0.5 (/opt/ros/humble/share/rclcpp/cmake)
[0.793s] -- Found rosidl_generator_c: 3.1.5 (/opt/ros/humble/share/rosidl_generator_c/cmake)
[0.808s] -- Found rosidl_adapter: 3.1.5 (/opt/ros/humble/share/rosidl_adapter/cmake)
[0.823s] -- Found rosidl_generator_cpp: 3.1.5 (/opt/ros/humble/share/rosidl_generator_cpp/cmake)
[0.848s] -- Using all available rosidl_typesupport_c: rosidl_typesupport_fastrtps_c;rosidl_typesupport_introspection_c
[0.888s] -- Using all available rosidl_typesupport_cpp: rosidl_typesupport_fastrtps_cpp;rosidl_typesupport_introspection_cpp
[1.099s] -- Found rmw_implementation_cmake: 6.1.1 (/opt/ros/humble/share/rmw_implementation_cmake/cmake)
[1.106s] -- Found rmw_fastrtps_cpp: 6.2.3 (/opt/ros/humble/share/rmw_fastrtps_cpp/cmake)
[1.429s] -- Using RMW implementation 'rmw_fastrtps_cpp' as default
[1.847s] -- Found sensor_msgs: 4.2.3 (/opt/ros/humble/share/sensor_msgs/cmake)
[2.256s] -- Found cv_bridge: 3.2.1 (/opt/ros/humble/share/cv_bridge/cmake)
[2.297s] -- Found rosidl_default_generators: 1.2.0 (/opt/ros/humble/share/rosidl_default_generators/cmake)
[3.080s] -- Found ament_cmake_ros: 0.10.0 (/opt/ros/humble/share/ament_cmake_ros/cmake)
[3.992s] -- Using all available rosidl_typesupport_c: rosidl_typesupport_fastrtps_c;rosidl_typesupport_introspection_c
[4.336s] -- Using all available rosidl_typesupport_cpp: rosidl_typesupport_fastrtps_cpp;rosidl_typesupport_introspection_cpp
[4.405s] -- Found python_cmake_module: 0.10.0 (/opt/ros/humble/share/python_cmake_module/cmake)
[4.475s] -- Using PYTHON_EXECUTABLE: /usr/bin/python3
[4.475s] -- Using PYTHON_INCLUDE_DIRS: /usr/include/python3.10
[4.476s] -- Using PYTHON_LIBRARIES: /usr/lib/x86_64-linux-gnu/libpython3.10.so
[4.533s] -- Configuring done
[4.699s] -- Generating done
[4.718s] -- Build files have been written to: /home/luuk/linetracking/build/line_tracking
[4.857s] [  2%] [34m[1mGenerating C code for ROS interfaces[0m
[4.884s] [35m[1mConsolidate compiler generated dependencies of target line_detection[0m
[4.884s] [35m[1mConsolidate compiler generated dependencies of target compressed_viewer[0m
[5.032s] [  2%] Built target ament_cmake_python_copy_line_tracking
[5.047s] [  5%] [34m[1mGenerating C++ code for ROS interfaces[0m
[5.066s] [ 16%] Built target line_detection
[5.101s] [ 21%] Built target compressed_viewer
[5.765s] [ 24%] [32mBuilding C object CMakeFiles/line_tracking__rosidl_generator_c.dir/rosidl_generator_c/line_tracking/msg/detail/point_matrix_with_enum__functions.c.o[0m
[5.824s] In file included from [01m[K/home/luuk/linetracking/build/line_tracking/rosidl_generator_c/line_tracking/msg/detail/point_matrix_with_enum__functions.h:19[m[K,
[5.824s]                  from [01m[K/home/luuk/linetracking/build/line_tracking/rosidl_generator_c/line_tracking/msg/detail/point_matrix_with_enum__functions.c:4[m[K:
[5.824s] [01m[K/home/luuk/linetracking/build/line_tracking/rosidl_generator_c/line_tracking/msg/detail/point_matrix_with_enum__struct.h:22:10:[m[K [01;31m[Kfatal error: [m[Kline_tracking/msg/detail/point_array__struct.h: No such file or directory
[5.825s]    22 | #include [01;31m[K"line_tracking/msg/detail/point_array__struct.h"[m[K
[5.825s]       |          [01;31m[K^~~~~~~~~~~~~~~~~~~~~~~~~~~~~~~~~~~~~~~~~~~~~~~~[m[K
[5.825s] compilation terminated.
[5.833s] gmake[2]: *** [CMakeFiles/line_tracking__rosidl_generator_c.dir/build.make:105: CMakeFiles/line_tracking__rosidl_generator_c.dir/rosidl_generator_c/line_tracking/msg/detail/point_matrix_with_enum__functions.c.o] Error 1
[5.833s] gmake[1]: *** [CMakeFiles/Makefile2:217: CMakeFiles/line_tracking__rosidl_generator_c.dir/all] Error 2
[5.834s] gmake[1]: *** Waiting for unfinished jobs....
[5.855s] [ 24%] Built target line_tracking__cpp
[5.952s] running egg_info
[5.957s] writing line_tracking.egg-info/PKG-INFO
[5.958s] writing dependency_links to line_tracking.egg-info/dependency_links.txt
[5.959s] writing top-level names to line_tracking.egg-info/top_level.txt
[5.968s] reading manifest file 'line_tracking.egg-info/SOURCES.txt'
[5.972s] writing manifest file 'line_tracking.egg-info/SOURCES.txt'
[6.088s] [ 24%] Built target ament_cmake_python_build_line_tracking_egg
[6.093s] gmake: *** [Makefile:146: all] Error 2
[6.104s] Invoked command in '/home/luuk/linetracking/build/line_tracking' returned '2': CMAKE_PREFIX_PATH=/opt/ros/humble /usr/bin/cmake --build /home/luuk/linetracking/build/line_tracking -- -j8 -l8
