[  8%] Built target line_tracking__rosidl_generator_c
[ 11%] Built target line_tracking__cpp
[ 15%] Built target compressed_viewer
[ 15%] Built target ament_cmake_python_copy_line_tracking
[ 24%] Built target line_tracking__rosidl_typesupport_introspection_c
[ 33%] Built target line_tracking__rosidl_typesupport_c
[ 42%] Built target line_tracking__rosidl_typesupport_fastrtps_c
[ 51%] Built target line_tracking__rosidl_typesupport_cpp
[ 60%] Built target line_tracking__rosidl_typesupport_fastrtps_cpp
[ 68%] Built target line_tracking__rosidl_typesupport_introspection_cpp
[ 71%] [32mBuilding CXX object CMakeFiles/line_detection.dir/src/line_detection/param_parser.cpp.o[0m
[ 71%] Built target line_tracking
[ 73%] Built target line_tracking__py
[ 80%] Built target line_tracking__rosidl_generator_py
[ 84%] Built target line_tracking__rosidl_typesupport_introspection_c__pyext
[ 88%] Built target line_tracking__rosidl_typesupport_fastrtps_c__pyext
[ 93%] Built target line_tracking__rosidl_typesupport_c__pyext
running egg_info
writing line_tracking.egg-info/PKG-INFO
writing dependency_links to line_tracking.egg-info/dependency_links.txt
writing top-level names to line_tracking.egg-info/top_level.txt
reading manifest file 'line_tracking.egg-info/SOURCES.txt'
writing manifest file 'line_tracking.egg-info/SOURCES.txt'
[ 93%] Built target ament_cmake_python_build_line_tracking_egg
[01m[K/home/luuk/linetracking/src/line_detection/param_parser.cpp:[m[K In member function â€˜[01m[Kstd::string ParamParser::ToString(NodeConfig*)[m[Kâ€™:
[01m[K/home/luuk/linetracking/src/line_detection/param_parser.cpp:111:36:[m[K [01;31m[Kerror: [m[Kâ€˜[01m[Kstruct NodeConfig[m[Kâ€™ has no member named â€˜[01m[Kminimum[m[Kâ€™
  111 |        << ", Minimum: " << config->[01;31m[Kminimum[m[K
      |                                    [01;31m[K^~~~~~~[m[K
gmake[2]: *** [CMakeFiles/line_detection.dir/build.make:90: CMakeFiles/line_detection.dir/src/line_detection/param_parser.cpp.o] Error 1
gmake[1]: *** [CMakeFiles/Makefile2:621: CMakeFiles/line_detection.dir/all] Error 2
gmake: *** [Makefile:146: all] Error 2
