[0.048s] Invoking command in '/home/luuk/linetracking/build/line_tracking': CMAKE_PREFIX_PATH=/opt/ros/humble /usr/bin/cmake --build /home/luuk/linetracking/build/line_tracking -- -j8 -l8
[0.122s] -- Found ament_cmake: 1.3.5 (/opt/ros/humble/share/ament_cmake/cmake)
[0.538s] -- Found rclcpp: 16.0.5 (/opt/ros/humble/share/rclcpp/cmake)
[0.618s] -- Found rosidl_generator_c: 3.1.5 (/opt/ros/humble/share/rosidl_generator_c/cmake)
[0.628s] -- Found rosidl_adapter: 3.1.5 (/opt/ros/humble/share/rosidl_adapter/cmake)
[0.647s] -- Found rosidl_generator_cpp: 3.1.5 (/opt/ros/humble/share/rosidl_generator_cpp/cmake)
[0.677s] -- Using all available rosidl_typesupport_c: rosidl_typesupport_fastrtps_c;rosidl_typesupport_introspection_c
[0.720s] -- Using all available rosidl_typesupport_cpp: rosidl_typesupport_fastrtps_cpp;rosidl_typesupport_introspection_cpp
[0.877s] -- Found rmw_implementation_cmake: 6.1.1 (/opt/ros/humble/share/rmw_implementation_cmake/cmake)
[0.883s] -- Found rmw_fastrtps_cpp: 6.2.3 (/opt/ros/humble/share/rmw_fastrtps_cpp/cmake)
[1.220s] -- Using RMW implementation 'rmw_fastrtps_cpp' as default
[1.669s] -- Found sensor_msgs: 4.2.3 (/opt/ros/humble/share/sensor_msgs/cmake)
[2.014s] -- Found cv_bridge: 3.2.1 (/opt/ros/humble/share/cv_bridge/cmake)
[2.068s] -- Found rosidl_default_generators: 1.2.0 (/opt/ros/humble/share/rosidl_default_generators/cmake)
[2.891s] -- Found ament_cmake_ros: 0.10.0 (/opt/ros/humble/share/ament_cmake_ros/cmake)
[4.162s] -- Using all available rosidl_typesupport_c: rosidl_typesupport_fastrtps_c;rosidl_typesupport_introspection_c
[4.595s] -- Using all available rosidl_typesupport_cpp: rosidl_typesupport_fastrtps_cpp;rosidl_typesupport_introspection_cpp
[4.654s] -- Found python_cmake_module: 0.10.0 (/opt/ros/humble/share/python_cmake_module/cmake)
[4.718s] -- Using PYTHON_EXECUTABLE: /usr/bin/python3
[4.718s] -- Using PYTHON_INCLUDE_DIRS: /usr/include/python3.10
[4.718s] -- Using PYTHON_LIBRARIES: /usr/lib/x86_64-linux-gnu/libpython3.10.so
[4.841s] -- Configuring done
[4.976s] -- Generating done
[4.986s] -- Build files have been written to: /home/luuk/linetracking/build/line_tracking
[5.073s] [35m[1mConsolidate compiler generated dependencies of target line_detection[0m
[5.073s] [35m[1mConsolidate compiler generated dependencies of target line_tracking__rosidl_generator_c[0m
[5.077s] [35m[1mConsolidate compiler generated dependencies of target compressed_viewer[0m
[5.197s] [  2%] Built target line_tracking__cpp
[5.197s] [  4%] [32mBuilding CXX object CMakeFiles/line_detection.dir/src/line_detection/vision_process.cpp.o[0m
[5.260s] [  6%] [32mBuilding CXX object CMakeFiles/line_detection.dir/src/line_detection/line_detection.cpp.o[0m
[5.281s] [  6%] Built target ament_cmake_python_copy_line_tracking
[5.295s] [35m[1mConsolidate compiler generated dependencies of target line_tracking__rosidl_typesupport_fastrtps_cpp[0m
[5.448s] [35m[1mConsolidate compiler generated dependencies of target line_tracking__rosidl_typesupport_introspection_cpp[0m
[5.471s] [35m[1mConsolidate compiler generated dependencies of target line_tracking__rosidl_typesupport_cpp[0m
[5.482s] [ 15%] Built target line_tracking__rosidl_generator_c
[5.482s] [ 20%] Built target compressed_viewer
[5.482s] [ 28%] Built target line_tracking__rosidl_typesupport_fastrtps_cpp
[5.532s] [35m[1mConsolidate compiler generated dependencies of target line_tracking__rosidl_typesupport_introspection_c[0m
[5.532s] [ 37%] Built target line_tracking__rosidl_typesupport_cpp
[5.534s] [35m[1mConsolidate compiler generated dependencies of target line_tracking__rosidl_typesupport_fastrtps_c[0m
[5.543s] [35m[1mConsolidate compiler generated dependencies of target line_tracking__rosidl_typesupport_c[0m
[5.647s] [ 46%] Built target line_tracking__rosidl_typesupport_introspection_cpp
[5.740s] [ 55%] Built target line_tracking__rosidl_typesupport_fastrtps_c
[5.745s] [ 64%] Built target line_tracking__rosidl_typesupport_introspection_c
[5.760s] [ 73%] Built target line_tracking__rosidl_typesupport_c
[5.976s] [ 73%] Built target line_tracking
[6.167s] [ 75%] Built target line_tracking__py
[6.392s] [ 77%] [32mBuilding C object CMakeFiles/line_tracking__rosidl_generator_py.dir/rosidl_generator_py/line_tracking/msg/_point_blob_s.c.o[0m
[6.415s] [ 80%] [32mBuilding C object CMakeFiles/line_tracking__rosidl_generator_py.dir/rosidl_generator_py/line_tracking/msg/_point_array_s.c.o[0m
[6.421s] In file included from [01m[K/home/luuk/linetracking/src/line_detection/vision_process.cpp:1[m[K:
[6.422s] [01m[K/home/luuk/linetracking/src/line_detection/include/vision_process.hpp:9:10:[m[K [01;31m[Kfatal error: [m[Kline_tracking/msg/point_blob.hpp: No such file or directory
[6.424s]     9 | #include [01;31m[K<line_tracking/msg/point_blob.hpp>[m[K
[6.424s]       |          [01;31m[K^~~~~~~~~~~~~~~~~~~~~~~~~~~~~~~~~~[m[K
[6.424s] compilation terminated.
[6.430s] gmake[2]: *** [CMakeFiles/line_detection.dir/build.make:104: CMakeFiles/line_detection.dir/src/line_detection/vision_process.cpp.o] Error 1
[6.430s] gmake[2]: *** Waiting for unfinished jobs....
[6.893s] [ 82%] [32m[1mLinking C shared library rosidl_generator_py/line_tracking/libline_tracking__rosidl_generator_py.so[0m
[6.946s] [01m[K/home/luuk/linetracking/src/line_detection/line_detection.cpp:6:10:[m[K [01;31m[Kfatal error: [m[Kline_tracking/msg/point_blob.hpp: No such file or directory
[6.947s]     6 | #include [01;31m[K<line_tracking/msg/point_blob.hpp>[m[K
[6.947s]       |          [01;31m[K^~~~~~~~~~~~~~~~~~~~~~~~~~~~~~~~~~[m[K
[6.948s] compilation terminated.
[6.951s] gmake[2]: *** [CMakeFiles/line_detection.dir/build.make:76: CMakeFiles/line_detection.dir/src/line_detection/line_detection.cpp.o] Error 1
[6.951s] gmake[1]: *** [CMakeFiles/Makefile2:620: CMakeFiles/line_detection.dir/all] Error 2
[6.952s] gmake[1]: *** Waiting for unfinished jobs....
[6.980s] running egg_info
[6.982s] writing line_tracking.egg-info/PKG-INFO
[6.982s] writing dependency_links to line_tracking.egg-info/dependency_links.txt
[6.983s] writing top-level names to line_tracking.egg-info/top_level.txt
[6.988s] reading manifest file 'line_tracking.egg-info/SOURCES.txt'
[6.989s] writing manifest file 'line_tracking.egg-info/SOURCES.txt'
[7.015s] [ 82%] Built target line_tracking__rosidl_generator_py
[7.045s] [ 82%] Built target ament_cmake_python_build_line_tracking_egg
[7.046s] gmake: *** [Makefile:146: all] Error 2
[7.052s] Invoked command in '/home/luuk/linetracking/build/line_tracking' returned '2': CMAKE_PREFIX_PATH=/opt/ros/humble /usr/bin/cmake --build /home/luuk/linetracking/build/line_tracking -- -j8 -l8
