[0.042s] Invoking command in '/home/luuk/turtle3_control/build/turtle3_control': CMAKE_PREFIX_PATH=${CMAKE_PREFIX_PATH}:/opt/ros/humble /usr/bin/cmake --build /home/luuk/turtle3_control/build/turtle3_control -- -j8 -l8
[0.283s] [ 50%] [32mBuilding CXX object CMakeFiles/testtt_node.dir/src/testtt_node.cpp.o[0m
[1.560s] [01m[K/home/luuk/turtle3_control/src/testtt_node.cpp:4:10:[m[K [01;31m[Kfatal error: [m[Kcv_bridge/cv_bridge.h: No such file or directory
[1.561s]     4 | #include [01;31m[K<cv_bridge/cv_bridge.h>[m[K
[1.561s]       |          [01;31m[K^~~~~~~~~~~~~~~~~~~~~~~[m[K
[1.561s] compilation terminated.
[1.568s] gmake[2]: *** [CMakeFiles/testtt_node.dir/build.make:76: CMakeFiles/testtt_node.dir/src/testtt_node.cpp.o] Error 1
[1.568s] gmake[1]: *** [CMakeFiles/Makefile2:137: CMakeFiles/testtt_node.dir/all] Error 2
[1.568s] gmake: *** [Makefile:146: all] Error 2
[1.575s] Invoked command in '/home/luuk/turtle3_control/build/turtle3_control' returned '2': CMAKE_PREFIX_PATH=${CMAKE_PREFIX_PATH}:/opt/ros/humble /usr/bin/cmake --build /home/luuk/turtle3_control/build/turtle3_control -- -j8 -l8
