[0.051s] Invoking command in '/home/luuk/turtle3_control/build/turtle3_control': CMAKE_PREFIX_PATH=/opt/ros/humble /usr/bin/cmake --build /home/luuk/turtle3_control/build/turtle3_control -- -j8 -l8
[0.145s] -- Found ament_cmake: 1.3.5 (/opt/ros/humble/share/ament_cmake/cmake)
[0.584s] -- Found rclcpp: 16.0.5 (/opt/ros/humble/share/rclcpp/cmake)
[0.660s] -- Found rosidl_generator_c: 3.1.5 (/opt/ros/humble/share/rosidl_generator_c/cmake)
[0.668s] -- Found rosidl_adapter: 3.1.5 (/opt/ros/humble/share/rosidl_adapter/cmake)
[0.685s] -- Found rosidl_generator_cpp: 3.1.5 (/opt/ros/humble/share/rosidl_generator_cpp/cmake)
[0.720s] -- Using all available rosidl_typesupport_c: rosidl_typesupport_fastrtps_c;rosidl_typesupport_introspection_c
[0.769s] -- Using all available rosidl_typesupport_cpp: rosidl_typesupport_fastrtps_cpp;rosidl_typesupport_introspection_cpp
[0.949s] -- Found rmw_implementation_cmake: 6.1.1 (/opt/ros/humble/share/rmw_implementation_cmake/cmake)
[0.953s] -- Found rmw_fastrtps_cpp: 6.2.3 (/opt/ros/humble/share/rmw_fastrtps_cpp/cmake)
[1.253s] -- Using RMW implementation 'rmw_fastrtps_cpp' as default
[1.723s] -- Found sensor_msgs: 4.2.3 (/opt/ros/humble/share/sensor_msgs/cmake)
[2.082s] -- Found cv_bridge: 3.2.1 (/opt/ros/humble/share/cv_bridge/cmake)
[2.290s] -- Configuring done
[2.325s] -- Generating done
[2.331s] -- Build files have been written to: /home/luuk/turtle3_control/build/turtle3_control
[2.443s] [ 50%] [32mBuilding CXX object CMakeFiles/testtt_node.dir/src/testtt_node.cpp.o[0m
[3.389s] [01m[K/home/luuk/turtle3_control/src/testtt_node.cpp:4:10:[m[K [01;31m[Kfatal error: [m[Kcv_bridge/cv_bridge.h: No such file or directory
[3.389s]     4 | #include [01;31m[K<cv_bridge/cv_bridge.h>[m[K
[3.389s]       |          [01;31m[K^~~~~~~~~~~~~~~~~~~~~~~[m[K
[3.389s] compilation terminated.
[3.396s] gmake[2]: *** [CMakeFiles/testtt_node.dir/build.make:76: CMakeFiles/testtt_node.dir/src/testtt_node.cpp.o] Error 1
[3.397s] gmake[1]: *** [CMakeFiles/Makefile2:137: CMakeFiles/testtt_node.dir/all] Error 2
[3.397s] gmake: *** [Makefile:146: all] Error 2
[3.402s] Invoked command in '/home/luuk/turtle3_control/build/turtle3_control' returned '2': CMAKE_PREFIX_PATH=/opt/ros/humble /usr/bin/cmake --build /home/luuk/turtle3_control/build/turtle3_control -- -j8 -l8
