[0.041s] Invoking command in '/home/luuk/turtle3_control/build/turtle3_control': CMAKE_PREFIX_PATH=/opt/ros/humble /usr/bin/cmake --build /home/luuk/turtle3_control/build/turtle3_control -- -j8 -l8
[0.102s] -- Found ament_cmake: 1.3.5 (/opt/ros/humble/share/ament_cmake/cmake)
[0.436s] -- Found rclcpp: 16.0.5 (/opt/ros/humble/share/rclcpp/cmake)
[0.502s] -- Found rosidl_generator_c: 3.1.5 (/opt/ros/humble/share/rosidl_generator_c/cmake)
[0.507s] -- Found rosidl_adapter: 3.1.5 (/opt/ros/humble/share/rosidl_adapter/cmake)
[0.522s] -- Found rosidl_generator_cpp: 3.1.5 (/opt/ros/humble/share/rosidl_generator_cpp/cmake)
[0.547s] -- Using all available rosidl_typesupport_c: rosidl_typesupport_fastrtps_c;rosidl_typesupport_introspection_c
[0.572s] -- Using all available rosidl_typesupport_cpp: rosidl_typesupport_fastrtps_cpp;rosidl_typesupport_introspection_cpp
[0.709s] -- Found rmw_implementation_cmake: 6.1.1 (/opt/ros/humble/share/rmw_implementation_cmake/cmake)
[0.712s] -- Found rmw_fastrtps_cpp: 6.2.3 (/opt/ros/humble/share/rmw_fastrtps_cpp/cmake)
[0.984s] -- Using RMW implementation 'rmw_fastrtps_cpp' as default
[1.332s] -- Found sensor_msgs: 4.2.3 (/opt/ros/humble/share/sensor_msgs/cmake)
[1.821s] -- Configuring done
[1.852s] -- Generating done
[1.857s] -- Build files have been written to: /home/luuk/turtle3_control/build/turtle3_control
[1.951s] [35m[1mConsolidate compiler generated dependencies of target diff_node[0m
[2.034s] [ 50%] [32mBuilding CXX object CMakeFiles/diff_node.dir/src/diff_node.cpp.o[0m
[8.695s] [01m[K/home/luuk/turtle3_control/src/diff_node.cpp:[m[K In constructor â€˜[01m[KDiffNode::DiffNode()[m[Kâ€™:
[8.695s] [01m[K/home/luuk/turtle3_control/src/diff_node.cpp:13:64:[m[K [01;31m[Kerror: [m[Kâ€˜[01m[KString[m[Kâ€™ is not a member of â€˜[01m[Kstd_msgs::msg[m[Kâ€™
[8.695s]    13 |       subscription_ = this->create_subscription<std_msgs::msg::[01;31m[KString[m[K>(
[8.696s]       |                                                                [01;31m[K^~~~~~[m[K
[8.696s] [01m[K/home/luuk/turtle3_control/src/diff_node.cpp:14:29:[m[K [01;31m[Kerror: [m[Kâ€˜[01m[KMinimalSubscriber[m[Kâ€™ has not been declared
[8.696s]    14 |       "joy", 10, std::bind(&[01;31m[KMinimalSubscriber[m[K::topic_callback, this, _1));
[8.696s]       |                             [01;31m[K^~~~~~~~~~~~~~~~~[m[K
[8.696s] In file included from [01m[K/opt/ros/humble/include/rclcpp/rclcpp/logging.hpp:24[m[K,
[8.696s]                  from [01m[K/opt/ros/humble/include/rclcpp/rclcpp/client.hpp:40[m[K,
[8.697s]                  from [01m[K/opt/ros/humble/include/rclcpp/rclcpp/callback_group.hpp:24[m[K,
[8.697s]                  from [01m[K/opt/ros/humble/include/rclcpp/rclcpp/any_executable.hpp:20[m[K,
[8.697s]                  from [01m[K/opt/ros/humble/include/rclcpp/rclcpp/memory_strategy.hpp:25[m[K,
[8.697s]                  from [01m[K/opt/ros/humble/include/rclcpp/rclcpp/memory_strategies.hpp:18[m[K,
[8.697s]                  from [01m[K/opt/ros/humble/include/rclcpp/rclcpp/executor_options.hpp:20[m[K,
[8.697s]                  from [01m[K/opt/ros/humble/include/rclcpp/rclcpp/executor.hpp:37[m[K,
[8.697s]                  from [01m[K/opt/ros/humble/include/rclcpp/rclcpp/executors/multi_threaded_executor.hpp:25[m[K,
[8.698s]                  from [01m[K/opt/ros/humble/include/rclcpp/rclcpp/executors.hpp:21[m[K,
[8.698s]                  from [01m[K/opt/ros/humble/include/rclcpp/rclcpp/rclcpp.hpp:155[m[K,
[8.698s]                  from [01m[K/home/luuk/turtle3_control/src/diff_node.cpp:3[m[K:
[8.698s] [01m[K/home/luuk/turtle3_control/src/diff_node.cpp:[m[K In member function â€˜[01m[Kvoid DiffNode::topic_callback(sensor_msgs::msg::Joy_<std::allocator<void> >::SharedPtr) const[m[Kâ€™:
[8.698s] [01m[K/home/luuk/turtle3_control/src/diff_node.cpp:20:61:[m[K [01;31m[Kerror: [m[Kâ€˜[01m[Kusing element_type = struct sensor_msgs::msg::Joy_<std::allocator<void> >[m[Kâ€™ {aka â€˜[01m[Kstruct sensor_msgs::msg::Joy_<std::allocator<void> >[m[Kâ€™} has no member named â€˜[01m[Kdata[m[Kâ€™
[8.699s]    20 |       RCLCPP_INFO(this->get_logger(), "I heard: '%s'", msg->[01;31m[Kdata[m[K.c_str());
[8.699s]       |                                                             [01;31m[K^~~~[m[K
[8.699s] [01m[K/home/luuk/turtle3_control/src/diff_node.cpp:[m[K In function â€˜[01m[Kint main(int, char**)[m[Kâ€™:
[8.699s] [01m[K/home/luuk/turtle3_control/src/diff_node.cpp:28:33:[m[K [01;31m[Kerror: [m[Kâ€˜[01m[KMinimalSubscriber[m[Kâ€™ was not declared in this scope
[8.700s]    28 |   rclcpp::spin(std::make_shared<[01;31m[KMinimalSubscriber[m[K>());
[8.700s]       |                                 [01;31m[K^~~~~~~~~~~~~~~~~[m[K
[8.700s] [01m[K/home/luuk/turtle3_control/src/diff_node.cpp:28:51:[m[K [01;31m[Kerror: [m[Kno matching function for call to â€˜[01m[Kmake_shared<<expression error> >()[m[Kâ€™
[8.700s]    28 |   rclcpp::spin([01;31m[Kstd::make_shared<MinimalSubscriber>()[m[K);
[8.701s]       |                [01;31m[K~~~~~~~~~~~~~~~~~~~~~~~~~~~~~~~~~~~^~[m[K
[8.701s] In file included from [01m[K/usr/include/c++/11/memory:77[m[K,
[8.701s]                  from [01m[K/home/luuk/turtle3_control/src/diff_node.cpp:1[m[K:
[8.701s] [01m[K/usr/include/c++/11/bits/shared_ptr.h:875:5:[m[K [01;36m[Knote: [m[Kcandidate: â€˜[01m[Ktemplate<class _Tp, class ... _Args> std::shared_ptr<_Tp> std::make_shared(_Args&& ...)[m[Kâ€™
[8.701s]   875 |     [01;36m[Kmake_shared[m[K(_Args&&... __args)
[8.702s]       |     [01;36m[K^~~~~~~~~~~[m[K
[8.702s] [01m[K/usr/include/c++/11/bits/shared_ptr.h:875:5:[m[K [01;36m[Knote: [m[K  template argument deduction/substitution failed:
[8.702s] [01m[K/home/luuk/turtle3_control/src/diff_node.cpp:28:51:[m[K [01;31m[Kerror: [m[Ktemplate argument 1 is invalid
[8.702s]    28 |   rclcpp::spin([01;31m[Kstd::make_shared<MinimalSubscriber>()[m[K);
[8.703s]       |                [01;31m[K~~~~~~~~~~~~~~~~~~~~~~~~~~~~~~~~~~~^~[m[K
[9.851s] gmake[2]: *** [CMakeFiles/diff_node.dir/build.make:76: CMakeFiles/diff_node.dir/src/diff_node.cpp.o] Error 1
[9.851s] gmake[1]: *** [CMakeFiles/Makefile2:137: CMakeFiles/diff_node.dir/all] Error 2
[9.852s] gmake: *** [Makefile:146: all] Error 2
[9.857s] Invoked command in '/home/luuk/turtle3_control/build/turtle3_control' returned '2': CMAKE_PREFIX_PATH=/opt/ros/humble /usr/bin/cmake --build /home/luuk/turtle3_control/build/turtle3_control -- -j8 -l8
