[0.043s] Invoking command in '/home/luuk/turtle3_control/build/turtle3_control': CMAKE_PREFIX_PATH=/opt/ros/humble /usr/bin/cmake --build /home/luuk/turtle3_control/build/turtle3_control -- -j8 -l8
[0.153s] [35m[1mConsolidate compiler generated dependencies of target diff_node[0m
[0.208s] [ 50%] [32mBuilding CXX object CMakeFiles/diff_node.dir/src/diff_node.cpp.o[0m
[6.421s] [01m[K/home/luuk/turtle3_control/src/diff_node.cpp:[m[K In constructor â€˜[01m[KDiffNode::DiffNode()[m[Kâ€™:
[6.421s] [01m[K/home/luuk/turtle3_control/src/diff_node.cpp:13:64:[m[K [01;31m[Kerror: [m[Kâ€˜[01m[KString[m[Kâ€™ is not a member of â€˜[01m[Kstd_msgs::msg[m[Kâ€™
[6.421s]    13 |       subscription_ = this->create_subscription<std_msgs::msg::[01;31m[KString[m[K>(
[6.422s]       |                                                                [01;31m[K^~~~~~[m[K
[6.424s] [01m[K/home/luuk/turtle3_control/src/diff_node.cpp:13:71:[m[K [01;31m[Kerror: [m[Kno matching function for call to â€˜[01m[KDiffNode::create_subscription<<expression error> >(const char [4], int, std::_Bind_helper<false, void (DiffNode::*)(std::shared_ptr<sensor_msgs::msg::Joy_<std::allocator<void> > >) const, DiffNode*, const std::_Placeholder<1>&>::type)[m[Kâ€™
[6.424s]    13 |       subscription_ = [01;31m[Kthis->create_subscription<std_msgs::msg::String>([m[K
[6.425s]       |                       [01;31m[K~~~~~~~~~~~~~~~~~~~~~~~~~~~~~~~~~~~~~~~~~~~~~~~~^[m[K
[6.425s]    14 | [01;31m[K      "joy", 10, std::bind(&DiffNode::topic_callback, this, _1))[m[K;
[6.425s]       |       [01;31m[K~~~~~~~~~~~~~~~~~~~~~~~~~~~~~~~~~~~~~~~~~~~~~~~~~~~~~~~~~~[m[K       
[6.425s] In file included from [01m[K/opt/ros/humble/include/rclcpp/rclcpp/executors/single_threaded_executor.hpp:28[m[K,
[6.426s]                  from [01m[K/opt/ros/humble/include/rclcpp/rclcpp/executors.hpp:22[m[K,
[6.426s]                  from [01m[K/opt/ros/humble/include/rclcpp/rclcpp/rclcpp.hpp:155[m[K,
[6.426s]                  from [01m[K/home/luuk/turtle3_control/src/diff_node.cpp:3[m[K:
[6.426s] [01m[K/opt/ros/humble/include/rclcpp/rclcpp/node.hpp:219:3:[m[K [01;36m[Knote: [m[Kcandidate: â€˜[01m[Ktemplate<class MessageT, class CallbackT, class AllocatorT, class SubscriptionT, class MessageMemoryStrategyT> std::shared_ptr<ROSMessageT> rclcpp::Node::create_subscription(const string&, const rclcpp::QoS&, CallbackT&&, const rclcpp::SubscriptionOptionsWithAllocator<AllocatorT>&, typename MessageMemoryStrategyT::SharedPtr)[m[Kâ€™
[6.427s]   219 |   [01;36m[Kcreate_subscription[m[K(
[6.427s]       |   [01;36m[K^~~~~~~~~~~~~~~~~~~[m[K
[6.427s] [01m[K/opt/ros/humble/include/rclcpp/rclcpp/node.hpp:219:3:[m[K [01;36m[Knote: [m[K  template argument deduction/substitution failed:
[6.430s] [01m[K/home/luuk/turtle3_control/src/diff_node.cpp:13:71:[m[K [01;31m[Kerror: [m[Ktemplate argument 1 is invalid
[6.430s]    13 |       subscription_ = [01;31m[Kthis->create_subscription<std_msgs::msg::String>([m[K
[6.430s]       |                       [01;31m[K~~~~~~~~~~~~~~~~~~~~~~~~~~~~~~~~~~~~~~~~~~~~~~~~^[m[K
[6.430s]    14 | [01;31m[K      "joy", 10, std::bind(&DiffNode::topic_callback, this, _1))[m[K;
[6.440s]       |       [01;31m[K~~~~~~~~~~~~~~~~~~~~~~~~~~~~~~~~~~~~~~~~~~~~~~~~~~~~~~~~~~[m[K       
[6.442s] In file included from [01m[K/opt/ros/humble/include/rclcpp/rclcpp/logging.hpp:24[m[K,
[6.443s]                  from [01m[K/opt/ros/humble/include/rclcpp/rclcpp/client.hpp:40[m[K,
[6.443s]                  from [01m[K/opt/ros/humble/include/rclcpp/rclcpp/callback_group.hpp:24[m[K,
[6.443s]                  from [01m[K/opt/ros/humble/include/rclcpp/rclcpp/any_executable.hpp:20[m[K,
[6.443s]                  from [01m[K/opt/ros/humble/include/rclcpp/rclcpp/memory_strategy.hpp:25[m[K,
[6.444s]                  from [01m[K/opt/ros/humble/include/rclcpp/rclcpp/memory_strategies.hpp:18[m[K,
[6.444s]                  from [01m[K/opt/ros/humble/include/rclcpp/rclcpp/executor_options.hpp:20[m[K,
[6.444s]                  from [01m[K/opt/ros/humble/include/rclcpp/rclcpp/executor.hpp:37[m[K,
[6.445s]                  from [01m[K/opt/ros/humble/include/rclcpp/rclcpp/executors/multi_threaded_executor.hpp:25[m[K,
[6.445s]                  from [01m[K/opt/ros/humble/include/rclcpp/rclcpp/executors.hpp:21[m[K,
[6.445s]                  from [01m[K/opt/ros/humble/include/rclcpp/rclcpp/rclcpp.hpp:155[m[K,
[6.445s]                  from [01m[K/home/luuk/turtle3_control/src/diff_node.cpp:3[m[K:
[6.446s] [01m[K/home/luuk/turtle3_control/src/diff_node.cpp:[m[K In member function â€˜[01m[Kvoid DiffNode::topic_callback(sensor_msgs::msg::Joy_<std::allocator<void> >::SharedPtr) const[m[Kâ€™:
[6.454s] [01m[K/home/luuk/turtle3_control/src/diff_node.cpp:20:61:[m[K [01;31m[Kerror: [m[Kâ€˜[01m[Kusing element_type = struct sensor_msgs::msg::Joy_<std::allocator<void> >[m[Kâ€™ {aka â€˜[01m[Kstruct sensor_msgs::msg::Joy_<std::allocator<void> >[m[Kâ€™} has no member named â€˜[01m[Kdata[m[Kâ€™
[6.454s]    20 |       RCLCPP_INFO(this->get_logger(), "I heard: '%s'", msg->[01;31m[Kdata[m[K.c_str());
[6.454s]       |                                                             [01;31m[K^~~~[m[K
[6.455s] [01m[K/home/luuk/turtle3_control/src/diff_node.cpp:[m[K In function â€˜[01m[Kint main(int, char**)[m[Kâ€™:
[6.455s] [01m[K/home/luuk/turtle3_control/src/diff_node.cpp:28:33:[m[K [01;31m[Kerror: [m[Kâ€˜[01m[KMinimalSubscriber[m[Kâ€™ was not declared in this scope
[6.455s]    28 |   rclcpp::spin(std::make_shared<[01;31m[KMinimalSubscriber[m[K>());
[6.455s]       |                                 [01;31m[K^~~~~~~~~~~~~~~~~[m[K
[6.456s] [01m[K/home/luuk/turtle3_control/src/diff_node.cpp:28:51:[m[K [01;31m[Kerror: [m[Kno matching function for call to â€˜[01m[Kmake_shared<<expression error> >()[m[Kâ€™
[6.456s]    28 |   rclcpp::spin([01;31m[Kstd::make_shared<MinimalSubscriber>()[m[K);
[6.456s]       |                [01;31m[K~~~~~~~~~~~~~~~~~~~~~~~~~~~~~~~~~~~^~[m[K
[6.456s] In file included from [01m[K/usr/include/c++/11/memory:77[m[K,
[6.457s]                  from [01m[K/home/luuk/turtle3_control/src/diff_node.cpp:1[m[K:
[6.457s] [01m[K/usr/include/c++/11/bits/shared_ptr.h:875:5:[m[K [01;36m[Knote: [m[Kcandidate: â€˜[01m[Ktemplate<class _Tp, class ... _Args> std::shared_ptr<_Tp> std::make_shared(_Args&& ...)[m[Kâ€™
[6.457s]   875 |     [01;36m[Kmake_shared[m[K(_Args&&... __args)
[6.457s]       |     [01;36m[K^~~~~~~~~~~[m[K
[6.458s] [01m[K/usr/include/c++/11/bits/shared_ptr.h:875:5:[m[K [01;36m[Knote: [m[K  template argument deduction/substitution failed:
[6.458s] [01m[K/home/luuk/turtle3_control/src/diff_node.cpp:28:51:[m[K [01;31m[Kerror: [m[Ktemplate argument 1 is invalid
[6.458s]    28 |   rclcpp::spin([01;31m[Kstd::make_shared<MinimalSubscriber>()[m[K);
[6.458s]       |                [01;31m[K~~~~~~~~~~~~~~~~~~~~~~~~~~~~~~~~~~~^~[m[K
[7.596s] gmake[2]: *** [CMakeFiles/diff_node.dir/build.make:76: CMakeFiles/diff_node.dir/src/diff_node.cpp.o] Error 1
[7.597s] gmake[1]: *** [CMakeFiles/Makefile2:137: CMakeFiles/diff_node.dir/all] Error 2
[7.597s] gmake: *** [Makefile:146: all] Error 2
[7.604s] Invoked command in '/home/luuk/turtle3_control/build/turtle3_control' returned '2': CMAKE_PREFIX_PATH=/opt/ros/humble /usr/bin/cmake --build /home/luuk/turtle3_control/build/turtle3_control -- -j8 -l8
