[01m[K/home/luuk/turtle3_control/src/diff_node.cpp:18:46:[m[K [01;31m[Kerror: [m[Kâ€˜[01m[KString[m[Kâ€™ in namespace â€˜[01m[Kstd_msgs::msg[m[Kâ€™ does not name a type
   18 |     void topic_callback(const std_msgs::msg::[01;31m[KString[m[K::SharedPtr msg) const
      |                                              [01;31m[K^~~~~~[m[K
[01m[K/home/luuk/turtle3_control/src/diff_node.cpp:18:64:[m[K [01;31m[Kerror: [m[Kexpected unqualified-id before â€˜[01m[Kmsg[m[Kâ€™
   18 |     void topic_callback(const std_msgs::msg::String::SharedPtr [01;31m[Kmsg[m[K) const
      |                                                                [01;31m[K^~~[m[K
[01m[K/home/luuk/turtle3_control/src/diff_node.cpp:18:63:[m[K [01;31m[Kerror: [m[Kexpected â€˜[01m[K)[m[Kâ€™ before â€˜[01m[Kmsg[m[Kâ€™
   18 |     void topic_callback[34m[K([m[Kconst std_msgs::msg::String::SharedPtr[01;31m[K [m[K[32m[Kmsg[m[K) const
      |                        [34m[K~[m[K                                      [01;31m[K^[m[K[32m[K~~~[m[K
      |                                                               [32m[K)[m[K
[01m[K/home/luuk/turtle3_control/src/diff_node.cpp:18:54:[m[K [01;31m[Kerror: [m[Kexpected â€˜[01m[K;[m[Kâ€™ at end of member declaration
   18 |     void topic_callback(const std_msgs::msg::String::[01;31m[KSharedPtr[m[K msg) const
      |                                                      [01;31m[K^~~~~~~~~[m[K
      |                                                               [32m[K;[m[K
[01m[K/home/luuk/turtle3_control/src/diff_node.cpp:18:64:[m[K [01;31m[Kerror: [m[Kâ€˜[01m[Kmsg[m[Kâ€™ does not name a type
   18 |     void topic_callback(const std_msgs::msg::String::SharedPtr [01;31m[Kmsg[m[K) const
      |                                                                [01;31m[K^~~[m[K
[01m[K/home/luuk/turtle3_control/src/diff_node.cpp:22:41:[m[K [01;31m[Kerror: [m[Kâ€˜[01m[KString[m[Kâ€™ is not a member of â€˜[01m[Kstd_msgs::msg[m[Kâ€™
   22 |     rclcpp::Subscription<std_msgs::msg::[01;31m[KString[m[K>::SharedPtr subscription_;
      |                                         [01;31m[K^~~~~~[m[K
[01m[K/home/luuk/turtle3_control/src/diff_node.cpp:22:47:[m[K [01;31m[Kerror: [m[Ktemplate argument 1 is invalid
   22 |     rclcpp::Subscription<std_msgs::msg::String[01;31m[K>[m[K::SharedPtr subscription_;
      |                                               [01;31m[K^[m[K
[01m[K/home/luuk/turtle3_control/src/diff_node.cpp:22:47:[m[K [01;31m[Kerror: [m[Ktemplate argument 3 is invalid
[01m[K/home/luuk/turtle3_control/src/diff_node.cpp:22:47:[m[K [01;31m[Kerror: [m[Ktemplate argument 4 is invalid
[01m[K/home/luuk/turtle3_control/src/diff_node.cpp:22:47:[m[K [01;31m[Kerror: [m[Ktemplate argument 5 is invalid
[01m[K/home/luuk/turtle3_control/src/diff_node.cpp:22:50:[m[K [01;31m[Kerror: [m[Kexpected â€˜[01m[K;[m[Kâ€™ at end of member declaration
   22 |     rclcpp::Subscription<std_msgs::msg::String>::[01;31m[KSharedPtr[m[K subscription_;
      |                                                  [01;31m[K^~~~~~~~~[m[K
      |                                                           [32m[K;[m[K
[01m[K/home/luuk/turtle3_control/src/diff_node.cpp:22:60:[m[K [01;31m[Kerror: [m[Kâ€˜[01m[Ksubscription_[m[Kâ€™ does not name a type; did you mean â€˜[01m[Krmw_subscription_t[m[Kâ€™?
   22 |     rclcpp::Subscription<std_msgs::msg::String>::SharedPtr [01;31m[Ksubscription_[m[K;
      |                                                            [01;31m[K^~~~~~~~~~~~~[m[K
      |                                                            [32m[Krmw_subscription_t[m[K
[01m[K/home/luuk/turtle3_control/src/diff_node.cpp:[m[K In constructor â€˜[01m[KDiffNode::DiffNode()[m[Kâ€™:
[01m[K/home/luuk/turtle3_control/src/diff_node.cpp:13:7:[m[K [01;31m[Kerror: [m[Kâ€˜[01m[Ksubscription_[m[Kâ€™ was not declared in this scope; did you mean â€˜[01m[Krmw_subscription_t[m[Kâ€™?
   13 |       [01;31m[Ksubscription_[m[K = this->create_subscription<std_msgs::msg::String>(
      |       [01;31m[K^~~~~~~~~~~~~[m[K
      |       [32m[Krmw_subscription_t[m[K
[01m[K/home/luuk/turtle3_control/src/diff_node.cpp:13:64:[m[K [01;31m[Kerror: [m[Kâ€˜[01m[KString[m[Kâ€™ is not a member of â€˜[01m[Kstd_msgs::msg[m[Kâ€™
   13 |       subscription_ = this->create_subscription<std_msgs::msg::[01;31m[KString[m[K>(
      |                                                                [01;31m[K^~~~~~[m[K
[01m[K/home/luuk/turtle3_control/src/diff_node.cpp:14:31:[m[K [01;31m[Kerror: [m[Kâ€˜[01m[KMinimalSubscriber[m[Kâ€™ has not been declared
   14 |       "topic", 10, std::bind(&[01;31m[KMinimalSubscriber[m[K::topic_callback, this, _1));
      |                               [01;31m[K^~~~~~~~~~~~~~~~~[m[K
[01m[K/home/luuk/turtle3_control/src/diff_node.cpp:[m[K In function â€˜[01m[Kint main(int, char**)[m[Kâ€™:
[01m[K/home/luuk/turtle3_control/src/diff_node.cpp:28:33:[m[K [01;31m[Kerror: [m[Kâ€˜[01m[KMinimalSubscriber[m[Kâ€™ was not declared in this scope
   28 |   rclcpp::spin(std::make_shared<[01;31m[KMinimalSubscriber[m[K>());
      |                                 [01;31m[K^~~~~~~~~~~~~~~~~[m[K
[01m[K/home/luuk/turtle3_control/src/diff_node.cpp:28:51:[m[K [01;31m[Kerror: [m[Kno matching function for call to â€˜[01m[Kmake_shared<<expression error> >()[m[Kâ€™
   28 |   rclcpp::spin([01;31m[Kstd::make_shared<MinimalSubscriber>()[m[K);
      |                [01;31m[K~~~~~~~~~~~~~~~~~~~~~~~~~~~~~~~~~~~^~[m[K
In file included from [01m[K/usr/include/c++/11/memory:77[m[K,
                 from [01m[K/home/luuk/turtle3_control/src/diff_node.cpp:1[m[K:
[01m[K/usr/include/c++/11/bits/shared_ptr.h:875:5:[m[K [01;36m[Knote: [m[Kcandidate: â€˜[01m[Ktemplate<class _Tp, class ... _Args> std::shared_ptr<_Tp> std::make_shared(_Args&& ...)[m[Kâ€™
  875 |     [01;36m[Kmake_shared[m[K(_Args&&... __args)
      |     [01;36m[K^~~~~~~~~~~[m[K
[01m[K/usr/include/c++/11/bits/shared_ptr.h:875:5:[m[K [01;36m[Knote: [m[K  template argument deduction/substitution failed:
[01m[K/home/luuk/turtle3_control/src/diff_node.cpp:28:51:[m[K [01;31m[Kerror: [m[Ktemplate argument 1 is invalid
   28 |   rclcpp::spin([01;31m[Kstd::make_shared<MinimalSubscriber>()[m[K);
      |                [01;31m[K~~~~~~~~~~~~~~~~~~~~~~~~~~~~~~~~~~~^~[m[K
gmake[2]: *** [CMakeFiles/diff_node.dir/build.make:76: CMakeFiles/diff_node.dir/src/diff_node.cpp.o] Error 1
gmake[1]: *** [CMakeFiles/Makefile2:137: CMakeFiles/diff_node.dir/all] Error 2
gmake: *** [Makefile:146: all] Error 2
