[0.036s] Invoking command in '/home/luuk/turtle3_control/build/turtle3_control': CMAKE_PREFIX_PATH=/opt/ros/humble /usr/bin/cmake --build /home/luuk/turtle3_control/build/turtle3_control -- -j8 -l8
[0.107s] -- Found ament_cmake: 1.3.5 (/opt/ros/humble/share/ament_cmake/cmake)
[0.435s] -- Found rclcpp: 16.0.5 (/opt/ros/humble/share/rclcpp/cmake)
[0.504s] -- Found rosidl_generator_c: 3.1.5 (/opt/ros/humble/share/rosidl_generator_c/cmake)
[0.511s] -- Found rosidl_adapter: 3.1.5 (/opt/ros/humble/share/rosidl_adapter/cmake)
[0.527s] -- Found rosidl_generator_cpp: 3.1.5 (/opt/ros/humble/share/rosidl_generator_cpp/cmake)
[0.560s] -- Using all available rosidl_typesupport_c: rosidl_typesupport_fastrtps_c;rosidl_typesupport_introspection_c
[0.599s] -- Using all available rosidl_typesupport_cpp: rosidl_typesupport_fastrtps_cpp;rosidl_typesupport_introspection_cpp
[0.738s] -- Found rmw_implementation_cmake: 6.1.1 (/opt/ros/humble/share/rmw_implementation_cmake/cmake)
[0.742s] -- Found rmw_fastrtps_cpp: 6.2.3 (/opt/ros/humble/share/rmw_fastrtps_cpp/cmake)
[1.024s] -- Using RMW implementation 'rmw_fastrtps_cpp' as default
[1.386s] -- Found sensor_msgs: 4.2.3 (/opt/ros/humble/share/sensor_msgs/cmake)
[1.819s] -- Configuring done
[1.855s] -- Generating done
[1.856s] -- Build files have been written to: /home/luuk/turtle3_control/build/turtle3_control
[1.918s] [35m[1mConsolidate compiler generated dependencies of target diff_node[0m
[1.973s] [ 50%] [32mBuilding CXX object CMakeFiles/diff_node.dir/src/diff_node.cpp.o[0m
[8.553s] [01m[K/home/luuk/turtle3_control/src/diff_node.cpp:18:46:[m[K [01;31m[Kerror: [m[Kâ€˜[01m[KString[m[Kâ€™ in namespace â€˜[01m[Kstd_msgs::msg[m[Kâ€™ does not name a type
[8.554s]    18 |     void topic_callback(const std_msgs::msg::[01;31m[KString[m[K::SharedPtr msg) const
[8.556s]       |                                              [01;31m[K^~~~~~[m[K
[8.557s] [01m[K/home/luuk/turtle3_control/src/diff_node.cpp:18:64:[m[K [01;31m[Kerror: [m[Kexpected unqualified-id before â€˜[01m[Kmsg[m[Kâ€™
[8.558s]    18 |     void topic_callback(const std_msgs::msg::String::SharedPtr [01;31m[Kmsg[m[K) const
[8.559s]       |                                                                [01;31m[K^~~[m[K
[8.560s] [01m[K/home/luuk/turtle3_control/src/diff_node.cpp:18:63:[m[K [01;31m[Kerror: [m[Kexpected â€˜[01m[K)[m[Kâ€™ before â€˜[01m[Kmsg[m[Kâ€™
[8.561s]    18 |     void topic_callback[34m[K([m[Kconst std_msgs::msg::String::SharedPtr[01;31m[K [m[K[32m[Kmsg[m[K) const
[8.562s]       |                        [34m[K~[m[K                                      [01;31m[K^[m[K[32m[K~~~[m[K
[8.563s]       |                                                               [32m[K)[m[K
[8.565s] [01m[K/home/luuk/turtle3_control/src/diff_node.cpp:18:54:[m[K [01;31m[Kerror: [m[Kexpected â€˜[01m[K;[m[Kâ€™ at end of member declaration
[8.566s]    18 |     void topic_callback(const std_msgs::msg::String::[01;31m[KSharedPtr[m[K msg) const
[8.567s]       |                                                      [01;31m[K^~~~~~~~~[m[K
[8.568s]       |                                                               [32m[K;[m[K
[8.570s] [01m[K/home/luuk/turtle3_control/src/diff_node.cpp:18:64:[m[K [01;31m[Kerror: [m[Kâ€˜[01m[Kmsg[m[Kâ€™ does not name a type
[8.571s]    18 |     void topic_callback(const std_msgs::msg::String::SharedPtr [01;31m[Kmsg[m[K) const
[8.572s]       |                                                                [01;31m[K^~~[m[K
[8.573s] [01m[K/home/luuk/turtle3_control/src/diff_node.cpp:22:41:[m[K [01;31m[Kerror: [m[Kâ€˜[01m[KString[m[Kâ€™ is not a member of â€˜[01m[Kstd_msgs::msg[m[Kâ€™
[8.574s]    22 |     rclcpp::Subscription<std_msgs::msg::[01;31m[KString[m[K>::SharedPtr subscription_;
[8.575s]       |                                         [01;31m[K^~~~~~[m[K
[8.576s] [01m[K/home/luuk/turtle3_control/src/diff_node.cpp:22:47:[m[K [01;31m[Kerror: [m[Ktemplate argument 1 is invalid
[8.577s]    22 |     rclcpp::Subscription<std_msgs::msg::String[01;31m[K>[m[K::SharedPtr subscription_;
[8.578s]       |                                               [01;31m[K^[m[K
[8.579s] [01m[K/home/luuk/turtle3_control/src/diff_node.cpp:22:47:[m[K [01;31m[Kerror: [m[Ktemplate argument 3 is invalid
[8.580s] [01m[K/home/luuk/turtle3_control/src/diff_node.cpp:22:47:[m[K [01;31m[Kerror: [m[Ktemplate argument 4 is invalid
[8.581s] [01m[K/home/luuk/turtle3_control/src/diff_node.cpp:22:47:[m[K [01;31m[Kerror: [m[Ktemplate argument 5 is invalid
[8.583s] [01m[K/home/luuk/turtle3_control/src/diff_node.cpp:22:50:[m[K [01;31m[Kerror: [m[Kexpected â€˜[01m[K;[m[Kâ€™ at end of member declaration
[8.584s]    22 |     rclcpp::Subscription<std_msgs::msg::String>::[01;31m[KSharedPtr[m[K subscription_;
[8.586s]       |                                                  [01;31m[K^~~~~~~~~[m[K
[8.587s]       |                                                           [32m[K;[m[K
[8.588s] [01m[K/home/luuk/turtle3_control/src/diff_node.cpp:22:60:[m[K [01;31m[Kerror: [m[Kâ€˜[01m[Ksubscription_[m[Kâ€™ does not name a type; did you mean â€˜[01m[Krmw_subscription_t[m[Kâ€™?
[8.589s]    22 |     rclcpp::Subscription<std_msgs::msg::String>::SharedPtr [01;31m[Ksubscription_[m[K;
[8.590s]       |                                                            [01;31m[K^~~~~~~~~~~~~[m[K
[8.591s]       |                                                            [32m[Krmw_subscription_t[m[K
[8.592s] [01m[K/home/luuk/turtle3_control/src/diff_node.cpp:[m[K In constructor â€˜[01m[KDiffNode::DiffNode()[m[Kâ€™:
[8.593s] [01m[K/home/luuk/turtle3_control/src/diff_node.cpp:13:7:[m[K [01;31m[Kerror: [m[Kâ€˜[01m[Ksubscription_[m[Kâ€™ was not declared in this scope; did you mean â€˜[01m[Krmw_subscription_t[m[Kâ€™?
[8.594s]    13 |       [01;31m[Ksubscription_[m[K = this->create_subscription<std_msgs::msg::String>(
[8.595s]       |       [01;31m[K^~~~~~~~~~~~~[m[K
[8.596s]       |       [32m[Krmw_subscription_t[m[K
[8.597s] [01m[K/home/luuk/turtle3_control/src/diff_node.cpp:13:64:[m[K [01;31m[Kerror: [m[Kâ€˜[01m[KString[m[Kâ€™ is not a member of â€˜[01m[Kstd_msgs::msg[m[Kâ€™
[8.598s]    13 |       subscription_ = this->create_subscription<std_msgs::msg::[01;31m[KString[m[K>(
[8.600s]       |                                                                [01;31m[K^~~~~~[m[K
[8.601s] [01m[K/home/luuk/turtle3_control/src/diff_node.cpp:14:31:[m[K [01;31m[Kerror: [m[Kâ€˜[01m[KMinimalSubscriber[m[Kâ€™ has not been declared
[8.602s]    14 |       "topic", 10, std::bind(&[01;31m[KMinimalSubscriber[m[K::topic_callback, this, _1));
[8.603s]       |                               [01;31m[K^~~~~~~~~~~~~~~~~[m[K
[8.604s] [01m[K/home/luuk/turtle3_control/src/diff_node.cpp:[m[K In function â€˜[01m[Kint main(int, char**)[m[Kâ€™:
[8.605s] [01m[K/home/luuk/turtle3_control/src/diff_node.cpp:28:33:[m[K [01;31m[Kerror: [m[Kâ€˜[01m[KMinimalSubscriber[m[Kâ€™ was not declared in this scope
[8.605s]    28 |   rclcpp::spin(std::make_shared<[01;31m[KMinimalSubscriber[m[K>());
[8.606s]       |                                 [01;31m[K^~~~~~~~~~~~~~~~~[m[K
[8.607s] [01m[K/home/luuk/turtle3_control/src/diff_node.cpp:28:51:[m[K [01;31m[Kerror: [m[Kno matching function for call to â€˜[01m[Kmake_shared<<expression error> >()[m[Kâ€™
[8.607s]    28 |   rclcpp::spin([01;31m[Kstd::make_shared<MinimalSubscriber>()[m[K);
[8.608s]       |                [01;31m[K~~~~~~~~~~~~~~~~~~~~~~~~~~~~~~~~~~~^~[m[K
[8.609s] In file included from [01m[K/usr/include/c++/11/memory:77[m[K,
[8.609s]                  from [01m[K/home/luuk/turtle3_control/src/diff_node.cpp:1[m[K:
[8.610s] [01m[K/usr/include/c++/11/bits/shared_ptr.h:875:5:[m[K [01;36m[Knote: [m[Kcandidate: â€˜[01m[Ktemplate<class _Tp, class ... _Args> std::shared_ptr<_Tp> std::make_shared(_Args&& ...)[m[Kâ€™
[8.610s]   875 |     [01;36m[Kmake_shared[m[K(_Args&&... __args)
[8.611s]       |     [01;36m[K^~~~~~~~~~~[m[K
[8.612s] [01m[K/usr/include/c++/11/bits/shared_ptr.h:875:5:[m[K [01;36m[Knote: [m[K  template argument deduction/substitution failed:
[8.612s] [01m[K/home/luuk/turtle3_control/src/diff_node.cpp:28:51:[m[K [01;31m[Kerror: [m[Ktemplate argument 1 is invalid
[8.613s]    28 |   rclcpp::spin([01;31m[Kstd::make_shared<MinimalSubscriber>()[m[K);
[8.614s]       |                [01;31m[K~~~~~~~~~~~~~~~~~~~~~~~~~~~~~~~~~~~^~[m[K
[9.729s] gmake[2]: *** [CMakeFiles/diff_node.dir/build.make:76: CMakeFiles/diff_node.dir/src/diff_node.cpp.o] Error 1
[9.730s] gmake[1]: *** [CMakeFiles/Makefile2:137: CMakeFiles/diff_node.dir/all] Error 2
[9.731s] gmake: *** [Makefile:146: all] Error 2
[9.736s] Invoked command in '/home/luuk/turtle3_control/build/turtle3_control' returned '2': CMAKE_PREFIX_PATH=/opt/ros/humble /usr/bin/cmake --build /home/luuk/turtle3_control/build/turtle3_control -- -j8 -l8
