-- The C compiler identification is GNU 11.4.0
-- The CXX compiler identification is GNU 11.4.0
-- Detecting C compiler ABI info
-- Detecting C compiler ABI info - done
-- Check for working C compiler: /usr/bin/cc - skipped
-- Detecting C compile features
-- Detecting C compile features - done
-- Detecting CXX compiler ABI info
-- Detecting CXX compiler ABI info - done
-- Check for working CXX compiler: /usr/bin/c++ - skipped
-- Detecting CXX compile features
-- Detecting CXX compile features - done
-- Found ament_cmake: 1.3.5 (/opt/ros/humble/share/ament_cmake/cmake)
-- Found Python3: /usr/bin/python3.10 (found version "3.10.12") found components: Interpreter 
-- Found rclcpp: 16.0.5 (/opt/ros/humble/share/rclcpp/cmake)
-- Found rosidl_generator_c: 3.1.5 (/opt/ros/humble/share/rosidl_generator_c/cmake)
-- Found rosidl_adapter: 3.1.5 (/opt/ros/humble/share/rosidl_adapter/cmake)
-- Found rosidl_generator_cpp: 3.1.5 (/opt/ros/humble/share/rosidl_generator_cpp/cmake)
-- Using all available rosidl_typesupport_c: rosidl_typesupport_fastrtps_c;rosidl_typesupport_introspection_c
-- Using all available rosidl_typesupport_cpp: rosidl_typesupport_fastrtps_cpp;rosidl_typesupport_introspection_cpp
-- Found rmw_implementation_cmake: 6.1.1 (/opt/ros/humble/share/rmw_implementation_cmake/cmake)
-- Found rmw_fastrtps_cpp: 6.2.3 (/opt/ros/humble/share/rmw_fastrtps_cpp/cmake)
-- Found OpenSSL: /usr/lib/x86_64-linux-gnu/libcrypto.so (found version "3.0.2")  
-- Found FastRTPS: /opt/ros/humble/include  
-- Using RMW implementation 'rmw_fastrtps_cpp' as default
-- Looking for pthread.h
-- Looking for pthread.h - found
-- Performing Test CMAKE_HAVE_LIBC_PTHREAD
-- Performing Test CMAKE_HAVE_LIBC_PTHREAD - Success
-- Found Threads: TRUE  
-- Configuring done
-- Generating done
-- Build files have been written to: /home/luuk/turtle3_control/build/turtle3_control
[ 50%] [32mBuilding CXX object CMakeFiles/diff_node.dir/src/diff_node.cpp.o[0m
[01m[K/home/luuk/turtle3_control/src/diff_node.cpp:1:1:[m[K [01;31m[Kerror: [m[Kâ€˜[01m[Kinclude[m[Kâ€™ does not name a type
    1 | [01;31m[Kinclude[m[K <chrono>
      | [01;31m[K^~~~~~~[m[K
In file included from [01m[K/usr/include/c++/11/bits/move.h:57[m[K,
                 from [01m[K/usr/include/c++/11/bits/stl_function.h:60[m[K,
                 from [01m[K/usr/include/c++/11/functional:49[m[K,
                 from [01m[K/home/luuk/turtle3_control/src/diff_node.cpp:2[m[K:
[01m[K/usr/include/c++/11/type_traits:227:27:[m[K [01;31m[Kerror: [m[Kâ€˜[01m[Ksize_t[m[Kâ€™ has not been declared
  227 |   template <typename _Tp, [01;31m[Ksize_t[m[K = sizeof(_Tp)>
      |                           [01;31m[K^~~~~~[m[K
[01m[K/usr/include/c++/11/type_traits:431:26:[m[K [01;31m[Kerror: [m[Kâ€˜[01m[Kstd::size_t[m[Kâ€™ has not been declared
  431 |   template<typename _Tp, [01;31m[Kstd[m[K::size_t _Size>
      |                          [01;31m[K^~~[m[K
[01m[K/usr/include/c++/11/type_traits:432:25:[m[K [01;31m[Kerror: [m[Kâ€˜[01m[K_Size[m[Kâ€™ was not declared in this scope
  432 |     struct is_array<_Tp[[01;31m[K_Size[m[K]>
      |                         [01;31m[K^~~~~[m[K
[01m[K/usr/include/c++/11/type_traits:432:31:[m[K [01;31m[Kerror: [m[Ktemplate argument 1 is invalid
  432 |     struct is_array<_Tp[_Size][01;31m[K>[m[K
      |                               [01;31m[K^[m[K
[01m[K/usr/include/c++/11/type_traits:537:42:[m[K [01;31m[Kerror: [m[Kâ€˜[01m[Knullptr_t[m[Kâ€™ is not a member of â€˜[01m[Kstd[m[Kâ€™
  537 |     struct __is_null_pointer_helper<std::[01;31m[Knullptr_t[m[K>
      |                                          [01;31m[K^~~~~~~~~[m[K
[01m[K/usr/include/c++/11/type_traits:537:51:[m[K [01;31m[Kerror: [m[Ktemplate argument 1 is invalid
  537 |     struct __is_null_pointer_helper<std::nullptr_t[01;31m[K>[m[K
      |                                                   [01;31m[K^[m[K
[01m[K/usr/include/c++/11/type_traits:1361:37:[m[K [01;31m[Kerror: [m[Kâ€˜[01m[Ksize_t[m[Kâ€™ is not a member of â€˜[01m[Kstd[m[Kâ€™
 1361 |     : public integral_constant<std::[01;31m[Ksize_t[m[K, alignof(_Tp)>
      |                                     [01;31m[K^~~~~~[m[K
[01m[K/usr/include/c++/11/type_traits:1361:57:[m[K [01;31m[Kerror: [m[Ktemplate argument 1 is invalid
 1361 |     : public integral_constant<std::size_t, alignof(_Tp)[01;31m[K>[m[K
      |                                                         [01;31m[K^[m[K
[01m[K/usr/include/c++/11/type_traits:1361:57:[m[K [01;36m[Knote: [m[Kinvalid template non-type parameter
[01m[K/usr/include/c++/11/type_traits:1370:37:[m[K [01;31m[Kerror: [m[Kâ€˜[01m[Ksize_t[m[Kâ€™ is not a member of â€˜[01m[Kstd[m[Kâ€™
 1370 |     : public integral_constant<std::[01;31m[Ksize_t[m[K, 0> { };
      |                                     [01;31m[K^~~~~~[m[K
[01m[K/usr/include/c++/11/type_traits:1370:46:[m[K [01;31m[Kerror: [m[Ktemplate argument 1 is invalid
 1370 |     : public integral_constant<std::size_t, 0[01;31m[K>[m[K { };
      |                                              [01;31m[K^[m[K
[01m[K/usr/include/c++/11/type_traits:1370:46:[m[K [01;36m[Knote: [m[Kinvalid template non-type parameter
[01m[K/usr/include/c++/11/type_traits:1372:26:[m[K [01;31m[Kerror: [m[Kâ€˜[01m[Kstd::size_t[m[Kâ€™ has not been declared
 1372 |   template<typename _Tp, [01;31m[Kstd[m[K::size_t _Size>
      |                          [01;31m[K^~~[m[K
[01m[K/usr/include/c++/11/type_traits:1373:21:[m[K [01;31m[Kerror: [m[Kâ€˜[01m[K_Size[m[Kâ€™ was not declared in this scope
 1373 |     struct rank<_Tp[[01;31m[K_Size[m[K]>
      |                     [01;31m[K^~~~~[m[K
[01m[K/usr/include/c++/11/type_traits:1373:27:[m[K [01;31m[Kerror: [m[Ktemplate argument 1 is invalid
 1373 |     struct rank<_Tp[_Size][01;31m[K>[m[K
      |                           [01;31m[K^[m[K
[01m[K/usr/include/c++/11/type_traits:1374:37:[m[K [01;31m[Kerror: [m[Kâ€˜[01m[Ksize_t[m[Kâ€™ is not a member of â€˜[01m[Kstd[m[Kâ€™
 1374 |     : public integral_constant<std::[01;31m[Ksize_t[m[K, 1 + rank<_Tp>::value> { };
      |                                     [01;31m[K^~~~~~[m[K
[01m[K/usr/include/c++/11/type_traits:1374:65:[m[K [01;31m[Kerror: [m[Ktemplate argument 1 is invalid
 1374 |     : public integral_constant<std::size_t, 1 + rank<_Tp>::value[01;31m[K>[m[K { };
      |                                                                 [01;31m[K^[m[K
[01m[K/usr/include/c++/11/type_traits:1374:65:[m[K [01;36m[Knote: [m[Kinvalid template non-type parameter
[01m[K/usr/include/c++/11/type_traits:1378:37:[m[K [01;31m[Kerror: [m[Kâ€˜[01m[Ksize_t[m[Kâ€™ is not a member of â€˜[01m[Kstd[m[Kâ€™
 1378 |     : public integral_constant<std::[01;31m[Ksize_t[m[K, 1 + rank<_Tp>::value> { };
      |                                     [01;31m[K^~~~~~[m[K
[01m[K/usr/include/c++/11/type_traits:1378:65:[m[K [01;31m[Kerror: [m[Ktemplate argument 1 is invalid
 1378 |     : public integral_constant<std::size_t, 1 + rank<_Tp>::value[01;31m[K>[m[K { };
      |                                                                 [01;31m[K^[m[K
[01m[K/usr/include/c++/11/type_traits:1378:65:[m[K [01;36m[Knote: [m[Kinvalid template non-type parameter
[01m[K/usr/include/c++/11/type_traits:1383:37:[m[K [01;31m[Kerror: [m[Kâ€˜[01m[Ksize_t[m[Kâ€™ is not a member of â€˜[01m[Kstd[m[Kâ€™
 1383 |     : public integral_constant<std::[01;31m[Ksize_t[m[K, 0> { };
      |                                     [01;31m[K^~~~~~[m[K
[01m[K/usr/include/c++/11/type_traits:1383:46:[m[K [01;31m[Kerror: [m[Ktemplate argument 1 is invalid
 1383 |     : public integral_constant<std::size_t, 0[01;31m[K>[m[K { };
      |                                              [01;31m[K^[m[K
[01m[K/usr/include/c++/11/type_traits:1383:46:[m[K [01;36m[Knote: [m[Kinvalid template non-type parameter
[01m[K/usr/include/c++/11/type_traits:1385:42:[m[K [01;31m[Kerror: [m[Kâ€˜[01m[Kstd::size_t[m[Kâ€™ has not been declared
 1385 |   template<typename _Tp, unsigned _Uint, [01;31m[Kstd[m[K::size_t _Size>
      |                                          [01;31m[K^~~[m[K
[01m[K/usr/include/c++/11/type_traits:1386:23:[m[K [01;31m[Kerror: [m[Kâ€˜[01m[K_Size[m[Kâ€™ was not declared in this scope
 1386 |     struct extent<_Tp[[01;31m[K_Size[m[K], _Uint>
      |                       [01;31m[K^~~~~[m[K
[01m[K/usr/include/c++/11/type_traits:1386:36:[m[K [01;31m[Kerror: [m[Ktemplate argument 1 is invalid
 1386 |     struct extent<_Tp[_Size], _Uint[01;31m[K>[m[K
      |                                    [01;31m[K^[m[K
[01m[K/usr/include/c++/11/type_traits:1387:37:[m[K [01;31m[Kerror: [m[Kâ€˜[01m[Ksize_t[m[Kâ€™ is not a member of â€˜[01m[Kstd[m[Kâ€™
 1387 |     : public integral_constant<std::[01;31m[Ksize_t[m[K,
      |                                     [01;31m[K^~~~~~[m[K
[01m[K/usr/include/c++/11/type_traits:1388:45:[m[K [01;31m[Kerror: [m[Kâ€˜[01m[K_Size[m[Kâ€™ was not declared in this scope
 1388 |                                _Uint == 0 ? [01;31m[K_Size[m[K : extent<_Tp,
      |                                             [01;31m[K^~~~~[m[K
[01m[K/usr/include/c++/11/type_traits:1389:77:[m[K [01;31m[Kerror: [m[Ktemplate argument 1 is invalid
 1389 |                                                            _Uint - 1>::value[01;31m[K>[m[K
      |                                                                             [01;31m[K^[m[K
[01m[K/usr/include/c++/11/type_traits:1389:77:[m[K [01;36m[Knote: [m[Kinvalid template non-type parameter
[01m[K/usr/include/c++/11/type_traits:1394:37:[m[K [01;31m[Kerror: [m[Kâ€˜[01m[Ksize_t[m[Kâ€™ is not a member of â€˜[01m[Kstd[m[Kâ€™
 1394 |     : public integral_constant<std::[01;31m[Ksize_t[m[K,
      |                                     [01;31m[K^~~~~~[m[K
[01m[K/usr/include/c++/11/type_traits:1396:73:[m[K [01;31m[Kerror: [m[Ktemplate argument 1 is invalid
 1396 |                                                        _Uint - 1>::value[01;31m[K>[m[K
      |                                                                         [01;31m[K^[m[K
[01m[K/usr/include/c++/11/type_traits:1396:73:[m[K [01;36m[Knote: [m[Kinvalid template non-type parameter
[01m[K/usr/include/c++/11/type_traits:1759:26:[m[K [01;31m[Kerror: [m[Kâ€˜[01m[Ksize_t[m[Kâ€™ does not name a type
 1759 |       { static constexpr [01;31m[Ksize_t[m[K __size = sizeof(_Tp); };
      |                          [01;31m[K^~~~~~[m[K
In file included from [01m[K/usr/include/c++/11/bits/move.h:57[m[K,
                 from [01m[K/usr/include/c++/11/bits/stl_function.h:60[m[K,
                 from [01m[K/usr/include/c++/11/functional:49[m[K,
                 from [01m[K/home/luuk/turtle3_control/src/diff_node.cpp:2[m[K:
[01m[K/usr/include/c++/11/type_traits:1:1:[m[K [01;36m[Knote: [m[Kâ€˜[01m[Ksize_t[m[Kâ€™ is defined in header â€˜[01m[K<cstddef>[m[Kâ€™; did you forget to â€˜[01m[K#include <cstddef>[m[Kâ€™?
  +++ |+[32m[K#include <cstddef>[m[K
    1 | // C++11 <type_traits> -*- C++ -*-
In file included from [01m[K/usr/include/c++/11/bits/move.h:57[m[K,
                 from [01m[K/usr/include/c++/11/bits/stl_function.h:60[m[K,
                 from [01m[K/usr/include/c++/11/functional:49[m[K,
                 from [01m[K/home/luuk/turtle3_control/src/diff_node.cpp:2[m[K:
[01m[K/usr/include/c++/11/type_traits:1761:14:[m[K [01;31m[Kerror: [m[Kâ€˜[01m[Ksize_t[m[Kâ€™ has not been declared
 1761 |     template<[01;31m[Ksize_t[m[K _Sz, typename _Tp, bool = (_Sz <= _Tp::__size)>
      |              [01;31m[K^~~~~~[m[K
[01m[K/usr/include/c++/11/type_traits:1761:48:[m[K [01;31m[Kerror: [m[Kâ€˜[01m[K_Sz[m[Kâ€™ was not declared in this scope
 1761 |     template<size_t _Sz, typename _Tp, bool = ([01;31m[K_Sz[m[K <= _Tp::__size)>
      |                                                [01;31m[K^~~[m[K
[01m[K/usr/include/c++/11/type_traits:1762:14:[m[K [01;31m[Kerror: [m[Kno default argument for â€˜[01m[K_Tp[m[Kâ€™
 1762 |       struct [01;31m[K__select[m[K;
      |              [01;31m[K^~~~~~~~[m[K
[01m[K/usr/include/c++/11/type_traits:1764:14:[m[K [01;31m[Kerror: [m[Kâ€˜[01m[Ksize_t[m[Kâ€™ has not been declared
 1764 |     template<[01;31m[Ksize_t[m[K _Sz, typename _Uint, typename... _UInts>
      |              [01;31m[K^~~~~~[m[K
[01m[K/usr/include/c++/11/type_traits:1765:23:[m[K [01;31m[Kerror: [m[Kâ€˜[01m[K_Sz[m[Kâ€™ was not declared in this scope
 1765 |       struct __select<[01;31m[K_Sz[m[K, _List<_Uint, _UInts...>, true>
      |                       [01;31m[K^~~[m[K
[01m[K/usr/include/c++/11/type_traits:1765:57:[m[K [01;31m[Kerror: [m[Ktemplate argument 1 is invalid
 1765 |       struct __select<_Sz, _List<_Uint, _UInts...>, true[01;31m[K>[m[K
      |                                                         [01;31m[K^[m[K
[01m[K/usr/include/c++/11/type_traits:1768:14:[m[K [01;31m[Kerror: [m[Kâ€˜[01m[Ksize_t[m[Kâ€™ has not been declared
 1768 |     template<[01;31m[Ksize_t[m[K _Sz, typename _Uint, typename... _UInts>
      |              [01;31m[K^~~~~~[m[K
[01m[K/usr/include/c++/11/type_traits:1769:23:[m[K [01;31m[Kerror: [m[Kâ€˜[01m[K_Sz[m[Kâ€™ was not declared in this scope
 1769 |       struct __select<[01;31m[K_Sz[m[K, _List<_Uint, _UInts...>, false>
      |                       [01;31m[K^~~[m[K
[01m[K/usr/include/c++/11/type_traits:1769:58:[m[K [01;31m[Kerror: [m[Ktemplate argument 1 is invalid
 1769 |       struct __select<_Sz, _List<_Uint, _UInts...>, false[01;31m[K>[m[K
      |                                                          [01;31m[K^[m[K
[01m[K/usr/include/c++/11/type_traits:1770:18:[m[K [01;31m[Kerror: [m[Kâ€˜[01m[K_Sz[m[Kâ€™ was not declared in this scope
 1770 |       : __select<[01;31m[K_Sz[m[K, _List<_UInts...>>
      |                  [01;31m[K^~~[m[K
[01m[K/usr/include/c++/11/type_traits:1770:38:[m[K [01;31m[Kerror: [m[Ktemplate argument 1 is invalid
 1770 |       : __select<_Sz, _List<_UInts...[01;31m[K>>[m[K
      |                                      [01;31m[K^~[m[K
[01m[K/usr/include/c++/11/type_traits:1761:60:[m[K [01;31m[Kerror: [m[Kâ€˜[01m[K__size[m[Kâ€™ is not a member of â€˜[01m[Kstd::__make_unsigned_selector_base::_List<unsigned char, short unsigned int, unsigned int, long unsigned int, long long unsigned int>[m[Kâ€™
 1761 |     template<size_t _Sz, typename _Tp, bool = (_Sz <= _Tp::[01;31m[K__size[m[K)>
      |                                                            [01;31m[K^~~~~~[m[K
[01m[K/usr/include/c++/11/type_traits:1783:68:[m[K [01;31m[Kerror: [m[Ktemplate argument 3 is invalid
 1783 |       using __unsigned_type = typename __select<sizeof(_Tp), _UInts[01;31m[K>[m[K::__type;
      |                                                                    [01;31m[K^[m[K
[01m[K/usr/include/c++/11/type_traits:1787:47:[m[K [01;31m[Kerror: [m[Kâ€˜[01m[K__unsigned_type[m[Kâ€™ was not declared in this scope
 1787 |         = typename __match_cv_qualifiers<_Tp, [01;31m[K__unsigned_type[m[K>::__type;
      |                                               [01;31m[K^~~~~~~~~~~~~~~[m[K
[01m[K/usr/include/c++/11/type_traits:1787:62:[m[K [01;31m[Kerror: [m[Ktemplate argument 2 is invalid
 1787 |         = typename __match_cv_qualifiers<_Tp, __unsigned_type[01;31m[K>[m[K::__type;
      |                                                              [01;31m[K^[m[K
[01m[K/usr/include/c++/11/type_traits:1799:68:[m[K [01;31m[Kerror: [m[Kâ€˜[01m[K__type[m[Kâ€™ in â€˜[01m[Kclass std::__make_unsigned_selector<wchar_t, false, true>[m[Kâ€™ does not name a type
 1799 |         = typename __make_unsigned_selector<wchar_t, false, true>::[01;31m[K__type[m[K;
      |                                                                    [01;31m[K^~~~~~[m[K
[01m[K/usr/include/c++/11/type_traits:1816:69:[m[K [01;31m[Kerror: [m[Kâ€˜[01m[K__type[m[Kâ€™ in â€˜[01m[Kclass std::__make_unsigned_selector<char16_t, false, true>[m[Kâ€™ does not name a type
 1816 |         = typename __make_unsigned_selector<char16_t, false, true>::[01;31m[K__type[m[K;
      |                                                                     [01;31m[K^~~~~~[m[K
[01m[K/usr/include/c++/11/type_traits:1823:69:[m[K [01;31m[Kerror: [m[Kâ€˜[01m[K__type[m[Kâ€™ in â€˜[01m[Kclass std::__make_unsigned_selector<char32_t, false, true>[m[Kâ€™ does not name a type
 1823 |         = typename __make_unsigned_selector<char32_t, false, true>::[01;31m[K__type[m[K;
      |                                                                     [01;31m[K^~~~~~[m[K
/usr/include/c++/11/type_traits: In instantiation of â€˜[01m[Kclass std::__make_unsigned_selector<wchar_t, true, false>[m[Kâ€™:
[01m[K/usr/include/c++/11/type_traits:1912:62:[m[K   required from â€˜[01m[Kclass std::__make_signed_selector<wchar_t, false, true>[m[Kâ€™
[01m[K/usr/include/c++/11/type_traits:1927:57:[m[K   required from here
[01m[K/usr/include/c++/11/type_traits:1744:13:[m[K [01;31m[Kerror: [m[Kno type named â€˜[01m[K__type[m[Kâ€™ in â€˜[01m[Kstruct std::__make_unsigned<wchar_t>[m[Kâ€™
 1744 |       using [01;31m[K__unsigned_type[m[K
      |             [01;31m[K^~~~~~~~~~~~~~~[m[K
[01m[K/usr/include/c++/11/type_traits:1748:13:[m[K [01;31m[Kerror: [m[Kno type named â€˜[01m[K__type[m[Kâ€™ in â€˜[01m[Kstruct std::__make_unsigned<wchar_t>[m[Kâ€™
 1748 |       using [01;31m[K__type[m[K
      |             [01;31m[K^~~~~~[m[K
[01m[K/usr/include/c++/11/type_traits:1927:66:[m[K [01;31m[Kerror: [m[Kinvalid combination of multiple type-specifiers
 1927 |         = typename __make_signed_selector<wchar_t, false, true>::[01;31m[K__type[m[K;
      |                                                                  [01;31m[K^~~~~~[m[K
/usr/include/c++/11/type_traits: In instantiation of â€˜[01m[Kclass std::__make_unsigned_selector<char16_t, true, false>[m[Kâ€™:
[01m[K/usr/include/c++/11/type_traits:1912:62:[m[K   required from â€˜[01m[Kclass std::__make_signed_selector<char16_t, false, true>[m[Kâ€™
[01m[K/usr/include/c++/11/type_traits:1944:58:[m[K   required from here
[01m[K/usr/include/c++/11/type_traits:1744:13:[m[K [01;31m[Kerror: [m[Kno type named â€˜[01m[K__type[m[Kâ€™ in â€˜[01m[Kstruct std::__make_unsigned<char16_t>[m[Kâ€™
 1744 |       using [01;31m[K__unsigned_type[m[K
      |             [01;31m[K^~~~~~~~~~~~~~~[m[K
[01m[K/usr/include/c++/11/type_traits:1748:13:[m[K [01;31m[Kerror: [m[Kno type named â€˜[01m[K__type[m[Kâ€™ in â€˜[01m[Kstruct std::__make_unsigned<char16_t>[m[Kâ€™
 1748 |       using [01;31m[K__type[m[K
      |             [01;31m[K^~~~~~[m[K
[01m[K/usr/include/c++/11/type_traits:1944:67:[m[K [01;31m[Kerror: [m[Kinvalid combination of multiple type-specifiers
 1944 |         = typename __make_signed_selector<char16_t, false, true>::[01;31m[K__type[m[K;
      |                                                                   [01;31m[K^~~~~~[m[K
/usr/include/c++/11/type_traits: In instantiation of â€˜[01m[Kclass std::__make_unsigned_selector<char32_t, true, false>[m[Kâ€™:
[01m[K/usr/include/c++/11/type_traits:1912:62:[m[K   required from â€˜[01m[Kclass std::__make_signed_selector<char32_t, false, true>[m[Kâ€™
[01m[K/usr/include/c++/11/type_traits:1951:58:[m[K   required from here
[01m[K/usr/include/c++/11/type_traits:1744:13:[m[K [01;31m[Kerror: [m[Kno type named â€˜[01m[K__type[m[Kâ€™ in â€˜[01m[Kstruct std::__make_unsigned<char32_t>[m[Kâ€™
 1744 |       using [01;31m[K__unsigned_type[m[K
      |             [01;31m[K^~~~~~~~~~~~~~~[m[K
[01m[K/usr/include/c++/11/type_traits:1748:13:[m[K [01;31m[Kerror: [m[Kno type named â€˜[01m[K__type[m[Kâ€™ in â€˜[01m[Kstruct std::__make_unsigned<char32_t>[m[Kâ€™
 1748 |       using [01;31m[K__type[m[K
      |             [01;31m[K^~~~~~[m[K
[01m[K/usr/include/c++/11/type_traits:1951:67:[m[K [01;31m[Kerror: [m[Kinvalid combination of multiple type-specifiers
 1951 |         = typename __make_signed_selector<char32_t, false, true>::[01;31m[K__type[m[K;
      |                                                                   [01;31m[K^~~~~~[m[K
[01m[K/usr/include/c++/11/type_traits:1984:26:[m[K [01;31m[Kerror: [m[Kâ€˜[01m[Kstd::size_t[m[Kâ€™ has not been declared
 1984 |   template<typename _Tp, [01;31m[Kstd[m[K::size_t _Size>
      |                          [01;31m[K^~~[m[K
[01m[K/usr/include/c++/11/type_traits:1985:30:[m[K [01;31m[Kerror: [m[Kâ€˜[01m[K_Size[m[Kâ€™ was not declared in this scope
 1985 |     struct remove_extent<_Tp[[01;31m[K_Size[m[K]>
      |                              [01;31m[K^~~~~[m[K
[01m[K/usr/include/c++/11/type_traits:1985:36:[m[K [01;31m[Kerror: [m[Ktemplate argument 1 is invalid
 1985 |     struct remove_extent<_Tp[_Size][01;31m[K>[m[K
      |                                    [01;31m[K^[m[K
[01m[K/usr/include/c++/11/type_traits:1997:26:[m[K [01;31m[Kerror: [m[Kâ€˜[01m[Kstd::size_t[m[Kâ€™ has not been declared
 1997 |   template<typename _Tp, [01;31m[Kstd[m[K::size_t _Size>
      |                          [01;31m[K^~~[m[K
[01m[K/usr/include/c++/11/type_traits:1998:35:[m[K [01;31m[Kerror: [m[Kâ€˜[01m[K_Size[m[Kâ€™ was not declared in this scope
 1998 |     struct remove_all_extents<_Tp[[01;31m[K_Size[m[K]>
      |                                   [01;31m[K^~~~~[m[K
[01m[K/usr/include/c++/11/type_traits:1998:41:[m[K [01;31m[Kerror: [m[Ktemplate argument 1 is invalid
 1998 |     struct remove_all_extents<_Tp[_Size][01;31m[K>[m[K
      |                                         [01;31m[K^[m[K
[01m[K/usr/include/c++/11/type_traits:2056:12:[m[K [01;31m[Kerror: [m[Kâ€˜[01m[Kstd::size_t[m[Kâ€™ has not been declared
 2056 |   template<[01;31m[Kstd[m[K::size_t _Len>
      |            [01;31m[K^~~[m[K
[01m[K/usr/include/c++/11/type_traits:2061:30:[m[K [01;31m[Kerror: [m[Kâ€˜[01m[K_Len[m[Kâ€™ was not declared in this scope
 2061 |         unsigned char __data[[01;31m[K_Len[m[K];
      |                              [01;31m[K^~~~[m[K
[01m[K/usr/include/c++/11/type_traits:2076:12:[m[K [01;31m[Kerror: [m[Kâ€˜[01m[Kstd::size_t[m[Kâ€™ has not been declared
 2076 |   template<[01;31m[Kstd[m[K::size_t _Len, std::size_t _Align =
      |            [01;31m[K^~~[m[K
[01m[K/usr/include/c++/11/type_traits:2076:30:[m[K [01;31m[Kerror: [m[Kâ€˜[01m[Kstd::size_t[m[Kâ€™ has not been declared
 2076 |   template<std::size_t _Len, [01;31m[Kstd[m[K::size_t _Align =
      |                              [01;31m[K^~~[m[K
[01m[K/usr/include/c++/11/type_traits:2077:55:[m[K [01;31m[Kerror: [m[Kâ€˜[01m[K_Len[m[Kâ€™ was not declared in this scope
 2077 |            __alignof__(typename __aligned_storage_msa<[01;31m[K_Len[m[K>::__type)>
      |                                                       [01;31m[K^~~~[m[K
[01m[K/usr/include/c++/11/type_traits:2077:59:[m[K [01;31m[Kerror: [m[Ktemplate argument 1 is invalid
 2077 |            __alignof__(typename __aligned_storage_msa<_Len[01;31m[K>[m[K::__type)>
      |                                                           [01;31m[K^[m[K
[01m[K/usr/include/c++/11/type_traits:2082:30:[m[K [01;31m[Kerror: [m[Kâ€˜[01m[K_Len[m[Kâ€™ was not declared in this scope
 2082 |         unsigned char __data[[01;31m[K_Len[m[K];
      |                              [01;31m[K^~~~[m[K
[01m[K/usr/include/c++/11/type_traits:2083:44:[m[K [01;31m[Kerror: [m[Kâ€˜[01m[K_Align[m[Kâ€™ was not declared in this scope
 2083 |         struct __attribute__((__aligned__(([01;31m[K_Align[m[K)))) { } __align;
      |                                            [01;31m[K^~~~~~[m[K
[01m[K/usr/include/c++/11/type_traits:2090:20:[m[K [01;31m[Kerror: [m[Kâ€˜[01m[Ksize_t[m[Kâ€™ does not name a type
 2090 |       static const [01;31m[Ksize_t[m[K _S_alignment = 0;
      |                    [01;31m[K^~~~~~[m[K
[01m[K/usr/include/c++/11/type_traits:2090:20:[m[K [01;36m[Knote: [m[Kâ€˜[01m[Ksize_t[m[Kâ€™ is defined in header â€˜[01m[K<cstddef>[m[Kâ€™; did you forget to â€˜[01m[K#include <cstddef>[m[Kâ€™?
[01m[K/usr/include/c++/11/type_traits:2091:20:[m[K [01;31m[Kerror: [m[Kâ€˜[01m[Ksize_t[m[Kâ€™ does not name a type
 2091 |       static const [01;31m[Ksize_t[m[K _S_size = 0;
      |                    [01;31m[K^~~~~~[m[K
[01m[K/usr/include/c++/11/type_traits:2091:20:[m[K [01;36m[Knote: [m[Kâ€˜[01m[Ksize_t[m[Kâ€™ is defined in header â€˜[01m[K<cstddef>[m[Kâ€™; did you forget to â€˜[01m[K#include <cstddef>[m[Kâ€™?
[01m[K/usr/include/c++/11/type_traits:2097:20:[m[K [01;31m[Kerror: [m[Kâ€˜[01m[Ksize_t[m[Kâ€™ does not name a type
 2097 |       static const [01;31m[Ksize_t[m[K _S_alignment =
      |                    [01;31m[K^~~~~~[m[K
[01m[K/usr/include/c++/11/type_traits:2097:20:[m[K [01;36m[Knote: [m[Kâ€˜[01m[Ksize_t[m[Kâ€™ is defined in header â€˜[01m[K<cstddef>[m[Kâ€™; did you forget to â€˜[01m[K#include <cstddef>[m[Kâ€™?
[01m[K/usr/include/c++/11/type_traits:2100:20:[m[K [01;31m[Kerror: [m[Kâ€˜[01m[Ksize_t[m[Kâ€™ does not name a type
 2100 |       static const [01;31m[Ksize_t[m[K _S_size =
      |                    [01;31m[K^~~~~~[m[K
[01m[K/usr/include/c++/11/type_traits:2100:20:[m[K [01;36m[Knote: [m[Kâ€˜[01m[Ksize_t[m[Kâ€™ is defined in header â€˜[01m[K<cstddef>[m[Kâ€™; did you forget to â€˜[01m[K#include <cstddef>[m[Kâ€™?
[01m[K/usr/include/c++/11/type_traits:2115:13:[m[K [01;31m[Kerror: [m[Kâ€˜[01m[Ksize_t[m[Kâ€™ has not been declared
 2115 |   template <[01;31m[Ksize_t[m[K _Len, typename... _Types>
      |             [01;31m[K^~~~~~[m[K
[01m[K/usr/include/c++/11/type_traits:2122:20:[m[K [01;31m[Kerror: [m[Kâ€˜[01m[Ksize_t[m[Kâ€™ does not name a type
 2122 |       static const [01;31m[Ksize_t[m[K _S_len = _Len > __strictest::_S_size
      |                    [01;31m[K^~~~~~[m[K
[01m[K/usr/include/c++/11/type_traits:2122:20:[m[K [01;36m[Knote: [m[Kâ€˜[01m[Ksize_t[m[Kâ€™ is defined in header â€˜[01m[K<cstddef>[m[Kâ€™; did you forget to â€˜[01m[K#include <cstddef>[m[Kâ€™?
[01m[K/usr/include/c++/11/type_traits:2126:20:[m[K [01;31m[Kerror: [m[Kâ€˜[01m[Ksize_t[m[Kâ€™ does not name a type
 2126 |       static const [01;31m[Ksize_t[m[K alignment_value = __strictest::_S_alignment;
      |                    [01;31m[K^~~~~~[m[K
[01m[K/usr/include/c++/11/type_traits:2126:20:[m[K [01;36m[Knote: [m[Kâ€˜[01m[Ksize_t[m[Kâ€™ is defined in header â€˜[01m[K<cstddef>[m[Kâ€™; did you forget to â€˜[01m[K#include <cstddef>[m[Kâ€™?
[01m[K/usr/include/c++/11/type_traits:2128:40:[m[K [01;31m[Kerror: [m[Kâ€˜[01m[K_S_len[m[Kâ€™ was not declared in this scope
 2128 |       typedef typename aligned_storage<[01;31m[K_S_len[m[K, alignment_value>::type type;
      |                                        [01;31m[K^~~~~~[m[K
[01m[K/usr/include/c++/11/type_traits:2128:48:[m[K [01;31m[Kerror: [m[Kâ€˜[01m[Kalignment_value[m[Kâ€™ was not declared in this scope; did you mean â€˜[01m[Kalignment_of[m[Kâ€™?
 2128 |       typedef typename aligned_storage<_S_len, [01;31m[Kalignment_value[m[K>::type type;
      |                                                [01;31m[K^~~~~~~~~~~~~~~[m[K
      |                                                [32m[Kalignment_of[m[K
[01m[K/usr/include/c++/11/type_traits:2128:63:[m[K [01;31m[Kerror: [m[Ktemplate argument 1 is invalid
 2128 |       typedef typename aligned_storage<_S_len, alignment_value[01;31m[K>[m[K::type type;
      |                                                               [01;31m[K^[m[K
[01m[K/usr/include/c++/11/type_traits:2128:63:[m[K [01;31m[Kerror: [m[Ktemplate argument 2 is invalid
[01m[K/usr/include/c++/11/type_traits:2131:13:[m[K [01;31m[Kerror: [m[Kâ€˜[01m[Ksize_t[m[Kâ€™ has not been declared
 2131 |   template <[01;31m[Ksize_t[m[K _Len, typename... _Types>
      |             [01;31m[K^~~~~~[m[K
[01m[K/usr/include/c++/11/type_traits:2132:11:[m[K [01;31m[Kerror: [m[Kâ€˜[01m[Ksize_t[m[Kâ€™ does not name a type
 2132 |     const [01;31m[Ksize_t[m[K aligned_union<_Len, _Types...>::alignment_value;
      |           [01;31m[K^~~~~~[m[K
[01m[K/usr/include/c++/11/type_traits:2132:11:[m[K [01;36m[Knote: [m[Kâ€˜[01m[Ksize_t[m[Kâ€™ is defined in header â€˜[01m[K<cstddef>[m[Kâ€™; did you forget to â€˜[01m[K#include <cstddef>[m[Kâ€™?
[01m[K/usr/include/c++/11/type_traits:2566:12:[m[K [01;31m[Kerror: [m[Kâ€˜[01m[Ksize_t[m[Kâ€™ has not been declared
 2566 |   template<[01;31m[Ksize_t[m[K _Len, size_t _Align =
      |            [01;31m[K^~~~~~[m[K
[01m[K/usr/include/c++/11/type_traits:2566:25:[m[K [01;31m[Kerror: [m[Kâ€˜[01m[Ksize_t[m[Kâ€™ has not been declared
 2566 |   template<size_t _Len, [01;31m[Ksize_t[m[K _Align =
      |                         [01;31m[K^~~~~~[m[K
[01m[K/usr/include/c++/11/type_traits:2567:56:[m[K [01;31m[Kerror: [m[Kâ€˜[01m[K_Len[m[Kâ€™ was not declared in this scope
 2567 |             __alignof__(typename __aligned_storage_msa<[01;31m[K_Len[m[K>::__type)>
      |                                                        [01;31m[K^~~~[m[K
[01m[K/usr/include/c++/11/type_traits:2567:60:[m[K [01;31m[Kerror: [m[Ktemplate argument 1 is invalid
 2567 |             __alignof__(typename __aligned_storage_msa<_Len[01;31m[K>[m[K::__type)>
      |                                                            [01;31m[K^[m[K
[01m[K/usr/include/c++/11/type_traits:2568:56:[m[K [01;31m[Kerror: [m[Kâ€˜[01m[K_Len[m[Kâ€™ was not declared in this scope
 2568 |     using aligned_storage_t = typename aligned_storage<[01;31m[K_Len[m[K, _Align>::type;
      |                                                        [01;31m[K^~~~[m[K
[01m[K/usr/include/c++/11/type_traits:2568:62:[m[K [01;31m[Kerror: [m[Kâ€˜[01m[K_Align[m[Kâ€™ was not declared in this scope
 2568 |     using aligned_storage_t = typename aligned_storage<_Len, [01;31m[K_Align[m[K>::type;
      |                                                              [01;31m[K^~~~~~[m[K
[01m[K/usr/include/c++/11/type_traits:2568:68:[m[K [01;31m[Kerror: [m[Ktemplate argument 1 is invalid
 2568 |     using aligned_storage_t = typename aligned_storage<_Len, _Align[01;31m[K>[m[K::type;
      |                                                                    [01;31m[K^[m[K
[01m[K/usr/include/c++/11/type_traits:2568:68:[m[K [01;31m[Kerror: [m[Ktemplate argument 2 is invalid
[01m[K/usr/include/c++/11/type_traits:2570:13:[m[K [01;31m[Kerror: [m[Kâ€˜[01m[Ksize_t[m[Kâ€™ has not been declared
 2570 |   template <[01;31m[Ksize_t[m[K _Len, typename... _Types>
      |             [01;31m[K^~~~~~[m[K
[01m[K/usr/include/c++/11/type_traits:2571:52:[m[K [01;31m[Kerror: [m[Kâ€˜[01m[K_Len[m[Kâ€™ was not declared in this scope
 2571 |     using aligned_union_t = typename aligned_union<[01;31m[K_Len[m[K, _Types...>::type;
      |                                                    [01;31m[K^~~~[m[K
[01m[K/usr/include/c++/11/type_traits:2571:67:[m[K [01;31m[Kerror: [m[Ktemplate argument 1 is invalid
 2571 |     using aligned_union_t = typename aligned_union<_Len, _Types...[01;31m[K>[m[K::type;
      |                                                                   [01;31m[K^[m[K
[01m[K/usr/include/c++/11/type_traits:2680:26:[m[K [01;31m[Kerror: [m[Kâ€˜[01m[Ksize_t[m[Kâ€™ has not been declared
 2680 |   template<typename _Tp, [01;31m[Ksize_t[m[K _Nm>
      |                          [01;31m[K^~~~~~[m[K
[01m[K/usr/include/c++/11/type_traits:2684:21:[m[K [01;31m[Kerror: [m[Kâ€˜[01m[K_Nm[m[Kâ€™ was not declared in this scope
 2684 |     swap(_Tp (&__a)[[01;31m[K_Nm[m[K], _Tp (&__b)[_Nm])
      |                     [01;31m[K^~~[m[K
[01m[K/usr/include/c++/11/type_traits:2684:24:[m[K [01;31m[Kerror: [m[Kâ€˜[01m[Ktemplate<class _Tp, <declaration error> > std::__enable_if_t<std::__is_swappable<_Tp>::value> std::swap[m[Kâ€™ conflicts with a previous declaration
 2684 |     swap(_Tp (&__a)[_Nm[01;31m[K][m[K, _Tp (&__b)[_Nm])
      |                        [01;31m[K^[m[K
[01m[K/usr/include/c++/11/type_traits:2676:5:[m[K [01;36m[Knote: [m[Kprevious declaration â€˜[01m[Kstd::_Require<std::__not_<std::__is_tuple_like<_Tp> >, std::is_move_constructible<_Tp>, std::is_move_assignable<_Tp> > std::swap(_Tp&, _Tp&)[m[Kâ€™
 2676 |     [01;36m[Kswap[m[K(_Tp&, _Tp&)
      |     [01;36m[K^~~~[m[K
[01m[K/usr/include/c++/11/type_traits:2684:16:[m[K [01;31m[Kerror: [m[Kâ€˜[01m[K__a[m[Kâ€™ was not declared in this scope
 2684 |     swap(_Tp (&[01;31m[K__a[m[K)[_Nm], _Tp (&__b)[_Nm])
      |                [01;31m[K^~~[m[K
[01m[K/usr/include/c++/11/type_traits:2684:21:[m[K [01;31m[Kerror: [m[Kâ€˜[01m[K_Nm[m[Kâ€™ was not declared in this scope
 2684 |     swap(_Tp (&__a)[[01;31m[K_Nm[m[K], _Tp (&__b)[_Nm])
      |                     [01;31m[K^~~[m[K
[01m[K/usr/include/c++/11/type_traits:2684:33:[m[K [01;31m[Kerror: [m[Kâ€˜[01m[K__b[m[Kâ€™ was not declared in this scope
 2684 |     swap(_Tp (&__a)[_Nm], _Tp (&[01;31m[K__b[m[K)[_Nm])
      |                                 [01;31m[K^~~[m[K
[01m[K/usr/include/c++/11/type_traits:2684:38:[m[K [01;31m[Kerror: [m[Kâ€˜[01m[K_Nm[m[Kâ€™ was not declared in this scope
 2684 |     swap(_Tp (&__a)[_Nm], _Tp (&__b)[[01;31m[K_Nm[m[K])
      |                                      [01;31m[K^~~[m[K
[01m[K/usr/include/c++/11/type_traits:2684:43:[m[K [01;31m[Kerror: [m[Kexpected â€˜[01m[K;[m[Kâ€™ before â€˜[01m[Knoexcept[m[Kâ€™
 2684 |     swap(_Tp (&__a)[_Nm], _Tp (&__b)[_Nm])
      |                                           [01;31m[K^[m[K
      |                                           [32m[K;[m[K
 2685 |     [32m[Knoexcept[m[K(__is_nothrow_swappable<_Tp>::value);
      |     [32m[K~~~~~~~~[m[K                               
[01m[K/usr/include/c++/11/type_traits:3244:20:[m[K [01;31m[Kerror: [m[Kâ€˜[01m[Ksize_t[m[Kâ€™ does not name a type
 3244 |   inline constexpr [01;31m[Ksize_t[m[K alignment_of_v = alignment_of<_Tp>::value;
      |                    [01;31m[K^~~~~~[m[K
[01m[K/usr/include/c++/11/type_traits:3244:20:[m[K [01;36m[Knote: [m[Kâ€˜[01m[Ksize_t[m[Kâ€™ is defined in header â€˜[01m[K<cstddef>[m[Kâ€™; did you forget to â€˜[01m[K#include <cstddef>[m[Kâ€™?
[01m[K/usr/include/c++/11/type_traits:3246:20:[m[K [01;31m[Kerror: [m[Kâ€˜[01m[Ksize_t[m[Kâ€™ does not name a type
 3246 |   inline constexpr [01;31m[Ksize_t[m[K rank_v = rank<_Tp>::value;
      |                    [01;31m[K^~~~~~[m[K
[01m[K/usr/include/c++/11/type_traits:3246:20:[m[K [01;36m[Knote: [m[Kâ€˜[01m[Ksize_t[m[Kâ€™ is defined in header â€˜[01m[K<cstddef>[m[Kâ€™; did you forget to â€˜[01m[K#include <cstddef>[m[Kâ€™?
[01m[K/usr/include/c++/11/type_traits:3248:20:[m[K [01;31m[Kerror: [m[Kâ€˜[01m[Ksize_t[m[Kâ€™ does not name a type
 3248 |   inline constexpr [01;31m[Ksize_t[m[K extent_v = extent<_Tp, _Idx>::value;
      |                    [01;31m[K^~~~~~[m[K
[01m[K/usr/include/c++/11/type_traits:3248:20:[m[K [01;36m[Knote: [m[Kâ€˜[01m[Ksize_t[m[Kâ€™ is defined in header â€˜[01m[K<cstddef>[m[Kâ€™; did you forget to â€˜[01m[K#include <cstddef>[m[Kâ€™?
In file included from [01m[K/usr/include/c++/11/bits/stl_function.h:60[m[K,
                 from [01m[K/usr/include/c++/11/functional:49[m[K,
                 from [01m[K/home/luuk/turtle3_control/src/diff_node.cpp:2[m[K:
[01m[K/usr/include/c++/11/bits/move.h:212:26:[m[K [01;31m[Kerror: [m[Kâ€˜[01m[Ksize_t[m[Kâ€™ has not been declared
  212 |   template<typename _Tp, [01;31m[Ksize_t[m[K _Nm>
      |                          [01;31m[K^~~~~~[m[K
[01m[K/usr/include/c++/11/bits/move.h:220:21:[m[K [01;31m[Kerror: [m[Kâ€˜[01m[K_Nm[m[Kâ€™ was not declared in this scope
  220 |     swap(_Tp (&__a)[[01;31m[K_Nm[m[K], _Tp (&__b)[_Nm])
      |                     [01;31m[K^~~[m[K
[01m[K/usr/include/c++/11/bits/move.h:220:24:[m[K [01;31m[Kerror: [m[Kâ€˜[01m[Ktemplate<class _Tp, <declaration error> > typename std::enable_if<std::__is_swappable<_Tp>::value, void>::type std::swap[m[Kâ€™ conflicts with a previous declaration
  220 |     swap(_Tp (&__a)[_Nm[01;31m[K][m[K, _Tp (&__b)[_Nm])
      |                        [01;31m[K^[m[K
[01m[K/usr/include/c++/11/bits/move.h:196:5:[m[K [01;36m[Knote: [m[Kprevious declaration â€˜[01m[Kstd::_Require<std::__not_<std::__is_tuple_like<_Tp> >, std::is_move_constructible<_Tp>, std::is_move_assignable<_Tp> > std::swap(_Tp&, _Tp&)[m[Kâ€™
  196 |     [01;36m[Kswap[m[K(_Tp& __a, _Tp& __b)
      |     [01;36m[K^~~~[m[K
[01m[K/usr/include/c++/11/bits/move.h:220:16:[m[K [01;31m[Kerror: [m[Kâ€˜[01m[K__a[m[Kâ€™ was not declared in this scope
  220 |     swap(_Tp (&[01;31m[K__a[m[K)[_Nm], _Tp (&__b)[_Nm])
      |                [01;31m[K^~~[m[K
[01m[K/usr/include/c++/11/bits/move.h:220:21:[m[K [01;31m[Kerror: [m[Kâ€˜[01m[K_Nm[m[Kâ€™ was not declared in this scope
  220 |     swap(_Tp (&__a)[[01;31m[K_Nm[m[K], _Tp (&__b)[_Nm])
      |                     [01;31m[K^~~[m[K
[01m[K/usr/include/c++/11/bits/move.h:220:33:[m[K [01;31m[Kerror: [m[Kâ€˜[01m[K__b[m[Kâ€™ was not declared in this scope
  220 |     swap(_Tp (&__a)[_Nm], _Tp (&[01;31m[K__b[m[K)[_Nm])
      |                                 [01;31m[K^~~[m[K
[01m[K/usr/include/c++/11/bits/move.h:220:38:[m[K [01;31m[Kerror: [m[Kâ€˜[01m[K_Nm[m[Kâ€™ was not declared in this scope
  220 |     swap(_Tp (&__a)[_Nm], _Tp (&__b)[[01;31m[K_Nm[m[K])
      |                                      [01;31m[K^~~[m[K
[01m[K/usr/include/c++/11/bits/move.h:220:43:[m[K [01;31m[Kerror: [m[Kexpected â€˜[01m[K;[m[Kâ€™ before â€˜[01m[Knoexcept[m[Kâ€™
  220 |     swap(_Tp (&__a)[_Nm], _Tp (&__b)[_Nm])
      |                                           [01;31m[K^[m[K
      |                                           [32m[K;[m[K
In file included from [01m[K/usr/include/c++/11/functional:53[m[K,
                 from [01m[K/home/luuk/turtle3_control/src/diff_node.cpp:2[m[K:
[01m[K/usr/include/c++/11/new:89:25:[m[K [01;31m[Kerror: [m[Kfound â€˜[01m[K:[m[Kâ€™ in nested-name-specifier, expected â€˜[01m[K::[m[Kâ€™
   89 |   enum class align_val_t[01;31m[K:[m[K size_t {};
      |                         [01;31m[K^[m[K
      |                         [32m[K::[m[K
[01m[K/usr/include/c++/11/new:89:27:[m[K [01;31m[Kerror: [m[Kâ€˜[01m[Ksize_t[m[Kâ€™ in â€˜[01m[Kenum class std::align_val_t[m[Kâ€™ does not name a type
   89 |   enum class align_val_t: [01;31m[Ksize_t[m[K {};
      |                           [01;31m[K^~~~~~[m[K
[01m[K/usr/include/c++/11/new:89:34:[m[K [01;31m[Kerror: [m[Kexpected unqualified-id before â€˜[01m[K{[m[Kâ€™ token
   89 |   enum class align_val_t: size_t [01;31m[K{[m[K};
      |                                  [01;31m[K^[m[K
[01m[K/usr/include/c++/11/new:126:26:[m[K [01;31m[Kerror: [m[Kdeclaration of â€˜[01m[Koperator new[m[Kâ€™ as non-function
  126 | _GLIBCXX_NODISCARD void* [01;31m[Koperator[m[K new(std::size_t) _GLIBCXX_THROW (std::bad_alloc)
      |                          [01;31m[K^~~~~~~~[m[K
[01m[K/usr/include/c++/11/new:126:44:[m[K [01;31m[Kerror: [m[Kâ€˜[01m[Ksize_t[m[Kâ€™ is not a member of â€˜[01m[Kstd[m[Kâ€™
  126 | _GLIBCXX_NODISCARD void* operator new(std::[01;31m[Ksize_t[m[K) _GLIBCXX_THROW (std::bad_alloc)
      |                                            [01;31m[K^~~~~~[m[K
[01m[K/usr/include/c++/11/new:127:41:[m[K [01;31m[Kerror: [m[Kattributes after parenthesized initializer ignored [[01;31m[K]8;;https://gcc.gnu.org/onlinedocs/gcc/Warning-Options.html#index-fpermissive-fpermissive]8;;[m[K]
  127 |   __attribute__((__externally_visible__)[01;31m[K)[m[K;
      |                                         [01;31m[K^[m[K
[01m[K/usr/include/c++/11/new:128:26:[m[K [01;31m[Kerror: [m[Kdeclaration of â€˜[01m[Koperator new [][m[Kâ€™ as non-function
  128 | _GLIBCXX_NODISCARD void* [01;31m[Koperator[m[K new[](std::size_t) _GLIBCXX_THROW (std::bad_alloc)
      |                          [01;31m[K^~~~~~~~[m[K
[01m[K/usr/include/c++/11/new:128:46:[m[K [01;31m[Kerror: [m[Kâ€˜[01m[Ksize_t[m[Kâ€™ is not a member of â€˜[01m[Kstd[m[Kâ€™
  128 | _GLIBCXX_NODISCARD void* operator new[](std::[01;31m[Ksize_t[m[K) _GLIBCXX_THROW (std::bad_alloc)
      |                                              [01;31m[K^~~~~~[m[K
[01m[K/usr/include/c++/11/new:129:41:[m[K [01;31m[Kerror: [m[Kattributes after parenthesized initializer ignored [[01;31m[K]8;;https://gcc.gnu.org/onlinedocs/gcc/Warning-Options.html#index-fpermissive-fpermissive]8;;[m[K]
  129 |   __attribute__((__externally_visible__)[01;31m[K)[m[K;
      |                                         [01;31m[K^[m[K
[01m[K/usr/include/c++/11/new:135:29:[m[K [01;31m[Kerror: [m[Kâ€˜[01m[Kstd::size_t[m[Kâ€™ has not been declared
  135 | void operator delete(void*, [01;31m[Kstd[m[K::size_t) _GLIBCXX_USE_NOEXCEPT
      |                             [01;31m[K^~~[m[K
[01m[K/usr/include/c++/11/new:137:31:[m[K [01;31m[Kerror: [m[Kâ€˜[01m[Kstd::size_t[m[Kâ€™ has not been declared
  137 | void operator delete[](void*, [01;31m[Kstd[m[K::size_t) _GLIBCXX_USE_NOEXCEPT
      |                               [01;31m[K^~~[m[K
[01m[K/usr/include/c++/11/new:140:26:[m[K [01;31m[Kerror: [m[Kdeclaration of â€˜[01m[Koperator new[m[Kâ€™ as non-function
  140 | _GLIBCXX_NODISCARD void* [01;31m[Koperator[m[K new(std::size_t, const std::nothrow_t&) _GLIBCXX_USE_NOEXCEPT
      |                          [01;31m[K^~~~~~~~[m[K
[01m[K/usr/include/c++/11/new:140:44:[m[K [01;31m[Kerror: [m[Kâ€˜[01m[Ksize_t[m[Kâ€™ is not a member of â€˜[01m[Kstd[m[Kâ€™
  140 | _GLIBCXX_NODISCARD void* operator new(std::[01;31m[Ksize_t[m[K, const std::nothrow_t&) _GLIBCXX_USE_NOEXCEPT
      |                                            [01;31m[K^~~~~~[m[K
[01m[K/usr/include/c++/11/new:140:52:[m[K [01;31m[Kerror: [m[Kexpected primary-expression before â€˜[01m[Kconst[m[Kâ€™
  140 | _GLIBCXX_NODISCARD void* operator new(std::size_t, [01;31m[Kconst[m[K std::nothrow_t&) _GLIBCXX_USE_NOEXCEPT
      |                                                    [01;31m[K^~~~~[m[K
[01m[K/usr/include/c++/11/new:142:26:[m[K [01;31m[Kerror: [m[Kdeclaration of â€˜[01m[Koperator new [][m[Kâ€™ as non-function
  142 | _GLIBCXX_NODISCARD void* [01;31m[Koperator[m[K new[](std::size_t, const std::nothrow_t&) _GLIBCXX_USE_NOEXCEPT
      |                          [01;31m[K^~~~~~~~[m[K
[01m[K/usr/include/c++/11/new:142:46:[m[K [01;31m[Kerror: [m[Kâ€˜[01m[Ksize_t[m[Kâ€™ is not a member of â€˜[01m[Kstd[m[Kâ€™
  142 | _GLIBCXX_NODISCARD void* operator new[](std::[01;31m[Ksize_t[m[K, const std::nothrow_t&) _GLIBCXX_USE_NOEXCEPT
      |                                              [01;31m[K^~~~~~[m[K
[01m[K/usr/include/c++/11/new:142:54:[m[K [01;31m[Kerror: [m[Kexpected primary-expression before â€˜[01m[Kconst[m[Kâ€™
  142 | _GLIBCXX_NODISCARD void* operator new[](std::size_t, [01;31m[Kconst[m[K std::nothrow_t&) _GLIBCXX_USE_NOEXCEPT
      |                                                      [01;31m[K^~~~~[m[K
[01m[K/usr/include/c++/11/new:149:26:[m[K [01;31m[Kerror: [m[Kdeclaration of â€˜[01m[Koperator new[m[Kâ€™ as non-function
  149 | _GLIBCXX_NODISCARD void* [01;31m[Koperator[m[K new(std::size_t, std::align_val_t)
      |                          [01;31m[K^~~~~~~~[m[K
[01m[K/usr/include/c++/11/new:149:44:[m[K [01;31m[Kerror: [m[Kâ€˜[01m[Ksize_t[m[Kâ€™ is not a member of â€˜[01m[Kstd[m[Kâ€™
  149 | _GLIBCXX_NODISCARD void* operator new(std::[01;31m[Ksize_t[m[K, std::align_val_t)
      |                                            [01;31m[K^~~~~~[m[K
[01m[K/usr/include/c++/11/new:149:68:[m[K [01;31m[Kerror: [m[Kexpected primary-expression before â€˜[01m[K)[m[Kâ€™ token
  149 | _GLIBCXX_NODISCARD void* operator new(std::size_t, std::align_val_t[01;31m[K)[m[K
      |                                                                    [01;31m[K^[m[K
[01m[K/usr/include/c++/11/new:150:73:[m[K [01;31m[Kerror: [m[Kattributes after parenthesized initializer ignored [[01;31m[K]8;;https://gcc.gnu.org/onlinedocs/gcc/Warning-Options.html#index-fpermissive-fpermissive]8;;[m[K]
  150 |   __attribute__((__externally_visible__, __alloc_size__ (1), __malloc__)[01;31m[K)[m[K;
      |                                                                         [01;31m[K^[m[K
[01m[K/usr/include/c++/11/new:151:26:[m[K [01;31m[Kerror: [m[Kdeclaration of â€˜[01m[Koperator new[m[Kâ€™ as non-function
  151 | _GLIBCXX_NODISCARD void* [01;31m[Koperator[m[K new(std::size_t, std::align_val_t, const std::nothrow_t&)
      |                          [01;31m[K^~~~~~~~[m[K
[01m[K/usr/include/c++/11/new:151:44:[m[K [01;31m[Kerror: [m[Kâ€˜[01m[Ksize_t[m[Kâ€™ is not a member of â€˜[01m[Kstd[m[Kâ€™
  151 | _GLIBCXX_NODISCARD void* operator new(std::[01;31m[Ksize_t[m[K, std::align_val_t, const std::nothrow_t&)
      |                                            [01;31m[K^~~~~~[m[K
[01m[K/usr/include/c++/11/new:151:68:[m[K [01;31m[Kerror: [m[Kexpected primary-expression before â€˜[01m[K,[m[Kâ€™ token
  151 | _GLIBCXX_NODISCARD void* operator new(std::size_t, std::align_val_t[01;31m[K,[m[K const std::nothrow_t&)
      |                                                                    [01;31m[K^[m[K
[01m[K/usr/include/c++/11/new:151:70:[m[K [01;31m[Kerror: [m[Kexpected primary-expression before â€˜[01m[Kconst[m[Kâ€™
  151 | _GLIBCXX_NODISCARD void* operator new(std::size_t, std::align_val_t, [01;31m[Kconst[m[K std::nothrow_t&)
      |                                                                      [01;31m[K^~~~~[m[K
[01m[K/usr/include/c++/11/new:157:26:[m[K [01;31m[Kerror: [m[Kdeclaration of â€˜[01m[Koperator new [][m[Kâ€™ as non-function
  157 | _GLIBCXX_NODISCARD void* [01;31m[Koperator[m[K new[](std::size_t, std::align_val_t)
      |                          [01;31m[K^~~~~~~~[m[K
[01m[K/usr/include/c++/11/new:157:46:[m[K [01;31m[Kerror: [m[Kâ€˜[01m[Ksize_t[m[Kâ€™ is not a member of â€˜[01m[Kstd[m[Kâ€™
  157 | _GLIBCXX_NODISCARD void* operator new[](std::[01;31m[Ksize_t[m[K, std::align_val_t)
      |                                              [01;31m[K^~~~~~[m[K
[01m[K/usr/include/c++/11/new:157:70:[m[K [01;31m[Kerror: [m[Kexpected primary-expression before â€˜[01m[K)[m[Kâ€™ token
  157 | _GLIBCXX_NODISCARD void* operator new[](std::size_t, std::align_val_t[01;31m[K)[m[K
      |                                                                      [01;31m[K^[m[K
[01m[K/usr/include/c++/11/new:158:73:[m[K [01;31m[Kerror: [m[Kattributes after parenthesized initializer ignored [[01;31m[K]8;;https://gcc.gnu.org/onlinedocs/gcc/Warning-Options.html#index-fpermissive-fpermissive]8;;[m[K]
  158 |   __attribute__((__externally_visible__, __alloc_size__ (1), __malloc__)[01;31m[K)[m[K;
      |                                                                         [01;31m[K^[m[K
[01m[K/usr/include/c++/11/new:159:26:[m[K [01;31m[Kerror: [m[Kdeclaration of â€˜[01m[Koperator new [][m[Kâ€™ as non-function
  159 | _GLIBCXX_NODISCARD void* [01;31m[Koperator[m[K new[](std::size_t, std::align_val_t, const std::nothrow_t&)
      |                          [01;31m[K^~~~~~~~[m[K
[01m[K/usr/include/c++/11/new:159:46:[m[K [01;31m[Kerror: [m[Kâ€˜[01m[Ksize_t[m[Kâ€™ is not a member of â€˜[01m[Kstd[m[Kâ€™
  159 | _GLIBCXX_NODISCARD void* operator new[](std::[01;31m[Ksize_t[m[K, std::align_val_t, const std::nothrow_t&)
      |                                              [01;31m[K^~~~~~[m[K
[01m[K/usr/include/c++/11/new:159:70:[m[K [01;31m[Kerror: [m[Kexpected primary-expression before â€˜[01m[K,[m[Kâ€™ token
  159 | _GLIBCXX_NODISCARD void* operator new[](std::size_t, std::align_val_t[01;31m[K,[m[K const std::nothrow_t&)
      |                                                                      [01;31m[K^[m[K
[01m[K/usr/include/c++/11/new:159:72:[m[K [01;31m[Kerror: [m[Kexpected primary-expression before â€˜[01m[Kconst[m[Kâ€™
  159 | _GLIBCXX_NODISCARD void* operator new[](std::size_t, std::align_val_t, [01;31m[Kconst[m[K std::nothrow_t&)
      |                                                                        [01;31m[K^~~~~[m[K
[01m[K/usr/include/c++/11/new:166:29:[m[K [01;31m[Kerror: [m[Kâ€˜[01m[Kstd::size_t[m[Kâ€™ has not been declared
  166 | void operator delete(void*, [01;31m[Kstd[m[K::size_t, std::align_val_t)
      |                             [01;31m[K^~~[m[K
[01m[K/usr/include/c++/11/new:168:31:[m[K [01;31m[Kerror: [m[Kâ€˜[01m[Kstd::size_t[m[Kâ€™ has not been declared
  168 | void operator delete[](void*, [01;31m[Kstd[m[K::size_t, std::align_val_t)
      |                               [01;31m[K^~~[m[K
[01m[K/usr/include/c++/11/new:174:33:[m[K [01;31m[Kerror: [m[Kdeclaration of â€˜[01m[Koperator new[m[Kâ€™ as non-function
  174 | _GLIBCXX_NODISCARD inline void* [01;31m[Koperator[m[K new(std::size_t, void* __p) _GLIBCXX_USE_NOEXCEPT
      |                                 [01;31m[K^~~~~~~~[m[K
[01m[K/usr/include/c++/11/new:174:51:[m[K [01;31m[Kerror: [m[Kâ€˜[01m[Ksize_t[m[Kâ€™ is not a member of â€˜[01m[Kstd[m[Kâ€™
  174 | _GLIBCXX_NODISCARD inline void* operator new(std::[01;31m[Ksize_t[m[K, void* __p) _GLIBCXX_USE_NOEXCEPT
      |                                                   [01;31m[K^~~~~~[m[K
[01m[K/usr/include/c++/11/new:174:59:[m[K [01;31m[Kerror: [m[Kexpected primary-expression before â€˜[01m[Kvoid[m[Kâ€™
  174 | _GLIBCXX_NODISCARD inline void* operator new(std::size_t, [01;31m[Kvoid[m[K* __p) _GLIBCXX_USE_NOEXCEPT
      |                                                           [01;31m[K^~~~[m[K
[01m[K/usr/include/c++/11/new:176:33:[m[K [01;31m[Kerror: [m[Kdeclaration of â€˜[01m[Koperator new [][m[Kâ€™ as non-function
  176 | _GLIBCXX_NODISCARD inline void* [01;31m[Koperator[m[K new[](std::size_t, void* __p) _GLIBCXX_USE_NOEXCEPT
      |                                 [01;31m[K^~~~~~~~[m[K
[01m[K/usr/include/c++/11/new:176:53:[m[K [01;31m[Kerror: [m[Kâ€˜[01m[Ksize_t[m[Kâ€™ is not a member of â€˜[01m[Kstd[m[Kâ€™
  176 | _GLIBCXX_NODISCARD inline void* operator new[](std::[01;31m[Ksize_t[m[K, void* __p) _GLIBCXX_USE_NOEXCEPT
      |                                                     [01;31m[K^~~~~~[m[K
[01m[K/usr/include/c++/11/new:176:61:[m[K [01;31m[Kerror: [m[Kexpected primary-expression before â€˜[01m[Kvoid[m[Kâ€™
  176 | _GLIBCXX_NODISCARD inline void* operator new[](std::size_t, [01;31m[Kvoid[m[K* __p) _GLIBCXX_USE_NOEXCEPT
      |                                                             [01;31m[K^~~~[m[K
In file included from [01m[K/usr/include/c++/11/utility:70[m[K,
                 from [01m[K/usr/include/c++/11/tuple:38[m[K,
                 from [01m[K/usr/include/c++/11/functional:54[m[K,
                 from [01m[K/home/luuk/turtle3_control/src/diff_node.cpp:2[m[K:
[01m[K/usr/include/c++/11/bits/stl_pair.h:92:12:[m[K [01;31m[Kerror: [m[Kâ€˜[01m[Ksize_t[m[Kâ€™ has not been declared
   92 |   template<[01;31m[Ksize_t[m[K...>
      |            [01;31m[K^~~~~~[m[K
[01m[K/usr/include/c++/11/bits/stl_pair.h:449:36:[m[K [01;31m[Kerror: [m[Kâ€˜[01m[Ksize_t[m[Kâ€™ has not been declared
  449 |       template<typename... _Args1, [01;31m[Ksize_t[m[K... _Indexes1,
      |                                    [01;31m[K^~~~~~[m[K
[01m[K/usr/include/c++/11/bits/stl_pair.h:450:36:[m[K [01;31m[Kerror: [m[Kâ€˜[01m[Ksize_t[m[Kâ€™ has not been declared
  450 |                typename... _Args2, [01;31m[Ksize_t[m[K... _Indexes2>
      |                                    [01;31m[K^~~~~~[m[K
[01m[K/usr/include/c++/11/bits/stl_pair.h:453:27:[m[K [01;31m[Kerror: [m[Kâ€˜[01m[K_Indexes1[m[Kâ€™ was not declared in this scope
  453 |              _Index_tuple<[01;31m[K_Indexes1[m[K...>, _Index_tuple<_Indexes2...>);
      |                           [01;31m[K^~~~~~~~~[m[K
[01m[K/usr/include/c++/11/bits/stl_pair.h:453:36:[m[K [01;31m[Kerror: [m[Kexpected parameter pack before â€˜[01m[K...[m[Kâ€™
  453 |              _Index_tuple<_Indexes1[01;31m[K...[m[K>, _Index_tuple<_Indexes2...>);
      |                                    [01;31m[K^~~[m[K
[01m[K/usr/include/c++/11/bits/stl_pair.h:453:39:[m[K [01;31m[Kerror: [m[Ktemplate argument 1 is invalid
  453 |              _Index_tuple<_Indexes1...[01;31m[K>[m[K, _Index_tuple<_Indexes2...>);
      |                                       [01;31m[K^[m[K
[01m[K/usr/include/c++/11/bits/stl_pair.h:453:55:[m[K [01;31m[Kerror: [m[Kâ€˜[01m[K_Indexes2[m[Kâ€™ was not declared in this scope
  453 |              _Index_tuple<_Indexes1...>, _Index_tuple<[01;31m[K_Indexes2[m[K...>);
      |                                                       [01;31m[K^~~~~~~~~[m[K
[01m[K/usr/include/c++/11/bits/stl_pair.h:453:64:[m[K [01;31m[Kerror: [m[Kexpected parameter pack before â€˜[01m[K...[m[Kâ€™
  453 |              _Index_tuple<_Indexes1...>, _Index_tuple<_Indexes2[01;31m[K...[m[K>);
      |                                                                [01;31m[K^~~[m[K
[01m[K/usr/include/c++/11/bits/stl_pair.h:453:67:[m[K [01;31m[Kerror: [m[Ktemplate argument 1 is invalid
  453 |              _Index_tuple<_Indexes1...>, _Index_tuple<_Indexes2...[01;31m[K>[m[K);
      |                                                                   [01;31m[K^[m[K
In file included from [01m[K/usr/include/c++/11/utility:76[m[K,
                 from [01m[K/usr/include/c++/11/tuple:38[m[K,
                 from [01m[K/usr/include/c++/11/functional:54[m[K,
                 from [01m[K/home/luuk/turtle3_control/src/diff_node.cpp:2[m[K:
[01m[K/usr/include/c++/11/initializer_list:53:15:[m[K [01;31m[Kerror: [m[Kâ€˜[01m[Ksize_t[m[Kâ€™ does not name a type
   53 |       typedef [01;31m[Ksize_t[m[K            size_type;
      |               [01;31m[K^~~~~~[m[K
In file included from [01m[K/usr/include/c++/11/utility:76[m[K,
                 from [01m[K/usr/include/c++/11/tuple:38[m[K,
                 from [01m[K/usr/include/c++/11/functional:54[m[K,
                 from [01m[K/home/luuk/turtle3_control/src/diff_node.cpp:2[m[K:
[01m[K/usr/include/c++/11/initializer_list:1:1:[m[K [01;36m[Knote: [m[Kâ€˜[01m[Ksize_t[m[Kâ€™ is defined in header â€˜[01m[K<cstddef>[m[Kâ€™; did you forget to â€˜[01m[K#include <cstddef>[m[Kâ€™?
  +++ |+[32m[K#include <cstddef>[m[K
    1 | // std::initializer_list support -*- C++ -*-
In file included from [01m[K/usr/include/c++/11/utility:76[m[K,
                 from [01m[K/usr/include/c++/11/tuple:38[m[K,
                 from [01m[K/usr/include/c++/11/functional:54[m[K,
                 from [01m[K/home/luuk/turtle3_control/src/diff_node.cpp:2[m[K:
[01m[K/usr/include/c++/11/initializer_list:59:7:[m[K [01;31m[Kerror: [m[Kâ€˜[01m[Ksize_type[m[Kâ€™ does not name a type; did you mean â€˜[01m[Ktrue_type[m[Kâ€™?
   59 |       [01;31m[Ksize_type[m[K                 _M_len;
      |       [01;31m[K^~~~~~~~~[m[K
      |       [32m[Ktrue_type[m[K
[01m[K/usr/include/c++/11/initializer_list:62:54:[m[K [01;31m[Kerror: [m[Kâ€˜[01m[Ksize_type[m[Kâ€™ has not been declared
   62 |       constexpr initializer_list(const_iterator __a, [01;31m[Ksize_type[m[K __l)
      |                                                      [01;31m[K^~~~~~~~~[m[K
[01m[K/usr/include/c++/11/initializer_list:70:17:[m[K [01;31m[Kerror: [m[Kâ€˜[01m[Ksize_type[m[Kâ€™ does not name a type; did you mean â€˜[01m[Ktrue_type[m[Kâ€™?
   70 |       constexpr [01;31m[Ksize_type[m[K
      |                 [01;31m[K^~~~~~~~~[m[K
      |                 [32m[Ktrue_type[m[K
[01m[K/usr/include/c++/11/initializer_list:47:11:[m[K [01;31m[Kfatal error: [m[Kdefinition of â€˜[01m[Kclass std::initializer_list<_E>[m[Kâ€™ does not match â€˜[01m[K#include <initializer_list>[m[Kâ€™
   47 |     class [01;31m[Kinitializer_list[m[K
      |           [01;31m[K^~~~~~~~~~~~~~~~[m[K
compilation terminated.
gmake[2]: *** [CMakeFiles/diff_node.dir/build.make:76: CMakeFiles/diff_node.dir/src/diff_node.cpp.o] Error 1
gmake[1]: *** [CMakeFiles/Makefile2:137: CMakeFiles/diff_node.dir/all] Error 2
gmake: *** [Makefile:146: all] Error 2
