[0.042s] Invoking command in '/home/luuk/turtle3_control/build/turtle3_control': CMAKE_PREFIX_PATH=/opt/ros/humble /usr/bin/cmake /home/luuk/turtle3_control -DCMAKE_INSTALL_PREFIX=/home/luuk/turtle3_control/install/turtle3_control
[0.189s] -- The C compiler identification is GNU 11.4.0
[0.322s] -- The CXX compiler identification is GNU 11.4.0
[0.344s] -- Detecting C compiler ABI info
[0.533s] -- Detecting C compiler ABI info - done
[0.548s] -- Check for working C compiler: /usr/bin/cc - skipped
[0.548s] -- Detecting C compile features
[0.549s] -- Detecting C compile features - done
[0.555s] -- Detecting CXX compiler ABI info
[0.772s] -- Detecting CXX compiler ABI info - done
[0.788s] -- Check for working CXX compiler: /usr/bin/c++ - skipped
[0.788s] -- Detecting CXX compile features
[0.789s] -- Detecting CXX compile features - done
[0.795s] -- Found ament_cmake: 1.3.5 (/opt/ros/humble/share/ament_cmake/cmake)
[1.188s] -- Found Python3: /usr/bin/python3.10 (found version "3.10.12") found components: Interpreter 
[1.400s] -- Found rclcpp: 16.0.5 (/opt/ros/humble/share/rclcpp/cmake)
[1.497s] -- Found rosidl_generator_c: 3.1.5 (/opt/ros/humble/share/rosidl_generator_c/cmake)
[1.508s] -- Found rosidl_adapter: 3.1.5 (/opt/ros/humble/share/rosidl_adapter/cmake)
[1.525s] -- Found rosidl_generator_cpp: 3.1.5 (/opt/ros/humble/share/rosidl_generator_cpp/cmake)
[1.574s] -- Using all available rosidl_typesupport_c: rosidl_typesupport_fastrtps_c;rosidl_typesupport_introspection_c
[1.629s] -- Using all available rosidl_typesupport_cpp: rosidl_typesupport_fastrtps_cpp;rosidl_typesupport_introspection_cpp
[1.821s] -- Found rmw_implementation_cmake: 6.1.1 (/opt/ros/humble/share/rmw_implementation_cmake/cmake)
[1.844s] -- Found rmw_fastrtps_cpp: 6.2.3 (/opt/ros/humble/share/rmw_fastrtps_cpp/cmake)
[2.186s] -- Found OpenSSL: /usr/lib/x86_64-linux-gnu/libcrypto.so (found version "3.0.2")  
[2.258s] -- Found FastRTPS: /opt/ros/humble/include  
[2.399s] -- Using RMW implementation 'rmw_fastrtps_cpp' as default
[2.430s] -- Looking for pthread.h
[2.674s] -- Looking for pthread.h - found
[2.675s] -- Performing Test CMAKE_HAVE_LIBC_PTHREAD
[2.909s] -- Performing Test CMAKE_HAVE_LIBC_PTHREAD - Success
[2.909s] -- Found Threads: TRUE  
[3.598s] -- Configuring done
[3.630s] -- Generating done
[3.631s] -- Build files have been written to: /home/luuk/turtle3_control/build/turtle3_control
[3.665s] Invoked command in '/home/luuk/turtle3_control/build/turtle3_control' returned '0': CMAKE_PREFIX_PATH=/opt/ros/humble /usr/bin/cmake /home/luuk/turtle3_control -DCMAKE_INSTALL_PREFIX=/home/luuk/turtle3_control/install/turtle3_control
[3.667s] Invoking command in '/home/luuk/turtle3_control/build/turtle3_control': CMAKE_PREFIX_PATH=/opt/ros/humble /usr/bin/cmake --build /home/luuk/turtle3_control/build/turtle3_control -- -j8 -l8
[3.874s] [ 50%] [32mBuilding CXX object CMakeFiles/diff_node.dir/src/diff_node.cpp.o[0m
[5.448s] [01m[K/home/luuk/turtle3_control/src/diff_node.cpp:1:1:[m[K [01;31m[Kerror: [m[Kâ€˜[01m[Kinclude[m[Kâ€™ does not name a type
[5.449s]     1 | [01;31m[Kinclude[m[K <chrono>
[5.449s]       | [01;31m[K^~~~~~~[m[K
[5.459s] In file included from [01m[K/usr/include/c++/11/bits/move.h:57[m[K,
[5.459s]                  from [01m[K/usr/include/c++/11/bits/stl_function.h:60[m[K,
[5.459s]                  from [01m[K/usr/include/c++/11/functional:49[m[K,
[5.459s]                  from [01m[K/home/luuk/turtle3_control/src/diff_node.cpp:2[m[K:
[5.460s] [01m[K/usr/include/c++/11/type_traits:227:27:[m[K [01;31m[Kerror: [m[Kâ€˜[01m[Ksize_t[m[Kâ€™ has not been declared
[5.460s]   227 |   template <typename _Tp, [01;31m[Ksize_t[m[K = sizeof(_Tp)>
[5.460s]       |                           [01;31m[K^~~~~~[m[K
[5.462s] [01m[K/usr/include/c++/11/type_traits:431:26:[m[K [01;31m[Kerror: [m[Kâ€˜[01m[Kstd::size_t[m[Kâ€™ has not been declared
[5.462s]   431 |   template<typename _Tp, [01;31m[Kstd[m[K::size_t _Size>
[5.462s]       |                          [01;31m[K^~~[m[K
[5.466s] [01m[K/usr/include/c++/11/type_traits:432:25:[m[K [01;31m[Kerror: [m[Kâ€˜[01m[K_Size[m[Kâ€™ was not declared in this scope
[5.466s]   432 |     struct is_array<_Tp[[01;31m[K_Size[m[K]>
[5.467s]       |                         [01;31m[K^~~~~[m[K
[5.468s] [01m[K/usr/include/c++/11/type_traits:432:31:[m[K [01;31m[Kerror: [m[Ktemplate argument 1 is invalid
[5.468s]   432 |     struct is_array<_Tp[_Size][01;31m[K>[m[K
[5.468s]       |                               [01;31m[K^[m[K
[5.472s] [01m[K/usr/include/c++/11/type_traits:537:42:[m[K [01;31m[Kerror: [m[Kâ€˜[01m[Knullptr_t[m[Kâ€™ is not a member of â€˜[01m[Kstd[m[Kâ€™
[5.473s]   537 |     struct __is_null_pointer_helper<std::[01;31m[Knullptr_t[m[K>
[5.473s]       |                                          [01;31m[K^~~~~~~~~[m[K
[5.473s] [01m[K/usr/include/c++/11/type_traits:537:51:[m[K [01;31m[Kerror: [m[Ktemplate argument 1 is invalid
[5.474s]   537 |     struct __is_null_pointer_helper<std::nullptr_t[01;31m[K>[m[K
[5.474s]       |                                                   [01;31m[K^[m[K
[5.480s] [01m[K/usr/include/c++/11/type_traits:1361:37:[m[K [01;31m[Kerror: [m[Kâ€˜[01m[Ksize_t[m[Kâ€™ is not a member of â€˜[01m[Kstd[m[Kâ€™
[5.480s]  1361 |     : public integral_constant<std::[01;31m[Ksize_t[m[K, alignof(_Tp)>
[5.480s]       |                                     [01;31m[K^~~~~~[m[K
[5.481s] [01m[K/usr/include/c++/11/type_traits:1361:57:[m[K [01;31m[Kerror: [m[Ktemplate argument 1 is invalid
[5.481s]  1361 |     : public integral_constant<std::size_t, alignof(_Tp)[01;31m[K>[m[K
[5.481s]       |                                                         [01;31m[K^[m[K
[5.482s] [01m[K/usr/include/c++/11/type_traits:1361:57:[m[K [01;36m[Knote: [m[Kinvalid template non-type parameter
[5.482s] [01m[K/usr/include/c++/11/type_traits:1370:37:[m[K [01;31m[Kerror: [m[Kâ€˜[01m[Ksize_t[m[Kâ€™ is not a member of â€˜[01m[Kstd[m[Kâ€™
[5.483s]  1370 |     : public integral_constant<std::[01;31m[Ksize_t[m[K, 0> { };
[5.483s]       |                                     [01;31m[K^~~~~~[m[K
[5.483s] [01m[K/usr/include/c++/11/type_traits:1370:46:[m[K [01;31m[Kerror: [m[Ktemplate argument 1 is invalid
[5.483s]  1370 |     : public integral_constant<std::size_t, 0[01;31m[K>[m[K { };
[5.483s]       |                                              [01;31m[K^[m[K
[5.484s] [01m[K/usr/include/c++/11/type_traits:1370:46:[m[K [01;36m[Knote: [m[Kinvalid template non-type parameter
[5.484s] [01m[K/usr/include/c++/11/type_traits:1372:26:[m[K [01;31m[Kerror: [m[Kâ€˜[01m[Kstd::size_t[m[Kâ€™ has not been declared
[5.484s]  1372 |   template<typename _Tp, [01;31m[Kstd[m[K::size_t _Size>
[5.484s]       |                          [01;31m[K^~~[m[K
[5.486s] [01m[K/usr/include/c++/11/type_traits:1373:21:[m[K [01;31m[Kerror: [m[Kâ€˜[01m[K_Size[m[Kâ€™ was not declared in this scope
[5.487s]  1373 |     struct rank<_Tp[[01;31m[K_Size[m[K]>
[5.487s]       |                     [01;31m[K^~~~~[m[K
[5.487s] [01m[K/usr/include/c++/11/type_traits:1373:27:[m[K [01;31m[Kerror: [m[Ktemplate argument 1 is invalid
[5.487s]  1373 |     struct rank<_Tp[_Size][01;31m[K>[m[K
[5.487s]       |                           [01;31m[K^[m[K
[5.488s] [01m[K/usr/include/c++/11/type_traits:1374:37:[m[K [01;31m[Kerror: [m[Kâ€˜[01m[Ksize_t[m[Kâ€™ is not a member of â€˜[01m[Kstd[m[Kâ€™
[5.488s]  1374 |     : public integral_constant<std::[01;31m[Ksize_t[m[K, 1 + rank<_Tp>::value> { };
[5.488s]       |                                     [01;31m[K^~~~~~[m[K
[5.489s] [01m[K/usr/include/c++/11/type_traits:1374:65:[m[K [01;31m[Kerror: [m[Ktemplate argument 1 is invalid
[5.489s]  1374 |     : public integral_constant<std::size_t, 1 + rank<_Tp>::value[01;31m[K>[m[K { };
[5.489s]       |                                                                 [01;31m[K^[m[K
[5.490s] [01m[K/usr/include/c++/11/type_traits:1374:65:[m[K [01;36m[Knote: [m[Kinvalid template non-type parameter
[5.490s] [01m[K/usr/include/c++/11/type_traits:1378:37:[m[K [01;31m[Kerror: [m[Kâ€˜[01m[Ksize_t[m[Kâ€™ is not a member of â€˜[01m[Kstd[m[Kâ€™
[5.490s]  1378 |     : public integral_constant<std::[01;31m[Ksize_t[m[K, 1 + rank<_Tp>::value> { };
[5.491s]       |                                     [01;31m[K^~~~~~[m[K
[5.491s] [01m[K/usr/include/c++/11/type_traits:1378:65:[m[K [01;31m[Kerror: [m[Ktemplate argument 1 is invalid
[5.492s]  1378 |     : public integral_constant<std::size_t, 1 + rank<_Tp>::value[01;31m[K>[m[K { };
[5.492s]       |                                                                 [01;31m[K^[m[K
[5.493s] [01m[K/usr/include/c++/11/type_traits:1378:65:[m[K [01;36m[Knote: [m[Kinvalid template non-type parameter
[5.493s] [01m[K/usr/include/c++/11/type_traits:1383:37:[m[K [01;31m[Kerror: [m[Kâ€˜[01m[Ksize_t[m[Kâ€™ is not a member of â€˜[01m[Kstd[m[Kâ€™
[5.493s]  1383 |     : public integral_constant<std::[01;31m[Ksize_t[m[K, 0> { };
[5.493s]       |                                     [01;31m[K^~~~~~[m[K
[5.493s] [01m[K/usr/include/c++/11/type_traits:1383:46:[m[K [01;31m[Kerror: [m[Ktemplate argument 1 is invalid
[5.494s]  1383 |     : public integral_constant<std::size_t, 0[01;31m[K>[m[K { };
[5.494s]       |                                              [01;31m[K^[m[K
[5.494s] [01m[K/usr/include/c++/11/type_traits:1383:46:[m[K [01;36m[Knote: [m[Kinvalid template non-type parameter
[5.495s] [01m[K/usr/include/c++/11/type_traits:1385:42:[m[K [01;31m[Kerror: [m[Kâ€˜[01m[Kstd::size_t[m[Kâ€™ has not been declared
[5.495s]  1385 |   template<typename _Tp, unsigned _Uint, [01;31m[Kstd[m[K::size_t _Size>
[5.495s]       |                                          [01;31m[K^~~[m[K
[5.496s] [01m[K/usr/include/c++/11/type_traits:1386:23:[m[K [01;31m[Kerror: [m[Kâ€˜[01m[K_Size[m[Kâ€™ was not declared in this scope
[5.496s]  1386 |     struct extent<_Tp[[01;31m[K_Size[m[K], _Uint>
[5.496s]       |                       [01;31m[K^~~~~[m[K
[5.496s] [01m[K/usr/include/c++/11/type_traits:1386:36:[m[K [01;31m[Kerror: [m[Ktemplate argument 1 is invalid
[5.497s]  1386 |     struct extent<_Tp[_Size], _Uint[01;31m[K>[m[K
[5.497s]       |                                    [01;31m[K^[m[K
[5.497s] [01m[K/usr/include/c++/11/type_traits:1387:37:[m[K [01;31m[Kerror: [m[Kâ€˜[01m[Ksize_t[m[Kâ€™ is not a member of â€˜[01m[Kstd[m[Kâ€™
[5.497s]  1387 |     : public integral_constant<std::[01;31m[Ksize_t[m[K,
[5.498s]       |                                     [01;31m[K^~~~~~[m[K
[5.498s] [01m[K/usr/include/c++/11/type_traits:1388:45:[m[K [01;31m[Kerror: [m[Kâ€˜[01m[K_Size[m[Kâ€™ was not declared in this scope
[5.498s]  1388 |                                _Uint == 0 ? [01;31m[K_Size[m[K : extent<_Tp,
[5.498s]       |                                             [01;31m[K^~~~~[m[K
[5.498s] [01m[K/usr/include/c++/11/type_traits:1389:77:[m[K [01;31m[Kerror: [m[Ktemplate argument 1 is invalid
[5.498s]  1389 |                                                            _Uint - 1>::value[01;31m[K>[m[K
[5.499s]       |                                                                             [01;31m[K^[m[K
[5.499s] [01m[K/usr/include/c++/11/type_traits:1389:77:[m[K [01;36m[Knote: [m[Kinvalid template non-type parameter
[5.499s] [01m[K/usr/include/c++/11/type_traits:1394:37:[m[K [01;31m[Kerror: [m[Kâ€˜[01m[Ksize_t[m[Kâ€™ is not a member of â€˜[01m[Kstd[m[Kâ€™
[5.500s]  1394 |     : public integral_constant<std::[01;31m[Ksize_t[m[K,
[5.500s]       |                                     [01;31m[K^~~~~~[m[K
[5.500s] [01m[K/usr/include/c++/11/type_traits:1396:73:[m[K [01;31m[Kerror: [m[Ktemplate argument 1 is invalid
[5.500s]  1396 |                                                        _Uint - 1>::value[01;31m[K>[m[K
[5.500s]       |                                                                         [01;31m[K^[m[K
[5.501s] [01m[K/usr/include/c++/11/type_traits:1396:73:[m[K [01;36m[Knote: [m[Kinvalid template non-type parameter
[5.501s] [01m[K/usr/include/c++/11/type_traits:1759:26:[m[K [01;31m[Kerror: [m[Kâ€˜[01m[Ksize_t[m[Kâ€™ does not name a type
[5.502s]  1759 |       { static constexpr [01;31m[Ksize_t[m[K __size = sizeof(_Tp); };
[5.502s]       |                          [01;31m[K^~~~~~[m[K
[5.502s] In file included from [01m[K/usr/include/c++/11/bits/move.h:57[m[K,
[5.502s]                  from [01m[K/usr/include/c++/11/bits/stl_function.h:60[m[K,
[5.502s]                  from [01m[K/usr/include/c++/11/functional:49[m[K,
[5.503s]                  from [01m[K/home/luuk/turtle3_control/src/diff_node.cpp:2[m[K:
[5.504s] [01m[K/usr/include/c++/11/type_traits:1:1:[m[K [01;36m[Knote: [m[Kâ€˜[01m[Ksize_t[m[Kâ€™ is defined in header â€˜[01m[K<cstddef>[m[Kâ€™; did you forget to â€˜[01m[K#include <cstddef>[m[Kâ€™?
[5.505s]   +++ |+[32m[K#include <cstddef>[m[K
[5.505s]     1 | // C++11 <type_traits> -*- C++ -*-
[5.505s] In file included from [01m[K/usr/include/c++/11/bits/move.h:57[m[K,
[5.505s]                  from [01m[K/usr/include/c++/11/bits/stl_function.h:60[m[K,
[5.505s]                  from [01m[K/usr/include/c++/11/functional:49[m[K,
[5.506s]                  from [01m[K/home/luuk/turtle3_control/src/diff_node.cpp:2[m[K:
[5.506s] [01m[K/usr/include/c++/11/type_traits:1761:14:[m[K [01;31m[Kerror: [m[Kâ€˜[01m[Ksize_t[m[Kâ€™ has not been declared
[5.506s]  1761 |     template<[01;31m[Ksize_t[m[K _Sz, typename _Tp, bool = (_Sz <= _Tp::__size)>
[5.506s]       |              [01;31m[K^~~~~~[m[K
[5.507s] [01m[K/usr/include/c++/11/type_traits:1761:48:[m[K [01;31m[Kerror: [m[Kâ€˜[01m[K_Sz[m[Kâ€™ was not declared in this scope
[5.507s]  1761 |     template<size_t _Sz, typename _Tp, bool = ([01;31m[K_Sz[m[K <= _Tp::__size)>
[5.507s]       |                                                [01;31m[K^~~[m[K
[5.507s] [01m[K/usr/include/c++/11/type_traits:1762:14:[m[K [01;31m[Kerror: [m[Kno default argument for â€˜[01m[K_Tp[m[Kâ€™
[5.508s]  1762 |       struct [01;31m[K__select[m[K;
[5.508s]       |              [01;31m[K^~~~~~~~[m[K
[5.509s] [01m[K/usr/include/c++/11/type_traits:1764:14:[m[K [01;31m[Kerror: [m[Kâ€˜[01m[Ksize_t[m[Kâ€™ has not been declared
[5.509s]  1764 |     template<[01;31m[Ksize_t[m[K _Sz, typename _Uint, typename... _UInts>
[5.510s]       |              [01;31m[K^~~~~~[m[K
[5.510s] [01m[K/usr/include/c++/11/type_traits:1765:23:[m[K [01;31m[Kerror: [m[Kâ€˜[01m[K_Sz[m[Kâ€™ was not declared in this scope
[5.510s]  1765 |       struct __select<[01;31m[K_Sz[m[K, _List<_Uint, _UInts...>, true>
[5.510s]       |                       [01;31m[K^~~[m[K
[5.510s] [01m[K/usr/include/c++/11/type_traits:1765:57:[m[K [01;31m[Kerror: [m[Ktemplate argument 1 is invalid
[5.511s]  1765 |       struct __select<_Sz, _List<_Uint, _UInts...>, true[01;31m[K>[m[K
[5.511s]       |                                                         [01;31m[K^[m[K
[5.511s] [01m[K/usr/include/c++/11/type_traits:1768:14:[m[K [01;31m[Kerror: [m[Kâ€˜[01m[Ksize_t[m[Kâ€™ has not been declared
[5.511s]  1768 |     template<[01;31m[Ksize_t[m[K _Sz, typename _Uint, typename... _UInts>
[5.511s]       |              [01;31m[K^~~~~~[m[K
[5.511s] [01m[K/usr/include/c++/11/type_traits:1769:23:[m[K [01;31m[Kerror: [m[Kâ€˜[01m[K_Sz[m[Kâ€™ was not declared in this scope
[5.512s]  1769 |       struct __select<[01;31m[K_Sz[m[K, _List<_Uint, _UInts...>, false>
[5.512s]       |                       [01;31m[K^~~[m[K
[5.512s] [01m[K/usr/include/c++/11/type_traits:1769:58:[m[K [01;31m[Kerror: [m[Ktemplate argument 1 is invalid
[5.512s]  1769 |       struct __select<_Sz, _List<_Uint, _UInts...>, false[01;31m[K>[m[K
[5.512s]       |                                                          [01;31m[K^[m[K
[5.512s] [01m[K/usr/include/c++/11/type_traits:1770:18:[m[K [01;31m[Kerror: [m[Kâ€˜[01m[K_Sz[m[Kâ€™ was not declared in this scope
[5.513s]  1770 |       : __select<[01;31m[K_Sz[m[K, _List<_UInts...>>
[5.513s]       |                  [01;31m[K^~~[m[K
[5.513s] [01m[K/usr/include/c++/11/type_traits:1770:38:[m[K [01;31m[Kerror: [m[Ktemplate argument 1 is invalid
[5.513s]  1770 |       : __select<_Sz, _List<_UInts...[01;31m[K>>[m[K
[5.513s]       |                                      [01;31m[K^~[m[K
[5.514s] [01m[K/usr/include/c++/11/type_traits:1761:60:[m[K [01;31m[Kerror: [m[Kâ€˜[01m[K__size[m[Kâ€™ is not a member of â€˜[01m[Kstd::__make_unsigned_selector_base::_List<unsigned char, short unsigned int, unsigned int, long unsigned int, long long unsigned int>[m[Kâ€™
[5.514s]  1761 |     template<size_t _Sz, typename _Tp, bool = (_Sz <= _Tp::[01;31m[K__size[m[K)>
[5.514s]       |                                                            [01;31m[K^~~~~~[m[K
[5.514s] [01m[K/usr/include/c++/11/type_traits:1783:68:[m[K [01;31m[Kerror: [m[Ktemplate argument 3 is invalid
[5.515s]  1783 |       using __unsigned_type = typename __select<sizeof(_Tp), _UInts[01;31m[K>[m[K::__type;
[5.515s]       |                                                                    [01;31m[K^[m[K
[5.527s] [01m[K/usr/include/c++/11/type_traits:1787:47:[m[K [01;31m[Kerror: [m[Kâ€˜[01m[K__unsigned_type[m[Kâ€™ was not declared in this scope
[5.527s]  1787 |         = typename __match_cv_qualifiers<_Tp, [01;31m[K__unsigned_type[m[K>::__type;
[5.528s]       |                                               [01;31m[K^~~~~~~~~~~~~~~[m[K
[5.528s] [01m[K/usr/include/c++/11/type_traits:1787:62:[m[K [01;31m[Kerror: [m[Ktemplate argument 2 is invalid
[5.528s]  1787 |         = typename __match_cv_qualifiers<_Tp, __unsigned_type[01;31m[K>[m[K::__type;
[5.528s]       |                                                              [01;31m[K^[m[K
[5.529s] [01m[K/usr/include/c++/11/type_traits:1799:68:[m[K [01;31m[Kerror: [m[Kâ€˜[01m[K__type[m[Kâ€™ in â€˜[01m[Kclass std::__make_unsigned_selector<wchar_t, false, true>[m[Kâ€™ does not name a type
[5.529s]  1799 |         = typename __make_unsigned_selector<wchar_t, false, true>::[01;31m[K__type[m[K;
[5.530s]       |                                                                    [01;31m[K^~~~~~[m[K
[5.530s] [01m[K/usr/include/c++/11/type_traits:1816:69:[m[K [01;31m[Kerror: [m[Kâ€˜[01m[K__type[m[Kâ€™ in â€˜[01m[Kclass std::__make_unsigned_selector<char16_t, false, true>[m[Kâ€™ does not name a type
[5.530s]  1816 |         = typename __make_unsigned_selector<char16_t, false, true>::[01;31m[K__type[m[K;
[5.531s]       |                                                                     [01;31m[K^~~~~~[m[K
[5.531s] [01m[K/usr/include/c++/11/type_traits:1823:69:[m[K [01;31m[Kerror: [m[Kâ€˜[01m[K__type[m[Kâ€™ in â€˜[01m[Kclass std::__make_unsigned_selector<char32_t, false, true>[m[Kâ€™ does not name a type
[5.531s]  1823 |         = typename __make_unsigned_selector<char32_t, false, true>::[01;31m[K__type[m[K;
[5.531s]       |                                                                     [01;31m[K^~~~~~[m[K
[5.532s] /usr/include/c++/11/type_traits: In instantiation of â€˜[01m[Kclass std::__make_unsigned_selector<wchar_t, true, false>[m[Kâ€™:
[5.532s] [01m[K/usr/include/c++/11/type_traits:1912:62:[m[K   required from â€˜[01m[Kclass std::__make_signed_selector<wchar_t, false, true>[m[Kâ€™
[5.532s] [01m[K/usr/include/c++/11/type_traits:1927:57:[m[K   required from here
[5.532s] [01m[K/usr/include/c++/11/type_traits:1744:13:[m[K [01;31m[Kerror: [m[Kno type named â€˜[01m[K__type[m[Kâ€™ in â€˜[01m[Kstruct std::__make_unsigned<wchar_t>[m[Kâ€™
[5.532s]  1744 |       using [01;31m[K__unsigned_type[m[K
[5.533s]       |             [01;31m[K^~~~~~~~~~~~~~~[m[K
[5.533s] [01m[K/usr/include/c++/11/type_traits:1748:13:[m[K [01;31m[Kerror: [m[Kno type named â€˜[01m[K__type[m[Kâ€™ in â€˜[01m[Kstruct std::__make_unsigned<wchar_t>[m[Kâ€™
[5.533s]  1748 |       using [01;31m[K__type[m[K
[5.533s]       |             [01;31m[K^~~~~~[m[K
[5.534s] [01m[K/usr/include/c++/11/type_traits:1927:66:[m[K [01;31m[Kerror: [m[Kinvalid combination of multiple type-specifiers
[5.534s]  1927 |         = typename __make_signed_selector<wchar_t, false, true>::[01;31m[K__type[m[K;
[5.534s]       |                                                                  [01;31m[K^~~~~~[m[K
[5.535s] /usr/include/c++/11/type_traits: In instantiation of â€˜[01m[Kclass std::__make_unsigned_selector<char16_t, true, false>[m[Kâ€™:
[5.535s] [01m[K/usr/include/c++/11/type_traits:1912:62:[m[K   required from â€˜[01m[Kclass std::__make_signed_selector<char16_t, false, true>[m[Kâ€™
[5.535s] [01m[K/usr/include/c++/11/type_traits:1944:58:[m[K   required from here
[5.535s] [01m[K/usr/include/c++/11/type_traits:1744:13:[m[K [01;31m[Kerror: [m[Kno type named â€˜[01m[K__type[m[Kâ€™ in â€˜[01m[Kstruct std::__make_unsigned<char16_t>[m[Kâ€™
[5.536s]  1744 |       using [01;31m[K__unsigned_type[m[K
[5.536s]       |             [01;31m[K^~~~~~~~~~~~~~~[m[K
[5.536s] [01m[K/usr/include/c++/11/type_traits:1748:13:[m[K [01;31m[Kerror: [m[Kno type named â€˜[01m[K__type[m[Kâ€™ in â€˜[01m[Kstruct std::__make_unsigned<char16_t>[m[Kâ€™
[5.536s]  1748 |       using [01;31m[K__type[m[K
[5.536s]       |             [01;31m[K^~~~~~[m[K
[5.537s] [01m[K/usr/include/c++/11/type_traits:1944:67:[m[K [01;31m[Kerror: [m[Kinvalid combination of multiple type-specifiers
[5.537s]  1944 |         = typename __make_signed_selector<char16_t, false, true>::[01;31m[K__type[m[K;
[5.537s]       |                                                                   [01;31m[K^~~~~~[m[K
[5.537s] /usr/include/c++/11/type_traits: In instantiation of â€˜[01m[Kclass std::__make_unsigned_selector<char32_t, true, false>[m[Kâ€™:
[5.538s] [01m[K/usr/include/c++/11/type_traits:1912:62:[m[K   required from â€˜[01m[Kclass std::__make_signed_selector<char32_t, false, true>[m[Kâ€™
[5.538s] [01m[K/usr/include/c++/11/type_traits:1951:58:[m[K   required from here
[5.538s] [01m[K/usr/include/c++/11/type_traits:1744:13:[m[K [01;31m[Kerror: [m[Kno type named â€˜[01m[K__type[m[Kâ€™ in â€˜[01m[Kstruct std::__make_unsigned<char32_t>[m[Kâ€™
[5.538s]  1744 |       using [01;31m[K__unsigned_type[m[K
[5.539s]       |             [01;31m[K^~~~~~~~~~~~~~~[m[K
[5.539s] [01m[K/usr/include/c++/11/type_traits:1748:13:[m[K [01;31m[Kerror: [m[Kno type named â€˜[01m[K__type[m[Kâ€™ in â€˜[01m[Kstruct std::__make_unsigned<char32_t>[m[Kâ€™
[5.539s]  1748 |       using [01;31m[K__type[m[K
[5.539s]       |             [01;31m[K^~~~~~[m[K
[5.539s] [01m[K/usr/include/c++/11/type_traits:1951:67:[m[K [01;31m[Kerror: [m[Kinvalid combination of multiple type-specifiers
[5.540s]  1951 |         = typename __make_signed_selector<char32_t, false, true>::[01;31m[K__type[m[K;
[5.540s]       |                                                                   [01;31m[K^~~~~~[m[K
[5.540s] [01m[K/usr/include/c++/11/type_traits:1984:26:[m[K [01;31m[Kerror: [m[Kâ€˜[01m[Kstd::size_t[m[Kâ€™ has not been declared
[5.540s]  1984 |   template<typename _Tp, [01;31m[Kstd[m[K::size_t _Size>
[5.541s]       |                          [01;31m[K^~~[m[K
[5.541s] [01m[K/usr/include/c++/11/type_traits:1985:30:[m[K [01;31m[Kerror: [m[Kâ€˜[01m[K_Size[m[Kâ€™ was not declared in this scope
[5.541s]  1985 |     struct remove_extent<_Tp[[01;31m[K_Size[m[K]>
[5.541s]       |                              [01;31m[K^~~~~[m[K
[5.541s] [01m[K/usr/include/c++/11/type_traits:1985:36:[m[K [01;31m[Kerror: [m[Ktemplate argument 1 is invalid
[5.542s]  1985 |     struct remove_extent<_Tp[_Size][01;31m[K>[m[K
[5.542s]       |                                    [01;31m[K^[m[K
[5.542s] [01m[K/usr/include/c++/11/type_traits:1997:26:[m[K [01;31m[Kerror: [m[Kâ€˜[01m[Kstd::size_t[m[Kâ€™ has not been declared
[5.542s]  1997 |   template<typename _Tp, [01;31m[Kstd[m[K::size_t _Size>
[5.543s]       |                          [01;31m[K^~~[m[K
[5.544s] [01m[K/usr/include/c++/11/type_traits:1998:35:[m[K [01;31m[Kerror: [m[Kâ€˜[01m[K_Size[m[Kâ€™ was not declared in this scope
[5.544s]  1998 |     struct remove_all_extents<_Tp[[01;31m[K_Size[m[K]>
[5.544s]       |                                   [01;31m[K^~~~~[m[K
[5.545s] [01m[K/usr/include/c++/11/type_traits:1998:41:[m[K [01;31m[Kerror: [m[Ktemplate argument 1 is invalid
[5.545s]  1998 |     struct remove_all_extents<_Tp[_Size][01;31m[K>[m[K
[5.545s]       |                                         [01;31m[K^[m[K
[5.546s] [01m[K/usr/include/c++/11/type_traits:2056:12:[m[K [01;31m[Kerror: [m[Kâ€˜[01m[Kstd::size_t[m[Kâ€™ has not been declared
[5.546s]  2056 |   template<[01;31m[Kstd[m[K::size_t _Len>
[5.546s]       |            [01;31m[K^~~[m[K
[5.547s] [01m[K/usr/include/c++/11/type_traits:2061:30:[m[K [01;31m[Kerror: [m[Kâ€˜[01m[K_Len[m[Kâ€™ was not declared in this scope
[5.547s]  2061 |         unsigned char __data[[01;31m[K_Len[m[K];
[5.547s]       |                              [01;31m[K^~~~[m[K
[5.547s] [01m[K/usr/include/c++/11/type_traits:2076:12:[m[K [01;31m[Kerror: [m[Kâ€˜[01m[Kstd::size_t[m[Kâ€™ has not been declared
[5.548s]  2076 |   template<[01;31m[Kstd[m[K::size_t _Len, std::size_t _Align =
[5.548s]       |            [01;31m[K^~~[m[K
[5.548s] [01m[K/usr/include/c++/11/type_traits:2076:30:[m[K [01;31m[Kerror: [m[Kâ€˜[01m[Kstd::size_t[m[Kâ€™ has not been declared
[5.549s]  2076 |   template<std::size_t _Len, [01;31m[Kstd[m[K::size_t _Align =
[5.549s]       |                              [01;31m[K^~~[m[K
[5.549s] [01m[K/usr/include/c++/11/type_traits:2077:55:[m[K [01;31m[Kerror: [m[Kâ€˜[01m[K_Len[m[Kâ€™ was not declared in this scope
[5.549s]  2077 |            __alignof__(typename __aligned_storage_msa<[01;31m[K_Len[m[K>::__type)>
[5.550s]       |                                                       [01;31m[K^~~~[m[K
[5.550s] [01m[K/usr/include/c++/11/type_traits:2077:59:[m[K [01;31m[Kerror: [m[Ktemplate argument 1 is invalid
[5.550s]  2077 |            __alignof__(typename __aligned_storage_msa<_Len[01;31m[K>[m[K::__type)>
[5.550s]       |                                                           [01;31m[K^[m[K
[5.551s] [01m[K/usr/include/c++/11/type_traits:2082:30:[m[K [01;31m[Kerror: [m[Kâ€˜[01m[K_Len[m[Kâ€™ was not declared in this scope
[5.551s]  2082 |         unsigned char __data[[01;31m[K_Len[m[K];
[5.551s]       |                              [01;31m[K^~~~[m[K
[5.551s] [01m[K/usr/include/c++/11/type_traits:2083:44:[m[K [01;31m[Kerror: [m[Kâ€˜[01m[K_Align[m[Kâ€™ was not declared in this scope
[5.552s]  2083 |         struct __attribute__((__aligned__(([01;31m[K_Align[m[K)))) { } __align;
[5.552s]       |                                            [01;31m[K^~~~~~[m[K
[5.552s] [01m[K/usr/include/c++/11/type_traits:2090:20:[m[K [01;31m[Kerror: [m[Kâ€˜[01m[Ksize_t[m[Kâ€™ does not name a type
[5.552s]  2090 |       static const [01;31m[Ksize_t[m[K _S_alignment = 0;
[5.553s]       |                    [01;31m[K^~~~~~[m[K
[5.553s] [01m[K/usr/include/c++/11/type_traits:2090:20:[m[K [01;36m[Knote: [m[Kâ€˜[01m[Ksize_t[m[Kâ€™ is defined in header â€˜[01m[K<cstddef>[m[Kâ€™; did you forget to â€˜[01m[K#include <cstddef>[m[Kâ€™?
[5.553s] [01m[K/usr/include/c++/11/type_traits:2091:20:[m[K [01;31m[Kerror: [m[Kâ€˜[01m[Ksize_t[m[Kâ€™ does not name a type
[5.554s]  2091 |       static const [01;31m[Ksize_t[m[K _S_size = 0;
[5.554s]       |                    [01;31m[K^~~~~~[m[K
[5.554s] [01m[K/usr/include/c++/11/type_traits:2091:20:[m[K [01;36m[Knote: [m[Kâ€˜[01m[Ksize_t[m[Kâ€™ is defined in header â€˜[01m[K<cstddef>[m[Kâ€™; did you forget to â€˜[01m[K#include <cstddef>[m[Kâ€™?
[5.554s] [01m[K/usr/include/c++/11/type_traits:2097:20:[m[K [01;31m[Kerror: [m[Kâ€˜[01m[Ksize_t[m[Kâ€™ does not name a type
[5.555s]  2097 |       static const [01;31m[Ksize_t[m[K _S_alignment =
[5.555s]       |                    [01;31m[K^~~~~~[m[K
[5.555s] [01m[K/usr/include/c++/11/type_traits:2097:20:[m[K [01;36m[Knote: [m[Kâ€˜[01m[Ksize_t[m[Kâ€™ is defined in header â€˜[01m[K<cstddef>[m[Kâ€™; did you forget to â€˜[01m[K#include <cstddef>[m[Kâ€™?
[5.555s] [01m[K/usr/include/c++/11/type_traits:2100:20:[m[K [01;31m[Kerror: [m[Kâ€˜[01m[Ksize_t[m[Kâ€™ does not name a type
[5.556s]  2100 |       static const [01;31m[Ksize_t[m[K _S_size =
[5.556s]       |                    [01;31m[K^~~~~~[m[K
[5.556s] [01m[K/usr/include/c++/11/type_traits:2100:20:[m[K [01;36m[Knote: [m[Kâ€˜[01m[Ksize_t[m[Kâ€™ is defined in header â€˜[01m[K<cstddef>[m[Kâ€™; did you forget to â€˜[01m[K#include <cstddef>[m[Kâ€™?
[5.557s] [01m[K/usr/include/c++/11/type_traits:2115:13:[m[K [01;31m[Kerror: [m[Kâ€˜[01m[Ksize_t[m[Kâ€™ has not been declared
[5.557s]  2115 |   template <[01;31m[Ksize_t[m[K _Len, typename... _Types>
[5.557s]       |             [01;31m[K^~~~~~[m[K
[5.558s] [01m[K/usr/include/c++/11/type_traits:2122:20:[m[K [01;31m[Kerror: [m[Kâ€˜[01m[Ksize_t[m[Kâ€™ does not name a type
[5.558s]  2122 |       static const [01;31m[Ksize_t[m[K _S_len = _Len > __strictest::_S_size
[5.558s]       |                    [01;31m[K^~~~~~[m[K
[5.558s] [01m[K/usr/include/c++/11/type_traits:2122:20:[m[K [01;36m[Knote: [m[Kâ€˜[01m[Ksize_t[m[Kâ€™ is defined in header â€˜[01m[K<cstddef>[m[Kâ€™; did you forget to â€˜[01m[K#include <cstddef>[m[Kâ€™?
[5.559s] [01m[K/usr/include/c++/11/type_traits:2126:20:[m[K [01;31m[Kerror: [m[Kâ€˜[01m[Ksize_t[m[Kâ€™ does not name a type
[5.559s]  2126 |       static const [01;31m[Ksize_t[m[K alignment_value = __strictest::_S_alignment;
[5.559s]       |                    [01;31m[K^~~~~~[m[K
[5.559s] [01m[K/usr/include/c++/11/type_traits:2126:20:[m[K [01;36m[Knote: [m[Kâ€˜[01m[Ksize_t[m[Kâ€™ is defined in header â€˜[01m[K<cstddef>[m[Kâ€™; did you forget to â€˜[01m[K#include <cstddef>[m[Kâ€™?
[5.560s] [01m[K/usr/include/c++/11/type_traits:2128:40:[m[K [01;31m[Kerror: [m[Kâ€˜[01m[K_S_len[m[Kâ€™ was not declared in this scope
[5.561s]  2128 |       typedef typename aligned_storage<[01;31m[K_S_len[m[K, alignment_value>::type type;
[5.561s]       |                                        [01;31m[K^~~~~~[m[K
[5.562s] [01m[K/usr/include/c++/11/type_traits:2128:48:[m[K [01;31m[Kerror: [m[Kâ€˜[01m[Kalignment_value[m[Kâ€™ was not declared in this scope; did you mean â€˜[01m[Kalignment_of[m[Kâ€™?
[5.562s]  2128 |       typedef typename aligned_storage<_S_len, [01;31m[Kalignment_value[m[K>::type type;
[5.562s]       |                                                [01;31m[K^~~~~~~~~~~~~~~[m[K
[5.563s]       |                                                [32m[Kalignment_of[m[K
[5.563s] [01m[K/usr/include/c++/11/type_traits:2128:63:[m[K [01;31m[Kerror: [m[Ktemplate argument 1 is invalid
[5.564s]  2128 |       typedef typename aligned_storage<_S_len, alignment_value[01;31m[K>[m[K::type type;
[5.564s]       |                                                               [01;31m[K^[m[K
[5.564s] [01m[K/usr/include/c++/11/type_traits:2128:63:[m[K [01;31m[Kerror: [m[Ktemplate argument 2 is invalid
[5.565s] [01m[K/usr/include/c++/11/type_traits:2131:13:[m[K [01;31m[Kerror: [m[Kâ€˜[01m[Ksize_t[m[Kâ€™ has not been declared
[5.565s]  2131 |   template <[01;31m[Ksize_t[m[K _Len, typename... _Types>
[5.565s]       |             [01;31m[K^~~~~~[m[K
[5.565s] [01m[K/usr/include/c++/11/type_traits:2132:11:[m[K [01;31m[Kerror: [m[Kâ€˜[01m[Ksize_t[m[Kâ€™ does not name a type
[5.566s]  2132 |     const [01;31m[Ksize_t[m[K aligned_union<_Len, _Types...>::alignment_value;
[5.566s]       |           [01;31m[K^~~~~~[m[K
[5.567s] [01m[K/usr/include/c++/11/type_traits:2132:11:[m[K [01;36m[Knote: [m[Kâ€˜[01m[Ksize_t[m[Kâ€™ is defined in header â€˜[01m[K<cstddef>[m[Kâ€™; did you forget to â€˜[01m[K#include <cstddef>[m[Kâ€™?
[5.567s] [01m[K/usr/include/c++/11/type_traits:2566:12:[m[K [01;31m[Kerror: [m[Kâ€˜[01m[Ksize_t[m[Kâ€™ has not been declared
[5.567s]  2566 |   template<[01;31m[Ksize_t[m[K _Len, size_t _Align =
[5.567s]       |            [01;31m[K^~~~~~[m[K
[5.568s] [01m[K/usr/include/c++/11/type_traits:2566:25:[m[K [01;31m[Kerror: [m[Kâ€˜[01m[Ksize_t[m[Kâ€™ has not been declared
[5.568s]  2566 |   template<size_t _Len, [01;31m[Ksize_t[m[K _Align =
[5.569s]       |                         [01;31m[K^~~~~~[m[K
[5.575s] [01m[K/usr/include/c++/11/type_traits:2567:56:[m[K [01;31m[Kerror: [m[Kâ€˜[01m[K_Len[m[Kâ€™ was not declared in this scope
[5.575s]  2567 |             __alignof__(typename __aligned_storage_msa<[01;31m[K_Len[m[K>::__type)>
[5.576s]       |                                                        [01;31m[K^~~~[m[K
[5.576s] [01m[K/usr/include/c++/11/type_traits:2567:60:[m[K [01;31m[Kerror: [m[Ktemplate argument 1 is invalid
[5.577s]  2567 |             __alignof__(typename __aligned_storage_msa<_Len[01;31m[K>[m[K::__type)>
[5.578s]       |                                                            [01;31m[K^[m[K
[5.579s] [01m[K/usr/include/c++/11/type_traits:2568:56:[m[K [01;31m[Kerror: [m[Kâ€˜[01m[K_Len[m[Kâ€™ was not declared in this scope
[5.580s]  2568 |     using aligned_storage_t = typename aligned_storage<[01;31m[K_Len[m[K, _Align>::type;
[5.580s]       |                                                        [01;31m[K^~~~[m[K
[5.581s] [01m[K/usr/include/c++/11/type_traits:2568:62:[m[K [01;31m[Kerror: [m[Kâ€˜[01m[K_Align[m[Kâ€™ was not declared in this scope
[5.581s]  2568 |     using aligned_storage_t = typename aligned_storage<_Len, [01;31m[K_Align[m[K>::type;
[5.581s]       |                                                              [01;31m[K^~~~~~[m[K
[5.582s] [01m[K/usr/include/c++/11/type_traits:2568:68:[m[K [01;31m[Kerror: [m[Ktemplate argument 1 is invalid
[5.582s]  2568 |     using aligned_storage_t = typename aligned_storage<_Len, _Align[01;31m[K>[m[K::type;
[5.582s]       |                                                                    [01;31m[K^[m[K
[5.582s] [01m[K/usr/include/c++/11/type_traits:2568:68:[m[K [01;31m[Kerror: [m[Ktemplate argument 2 is invalid
[5.583s] [01m[K/usr/include/c++/11/type_traits:2570:13:[m[K [01;31m[Kerror: [m[Kâ€˜[01m[Ksize_t[m[Kâ€™ has not been declared
[5.583s]  2570 |   template <[01;31m[Ksize_t[m[K _Len, typename... _Types>
[5.583s]       |             [01;31m[K^~~~~~[m[K
[5.584s] [01m[K/usr/include/c++/11/type_traits:2571:52:[m[K [01;31m[Kerror: [m[Kâ€˜[01m[K_Len[m[Kâ€™ was not declared in this scope
[5.585s]  2571 |     using aligned_union_t = typename aligned_union<[01;31m[K_Len[m[K, _Types...>::type;
[5.585s]       |                                                    [01;31m[K^~~~[m[K
[5.585s] [01m[K/usr/include/c++/11/type_traits:2571:67:[m[K [01;31m[Kerror: [m[Ktemplate argument 1 is invalid
[5.585s]  2571 |     using aligned_union_t = typename aligned_union<_Len, _Types...[01;31m[K>[m[K::type;
[5.586s]       |                                                                   [01;31m[K^[m[K
[5.586s] [01m[K/usr/include/c++/11/type_traits:2680:26:[m[K [01;31m[Kerror: [m[Kâ€˜[01m[Ksize_t[m[Kâ€™ has not been declared
[5.586s]  2680 |   template<typename _Tp, [01;31m[Ksize_t[m[K _Nm>
[5.586s]       |                          [01;31m[K^~~~~~[m[K
[5.587s] [01m[K/usr/include/c++/11/type_traits:2684:21:[m[K [01;31m[Kerror: [m[Kâ€˜[01m[K_Nm[m[Kâ€™ was not declared in this scope
[5.587s]  2684 |     swap(_Tp (&__a)[[01;31m[K_Nm[m[K], _Tp (&__b)[_Nm])
[5.587s]       |                     [01;31m[K^~~[m[K
[5.591s] [01m[K/usr/include/c++/11/type_traits:2684:24:[m[K [01;31m[Kerror: [m[Kâ€˜[01m[Ktemplate<class _Tp, <declaration error> > std::__enable_if_t<std::__is_swappable<_Tp>::value> std::swap[m[Kâ€™ conflicts with a previous declaration
[5.592s]  2684 |     swap(_Tp (&__a)[_Nm[01;31m[K][m[K, _Tp (&__b)[_Nm])
[5.592s]       |                        [01;31m[K^[m[K
[5.592s] [01m[K/usr/include/c++/11/type_traits:2676:5:[m[K [01;36m[Knote: [m[Kprevious declaration â€˜[01m[Kstd::_Require<std::__not_<std::__is_tuple_like<_Tp> >, std::is_move_constructible<_Tp>, std::is_move_assignable<_Tp> > std::swap(_Tp&, _Tp&)[m[Kâ€™
[5.592s]  2676 |     [01;36m[Kswap[m[K(_Tp&, _Tp&)
[5.593s]       |     [01;36m[K^~~~[m[K
[5.594s] [01m[K/usr/include/c++/11/type_traits:2684:16:[m[K [01;31m[Kerror: [m[Kâ€˜[01m[K__a[m[Kâ€™ was not declared in this scope
[5.594s]  2684 |     swap(_Tp (&[01;31m[K__a[m[K)[_Nm], _Tp (&__b)[_Nm])
[5.594s]       |                [01;31m[K^~~[m[K
[5.595s] [01m[K/usr/include/c++/11/type_traits:2684:21:[m[K [01;31m[Kerror: [m[Kâ€˜[01m[K_Nm[m[Kâ€™ was not declared in this scope
[5.595s]  2684 |     swap(_Tp (&__a)[[01;31m[K_Nm[m[K], _Tp (&__b)[_Nm])
[5.595s]       |                     [01;31m[K^~~[m[K
[5.598s] [01m[K/usr/include/c++/11/type_traits:2684:33:[m[K [01;31m[Kerror: [m[Kâ€˜[01m[K__b[m[Kâ€™ was not declared in this scope
[5.598s]  2684 |     swap(_Tp (&__a)[_Nm], _Tp (&[01;31m[K__b[m[K)[_Nm])
[5.598s]       |                                 [01;31m[K^~~[m[K
[5.600s] [01m[K/usr/include/c++/11/type_traits:2684:38:[m[K [01;31m[Kerror: [m[Kâ€˜[01m[K_Nm[m[Kâ€™ was not declared in this scope
[5.600s]  2684 |     swap(_Tp (&__a)[_Nm], _Tp (&__b)[[01;31m[K_Nm[m[K])
[5.601s]       |                                      [01;31m[K^~~[m[K
[5.601s] [01m[K/usr/include/c++/11/type_traits:2684:43:[m[K [01;31m[Kerror: [m[Kexpected â€˜[01m[K;[m[Kâ€™ before â€˜[01m[Knoexcept[m[Kâ€™
[5.601s]  2684 |     swap(_Tp (&__a)[_Nm], _Tp (&__b)[_Nm])
[5.602s]       |                                           [01;31m[K^[m[K
[5.602s]       |                                           [32m[K;[m[K
[5.602s]  2685 |     [32m[Knoexcept[m[K(__is_nothrow_swappable<_Tp>::value);
[5.603s]       |     [32m[K~~~~~~~~[m[K                               
[5.610s] [01m[K/usr/include/c++/11/type_traits:3244:20:[m[K [01;31m[Kerror: [m[Kâ€˜[01m[Ksize_t[m[Kâ€™ does not name a type
[5.610s]  3244 |   inline constexpr [01;31m[Ksize_t[m[K alignment_of_v = alignment_of<_Tp>::value;
[5.610s]       |                    [01;31m[K^~~~~~[m[K
[5.610s] [01m[K/usr/include/c++/11/type_traits:3244:20:[m[K [01;36m[Knote: [m[Kâ€˜[01m[Ksize_t[m[Kâ€™ is defined in header â€˜[01m[K<cstddef>[m[Kâ€™; did you forget to â€˜[01m[K#include <cstddef>[m[Kâ€™?
[5.611s] [01m[K/usr/include/c++/11/type_traits:3246:20:[m[K [01;31m[Kerror: [m[Kâ€˜[01m[Ksize_t[m[Kâ€™ does not name a type
[5.611s]  3246 |   inline constexpr [01;31m[Ksize_t[m[K rank_v = rank<_Tp>::value;
[5.611s]       |                    [01;31m[K^~~~~~[m[K
[5.611s] [01m[K/usr/include/c++/11/type_traits:3246:20:[m[K [01;36m[Knote: [m[Kâ€˜[01m[Ksize_t[m[Kâ€™ is defined in header â€˜[01m[K<cstddef>[m[Kâ€™; did you forget to â€˜[01m[K#include <cstddef>[m[Kâ€™?
[5.611s] [01m[K/usr/include/c++/11/type_traits:3248:20:[m[K [01;31m[Kerror: [m[Kâ€˜[01m[Ksize_t[m[Kâ€™ does not name a type
[5.611s]  3248 |   inline constexpr [01;31m[Ksize_t[m[K extent_v = extent<_Tp, _Idx>::value;
[5.611s]       |                    [01;31m[K^~~~~~[m[K
[5.612s] [01m[K/usr/include/c++/11/type_traits:3248:20:[m[K [01;36m[Knote: [m[Kâ€˜[01m[Ksize_t[m[Kâ€™ is defined in header â€˜[01m[K<cstddef>[m[Kâ€™; did you forget to â€˜[01m[K#include <cstddef>[m[Kâ€™?
[5.612s] In file included from [01m[K/usr/include/c++/11/bits/stl_function.h:60[m[K,
[5.612s]                  from [01m[K/usr/include/c++/11/functional:49[m[K,
[5.612s]                  from [01m[K/home/luuk/turtle3_control/src/diff_node.cpp:2[m[K:
[5.612s] [01m[K/usr/include/c++/11/bits/move.h:212:26:[m[K [01;31m[Kerror: [m[Kâ€˜[01m[Ksize_t[m[Kâ€™ has not been declared
[5.612s]   212 |   template<typename _Tp, [01;31m[Ksize_t[m[K _Nm>
[5.612s]       |                          [01;31m[K^~~~~~[m[K
[5.613s] [01m[K/usr/include/c++/11/bits/move.h:220:21:[m[K [01;31m[Kerror: [m[Kâ€˜[01m[K_Nm[m[Kâ€™ was not declared in this scope
[5.613s]   220 |     swap(_Tp (&__a)[[01;31m[K_Nm[m[K], _Tp (&__b)[_Nm])
[5.613s]       |                     [01;31m[K^~~[m[K
[5.614s] [01m[K/usr/include/c++/11/bits/move.h:220:24:[m[K [01;31m[Kerror: [m[Kâ€˜[01m[Ktemplate<class _Tp, <declaration error> > typename std::enable_if<std::__is_swappable<_Tp>::value, void>::type std::swap[m[Kâ€™ conflicts with a previous declaration
[5.614s]   220 |     swap(_Tp (&__a)[_Nm[01;31m[K][m[K, _Tp (&__b)[_Nm])
[5.614s]       |                        [01;31m[K^[m[K
[5.614s] [01m[K/usr/include/c++/11/bits/move.h:196:5:[m[K [01;36m[Knote: [m[Kprevious declaration â€˜[01m[Kstd::_Require<std::__not_<std::__is_tuple_like<_Tp> >, std::is_move_constructible<_Tp>, std::is_move_assignable<_Tp> > std::swap(_Tp&, _Tp&)[m[Kâ€™
[5.615s]   196 |     [01;36m[Kswap[m[K(_Tp& __a, _Tp& __b)
[5.615s]       |     [01;36m[K^~~~[m[K
[5.615s] [01m[K/usr/include/c++/11/bits/move.h:220:16:[m[K [01;31m[Kerror: [m[Kâ€˜[01m[K__a[m[Kâ€™ was not declared in this scope
[5.615s]   220 |     swap(_Tp (&[01;31m[K__a[m[K)[_Nm], _Tp (&__b)[_Nm])
[5.616s]       |                [01;31m[K^~~[m[K
[5.616s] [01m[K/usr/include/c++/11/bits/move.h:220:21:[m[K [01;31m[Kerror: [m[Kâ€˜[01m[K_Nm[m[Kâ€™ was not declared in this scope
[5.617s]   220 |     swap(_Tp (&__a)[[01;31m[K_Nm[m[K], _Tp (&__b)[_Nm])
[5.617s]       |                     [01;31m[K^~~[m[K
[5.617s] [01m[K/usr/include/c++/11/bits/move.h:220:33:[m[K [01;31m[Kerror: [m[Kâ€˜[01m[K__b[m[Kâ€™ was not declared in this scope
[5.617s]   220 |     swap(_Tp (&__a)[_Nm], _Tp (&[01;31m[K__b[m[K)[_Nm])
[5.618s]       |                                 [01;31m[K^~~[m[K
[5.618s] [01m[K/usr/include/c++/11/bits/move.h:220:38:[m[K [01;31m[Kerror: [m[Kâ€˜[01m[K_Nm[m[Kâ€™ was not declared in this scope
[5.619s]   220 |     swap(_Tp (&__a)[_Nm], _Tp (&__b)[[01;31m[K_Nm[m[K])
[5.619s]       |                                      [01;31m[K^~~[m[K
[5.619s] [01m[K/usr/include/c++/11/bits/move.h:220:43:[m[K [01;31m[Kerror: [m[Kexpected â€˜[01m[K;[m[Kâ€™ before â€˜[01m[Knoexcept[m[Kâ€™
[5.619s]   220 |     swap(_Tp (&__a)[_Nm], _Tp (&__b)[_Nm])
[5.620s]       |                                           [01;31m[K^[m[K
[5.620s]       |                                           [32m[K;[m[K
[5.647s] In file included from [01m[K/usr/include/c++/11/functional:53[m[K,
[5.648s]                  from [01m[K/home/luuk/turtle3_control/src/diff_node.cpp:2[m[K:
[5.648s] [01m[K/usr/include/c++/11/new:89:25:[m[K [01;31m[Kerror: [m[Kfound â€˜[01m[K:[m[Kâ€™ in nested-name-specifier, expected â€˜[01m[K::[m[Kâ€™
[5.648s]    89 |   enum class align_val_t[01;31m[K:[m[K size_t {};
[5.648s]       |                         [01;31m[K^[m[K
[5.648s]       |                         [32m[K::[m[K
[5.649s] [01m[K/usr/include/c++/11/new:89:27:[m[K [01;31m[Kerror: [m[Kâ€˜[01m[Ksize_t[m[Kâ€™ in â€˜[01m[Kenum class std::align_val_t[m[Kâ€™ does not name a type
[5.649s]    89 |   enum class align_val_t: [01;31m[Ksize_t[m[K {};
[5.649s]       |                           [01;31m[K^~~~~~[m[K
[5.649s] [01m[K/usr/include/c++/11/new:89:34:[m[K [01;31m[Kerror: [m[Kexpected unqualified-id before â€˜[01m[K{[m[Kâ€™ token
[5.649s]    89 |   enum class align_val_t: size_t [01;31m[K{[m[K};
[5.649s]       |                                  [01;31m[K^[m[K
[5.650s] [01m[K/usr/include/c++/11/new:126:26:[m[K [01;31m[Kerror: [m[Kdeclaration of â€˜[01m[Koperator new[m[Kâ€™ as non-function
[5.650s]   126 | _GLIBCXX_NODISCARD void* [01;31m[Koperator[m[K new(std::size_t) _GLIBCXX_THROW (std::bad_alloc)
[5.651s]       |                          [01;31m[K^~~~~~~~[m[K
[5.651s] [01m[K/usr/include/c++/11/new:126:44:[m[K [01;31m[Kerror: [m[Kâ€˜[01m[Ksize_t[m[Kâ€™ is not a member of â€˜[01m[Kstd[m[Kâ€™
[5.651s]   126 | _GLIBCXX_NODISCARD void* operator new(std::[01;31m[Ksize_t[m[K) _GLIBCXX_THROW (std::bad_alloc)
[5.651s]       |                                            [01;31m[K^~~~~~[m[K
[5.651s] [01m[K/usr/include/c++/11/new:127:41:[m[K [01;31m[Kerror: [m[Kattributes after parenthesized initializer ignored [[01;31m[K]8;;https://gcc.gnu.org/onlinedocs/gcc/Warning-Options.html#index-fpermissive-fpermissive]8;;[m[K]
[5.651s]   127 |   __attribute__((__externally_visible__)[01;31m[K)[m[K;
[5.652s]       |                                         [01;31m[K^[m[K
[5.652s] [01m[K/usr/include/c++/11/new:128:26:[m[K [01;31m[Kerror: [m[Kdeclaration of â€˜[01m[Koperator new [][m[Kâ€™ as non-function
[5.652s]   128 | _GLIBCXX_NODISCARD void* [01;31m[Koperator[m[K new[](std::size_t) _GLIBCXX_THROW (std::bad_alloc)
[5.652s]       |                          [01;31m[K^~~~~~~~[m[K
[5.652s] [01m[K/usr/include/c++/11/new:128:46:[m[K [01;31m[Kerror: [m[Kâ€˜[01m[Ksize_t[m[Kâ€™ is not a member of â€˜[01m[Kstd[m[Kâ€™
[5.652s]   128 | _GLIBCXX_NODISCARD void* operator new[](std::[01;31m[Ksize_t[m[K) _GLIBCXX_THROW (std::bad_alloc)
[5.652s]       |                                              [01;31m[K^~~~~~[m[K
[5.653s] [01m[K/usr/include/c++/11/new:129:41:[m[K [01;31m[Kerror: [m[Kattributes after parenthesized initializer ignored [[01;31m[K]8;;https://gcc.gnu.org/onlinedocs/gcc/Warning-Options.html#index-fpermissive-fpermissive]8;;[m[K]
[5.653s]   129 |   __attribute__((__externally_visible__)[01;31m[K)[m[K;
[5.653s]       |                                         [01;31m[K^[m[K
[5.653s] [01m[K/usr/include/c++/11/new:135:29:[m[K [01;31m[Kerror: [m[Kâ€˜[01m[Kstd::size_t[m[Kâ€™ has not been declared
[5.653s]   135 | void operator delete(void*, [01;31m[Kstd[m[K::size_t) _GLIBCXX_USE_NOEXCEPT
[5.653s]       |                             [01;31m[K^~~[m[K
[5.654s] [01m[K/usr/include/c++/11/new:137:31:[m[K [01;31m[Kerror: [m[Kâ€˜[01m[Kstd::size_t[m[Kâ€™ has not been declared
[5.654s]   137 | void operator delete[](void*, [01;31m[Kstd[m[K::size_t) _GLIBCXX_USE_NOEXCEPT
[5.654s]       |                               [01;31m[K^~~[m[K
[5.654s] [01m[K/usr/include/c++/11/new:140:26:[m[K [01;31m[Kerror: [m[Kdeclaration of â€˜[01m[Koperator new[m[Kâ€™ as non-function
[5.654s]   140 | _GLIBCXX_NODISCARD void* [01;31m[Koperator[m[K new(std::size_t, const std::nothrow_t&) _GLIBCXX_USE_NOEXCEPT
[5.654s]       |                          [01;31m[K^~~~~~~~[m[K
[5.654s] [01m[K/usr/include/c++/11/new:140:44:[m[K [01;31m[Kerror: [m[Kâ€˜[01m[Ksize_t[m[Kâ€™ is not a member of â€˜[01m[Kstd[m[Kâ€™
[5.655s]   140 | _GLIBCXX_NODISCARD void* operator new(std::[01;31m[Ksize_t[m[K, const std::nothrow_t&) _GLIBCXX_USE_NOEXCEPT
[5.655s]       |                                            [01;31m[K^~~~~~[m[K
[5.655s] [01m[K/usr/include/c++/11/new:140:52:[m[K [01;31m[Kerror: [m[Kexpected primary-expression before â€˜[01m[Kconst[m[Kâ€™
[5.655s]   140 | _GLIBCXX_NODISCARD void* operator new(std::size_t, [01;31m[Kconst[m[K std::nothrow_t&) _GLIBCXX_USE_NOEXCEPT
[5.655s]       |                                                    [01;31m[K^~~~~[m[K
[5.655s] [01m[K/usr/include/c++/11/new:142:26:[m[K [01;31m[Kerror: [m[Kdeclaration of â€˜[01m[Koperator new [][m[Kâ€™ as non-function
[5.655s]   142 | _GLIBCXX_NODISCARD void* [01;31m[Koperator[m[K new[](std::size_t, const std::nothrow_t&) _GLIBCXX_USE_NOEXCEPT
[5.656s]       |                          [01;31m[K^~~~~~~~[m[K
[5.656s] [01m[K/usr/include/c++/11/new:142:46:[m[K [01;31m[Kerror: [m[Kâ€˜[01m[Ksize_t[m[Kâ€™ is not a member of â€˜[01m[Kstd[m[Kâ€™
[5.656s]   142 | _GLIBCXX_NODISCARD void* operator new[](std::[01;31m[Ksize_t[m[K, const std::nothrow_t&) _GLIBCXX_USE_NOEXCEPT
[5.656s]       |                                              [01;31m[K^~~~~~[m[K
[5.657s] [01m[K/usr/include/c++/11/new:142:54:[m[K [01;31m[Kerror: [m[Kexpected primary-expression before â€˜[01m[Kconst[m[Kâ€™
[5.657s]   142 | _GLIBCXX_NODISCARD void* operator new[](std::size_t, [01;31m[Kconst[m[K std::nothrow_t&) _GLIBCXX_USE_NOEXCEPT
[5.657s]       |                                                      [01;31m[K^~~~~[m[K
[5.657s] [01m[K/usr/include/c++/11/new:149:26:[m[K [01;31m[Kerror: [m[Kdeclaration of â€˜[01m[Koperator new[m[Kâ€™ as non-function
[5.657s]   149 | _GLIBCXX_NODISCARD void* [01;31m[Koperator[m[K new(std::size_t, std::align_val_t)
[5.657s]       |                          [01;31m[K^~~~~~~~[m[K
[5.657s] [01m[K/usr/include/c++/11/new:149:44:[m[K [01;31m[Kerror: [m[Kâ€˜[01m[Ksize_t[m[Kâ€™ is not a member of â€˜[01m[Kstd[m[Kâ€™
[5.658s]   149 | _GLIBCXX_NODISCARD void* operator new(std::[01;31m[Ksize_t[m[K, std::align_val_t)
[5.658s]       |                                            [01;31m[K^~~~~~[m[K
[5.658s] [01m[K/usr/include/c++/11/new:149:68:[m[K [01;31m[Kerror: [m[Kexpected primary-expression before â€˜[01m[K)[m[Kâ€™ token
[5.658s]   149 | _GLIBCXX_NODISCARD void* operator new(std::size_t, std::align_val_t[01;31m[K)[m[K
[5.658s]       |                                                                    [01;31m[K^[m[K
[5.658s] [01m[K/usr/include/c++/11/new:150:73:[m[K [01;31m[Kerror: [m[Kattributes after parenthesized initializer ignored [[01;31m[K]8;;https://gcc.gnu.org/onlinedocs/gcc/Warning-Options.html#index-fpermissive-fpermissive]8;;[m[K]
[5.658s]   150 |   __attribute__((__externally_visible__, __alloc_size__ (1), __malloc__)[01;31m[K)[m[K;
[5.659s]       |                                                                         [01;31m[K^[m[K
[5.659s] [01m[K/usr/include/c++/11/new:151:26:[m[K [01;31m[Kerror: [m[Kdeclaration of â€˜[01m[Koperator new[m[Kâ€™ as non-function
[5.659s]   151 | _GLIBCXX_NODISCARD void* [01;31m[Koperator[m[K new(std::size_t, std::align_val_t, const std::nothrow_t&)
[5.659s]       |                          [01;31m[K^~~~~~~~[m[K
[5.659s] [01m[K/usr/include/c++/11/new:151:44:[m[K [01;31m[Kerror: [m[Kâ€˜[01m[Ksize_t[m[Kâ€™ is not a member of â€˜[01m[Kstd[m[Kâ€™
[5.659s]   151 | _GLIBCXX_NODISCARD void* operator new(std::[01;31m[Ksize_t[m[K, std::align_val_t, const std::nothrow_t&)
[5.659s]       |                                            [01;31m[K^~~~~~[m[K
[5.660s] [01m[K/usr/include/c++/11/new:151:68:[m[K [01;31m[Kerror: [m[Kexpected primary-expression before â€˜[01m[K,[m[Kâ€™ token
[5.660s]   151 | _GLIBCXX_NODISCARD void* operator new(std::size_t, std::align_val_t[01;31m[K,[m[K const std::nothrow_t&)
[5.660s]       |                                                                    [01;31m[K^[m[K
[5.660s] [01m[K/usr/include/c++/11/new:151:70:[m[K [01;31m[Kerror: [m[Kexpected primary-expression before â€˜[01m[Kconst[m[Kâ€™
[5.660s]   151 | _GLIBCXX_NODISCARD void* operator new(std::size_t, std::align_val_t, [01;31m[Kconst[m[K std::nothrow_t&)
[5.660s]       |                                                                      [01;31m[K^~~~~[m[K
[5.660s] [01m[K/usr/include/c++/11/new:157:26:[m[K [01;31m[Kerror: [m[Kdeclaration of â€˜[01m[Koperator new [][m[Kâ€™ as non-function
[5.661s]   157 | _GLIBCXX_NODISCARD void* [01;31m[Koperator[m[K new[](std::size_t, std::align_val_t)
[5.661s]       |                          [01;31m[K^~~~~~~~[m[K
[5.661s] [01m[K/usr/include/c++/11/new:157:46:[m[K [01;31m[Kerror: [m[Kâ€˜[01m[Ksize_t[m[Kâ€™ is not a member of â€˜[01m[Kstd[m[Kâ€™
[5.661s]   157 | _GLIBCXX_NODISCARD void* operator new[](std::[01;31m[Ksize_t[m[K, std::align_val_t)
[5.661s]       |                                              [01;31m[K^~~~~~[m[K
[5.661s] [01m[K/usr/include/c++/11/new:157:70:[m[K [01;31m[Kerror: [m[Kexpected primary-expression before â€˜[01m[K)[m[Kâ€™ token
[5.662s]   157 | _GLIBCXX_NODISCARD void* operator new[](std::size_t, std::align_val_t[01;31m[K)[m[K
[5.662s]       |                                                                      [01;31m[K^[m[K
[5.662s] [01m[K/usr/include/c++/11/new:158:73:[m[K [01;31m[Kerror: [m[Kattributes after parenthesized initializer ignored [[01;31m[K]8;;https://gcc.gnu.org/onlinedocs/gcc/Warning-Options.html#index-fpermissive-fpermissive]8;;[m[K]
[5.662s]   158 |   __attribute__((__externally_visible__, __alloc_size__ (1), __malloc__)[01;31m[K)[m[K;
[5.662s]       |                                                                         [01;31m[K^[m[K
[5.662s] [01m[K/usr/include/c++/11/new:159:26:[m[K [01;31m[Kerror: [m[Kdeclaration of â€˜[01m[Koperator new [][m[Kâ€™ as non-function
[5.663s]   159 | _GLIBCXX_NODISCARD void* [01;31m[Koperator[m[K new[](std::size_t, std::align_val_t, const std::nothrow_t&)
[5.663s]       |                          [01;31m[K^~~~~~~~[m[K
[5.663s] [01m[K/usr/include/c++/11/new:159:46:[m[K [01;31m[Kerror: [m[Kâ€˜[01m[Ksize_t[m[Kâ€™ is not a member of â€˜[01m[Kstd[m[Kâ€™
[5.663s]   159 | _GLIBCXX_NODISCARD void* operator new[](std::[01;31m[Ksize_t[m[K, std::align_val_t, const std::nothrow_t&)
[5.663s]       |                                              [01;31m[K^~~~~~[m[K
[5.663s] [01m[K/usr/include/c++/11/new:159:70:[m[K [01;31m[Kerror: [m[Kexpected primary-expression before â€˜[01m[K,[m[Kâ€™ token
[5.667s]   159 | _GLIBCXX_NODISCARD void* operator new[](std::size_t, std::align_val_t[01;31m[K,[m[K const std::nothrow_t&)
[5.667s]       |                                                                      [01;31m[K^[m[K
[5.667s] [01m[K/usr/include/c++/11/new:159:72:[m[K [01;31m[Kerror: [m[Kexpected primary-expression before â€˜[01m[Kconst[m[Kâ€™
[5.667s]   159 | _GLIBCXX_NODISCARD void* operator new[](std::size_t, std::align_val_t, [01;31m[Kconst[m[K std::nothrow_t&)
[5.667s]       |                                                                        [01;31m[K^~~~~[m[K
[5.668s] [01m[K/usr/include/c++/11/new:166:29:[m[K [01;31m[Kerror: [m[Kâ€˜[01m[Kstd::size_t[m[Kâ€™ has not been declared
[5.668s]   166 | void operator delete(void*, [01;31m[Kstd[m[K::size_t, std::align_val_t)
[5.668s]       |                             [01;31m[K^~~[m[K
[5.668s] [01m[K/usr/include/c++/11/new:168:31:[m[K [01;31m[Kerror: [m[Kâ€˜[01m[Kstd::size_t[m[Kâ€™ has not been declared
[5.668s]   168 | void operator delete[](void*, [01;31m[Kstd[m[K::size_t, std::align_val_t)
[5.668s]       |                               [01;31m[K^~~[m[K
[5.669s] [01m[K/usr/include/c++/11/new:174:33:[m[K [01;31m[Kerror: [m[Kdeclaration of â€˜[01m[Koperator new[m[Kâ€™ as non-function
[5.669s]   174 | _GLIBCXX_NODISCARD inline void* [01;31m[Koperator[m[K new(std::size_t, void* __p) _GLIBCXX_USE_NOEXCEPT
[5.669s]       |                                 [01;31m[K^~~~~~~~[m[K
[5.669s] [01m[K/usr/include/c++/11/new:174:51:[m[K [01;31m[Kerror: [m[Kâ€˜[01m[Ksize_t[m[Kâ€™ is not a member of â€˜[01m[Kstd[m[Kâ€™
[5.669s]   174 | _GLIBCXX_NODISCARD inline void* operator new(std::[01;31m[Ksize_t[m[K, void* __p) _GLIBCXX_USE_NOEXCEPT
[5.670s]       |                                                   [01;31m[K^~~~~~[m[K
[5.670s] [01m[K/usr/include/c++/11/new:174:59:[m[K [01;31m[Kerror: [m[Kexpected primary-expression before â€˜[01m[Kvoid[m[Kâ€™
[5.671s]   174 | _GLIBCXX_NODISCARD inline void* operator new(std::size_t, [01;31m[Kvoid[m[K* __p) _GLIBCXX_USE_NOEXCEPT
[5.671s]       |                                                           [01;31m[K^~~~[m[K
[5.671s] [01m[K/usr/include/c++/11/new:176:33:[m[K [01;31m[Kerror: [m[Kdeclaration of â€˜[01m[Koperator new [][m[Kâ€™ as non-function
[5.671s]   176 | _GLIBCXX_NODISCARD inline void* [01;31m[Koperator[m[K new[](std::size_t, void* __p) _GLIBCXX_USE_NOEXCEPT
[5.671s]       |                                 [01;31m[K^~~~~~~~[m[K
[5.672s] [01m[K/usr/include/c++/11/new:176:53:[m[K [01;31m[Kerror: [m[Kâ€˜[01m[Ksize_t[m[Kâ€™ is not a member of â€˜[01m[Kstd[m[Kâ€™
[5.672s]   176 | _GLIBCXX_NODISCARD inline void* operator new[](std::[01;31m[Ksize_t[m[K, void* __p) _GLIBCXX_USE_NOEXCEPT
[5.672s]       |                                                     [01;31m[K^~~~~~[m[K
[5.673s] [01m[K/usr/include/c++/11/new:176:61:[m[K [01;31m[Kerror: [m[Kexpected primary-expression before â€˜[01m[Kvoid[m[Kâ€™
[5.673s]   176 | _GLIBCXX_NODISCARD inline void* operator new[](std::size_t, [01;31m[Kvoid[m[K* __p) _GLIBCXX_USE_NOEXCEPT
[5.673s]       |                                                             [01;31m[K^~~~[m[K
[5.673s] In file included from [01m[K/usr/include/c++/11/utility:70[m[K,
[5.674s]                  from [01m[K/usr/include/c++/11/tuple:38[m[K,
[5.674s]                  from [01m[K/usr/include/c++/11/functional:54[m[K,
[5.674s]                  from [01m[K/home/luuk/turtle3_control/src/diff_node.cpp:2[m[K:
[5.674s] [01m[K/usr/include/c++/11/bits/stl_pair.h:92:12:[m[K [01;31m[Kerror: [m[Kâ€˜[01m[Ksize_t[m[Kâ€™ has not been declared
[5.675s]    92 |   template<[01;31m[Ksize_t[m[K...>
[5.675s]       |            [01;31m[K^~~~~~[m[K
[5.675s] [01m[K/usr/include/c++/11/bits/stl_pair.h:449:36:[m[K [01;31m[Kerror: [m[Kâ€˜[01m[Ksize_t[m[Kâ€™ has not been declared
[5.675s]   449 |       template<typename... _Args1, [01;31m[Ksize_t[m[K... _Indexes1,
[5.676s]       |                                    [01;31m[K^~~~~~[m[K
[5.676s] [01m[K/usr/include/c++/11/bits/stl_pair.h:450:36:[m[K [01;31m[Kerror: [m[Kâ€˜[01m[Ksize_t[m[Kâ€™ has not been declared
[5.676s]   450 |                typename... _Args2, [01;31m[Ksize_t[m[K... _Indexes2>
[5.676s]       |                                    [01;31m[K^~~~~~[m[K
[5.676s] [01m[K/usr/include/c++/11/bits/stl_pair.h:453:27:[m[K [01;31m[Kerror: [m[Kâ€˜[01m[K_Indexes1[m[Kâ€™ was not declared in this scope
[5.676s]   453 |              _Index_tuple<[01;31m[K_Indexes1[m[K...>, _Index_tuple<_Indexes2...>);
[5.677s]       |                           [01;31m[K^~~~~~~~~[m[K
[5.677s] [01m[K/usr/include/c++/11/bits/stl_pair.h:453:36:[m[K [01;31m[Kerror: [m[Kexpected parameter pack before â€˜[01m[K...[m[Kâ€™
[5.677s]   453 |              _Index_tuple<_Indexes1[01;31m[K...[m[K>, _Index_tuple<_Indexes2...>);
[5.677s]       |                                    [01;31m[K^~~[m[K
[5.677s] [01m[K/usr/include/c++/11/bits/stl_pair.h:453:39:[m[K [01;31m[Kerror: [m[Ktemplate argument 1 is invalid
[5.678s]   453 |              _Index_tuple<_Indexes1...[01;31m[K>[m[K, _Index_tuple<_Indexes2...>);
[5.678s]       |                                       [01;31m[K^[m[K
[5.678s] [01m[K/usr/include/c++/11/bits/stl_pair.h:453:55:[m[K [01;31m[Kerror: [m[Kâ€˜[01m[K_Indexes2[m[Kâ€™ was not declared in this scope
[5.679s]   453 |              _Index_tuple<_Indexes1...>, _Index_tuple<[01;31m[K_Indexes2[m[K...>);
[5.679s]       |                                                       [01;31m[K^~~~~~~~~[m[K
[5.680s] [01m[K/usr/include/c++/11/bits/stl_pair.h:453:64:[m[K [01;31m[Kerror: [m[Kexpected parameter pack before â€˜[01m[K...[m[Kâ€™
[5.680s]   453 |              _Index_tuple<_Indexes1...>, _Index_tuple<_Indexes2[01;31m[K...[m[K>);
[5.680s]       |                                                                [01;31m[K^~~[m[K
[5.680s] [01m[K/usr/include/c++/11/bits/stl_pair.h:453:67:[m[K [01;31m[Kerror: [m[Ktemplate argument 1 is invalid
[5.681s]   453 |              _Index_tuple<_Indexes1...>, _Index_tuple<_Indexes2...[01;31m[K>[m[K);
[5.681s]       |                                                                   [01;31m[K^[m[K
[5.681s] In file included from [01m[K/usr/include/c++/11/utility:76[m[K,
[5.682s]                  from [01m[K/usr/include/c++/11/tuple:38[m[K,
[5.682s]                  from [01m[K/usr/include/c++/11/functional:54[m[K,
[5.682s]                  from [01m[K/home/luuk/turtle3_control/src/diff_node.cpp:2[m[K:
[5.682s] [01m[K/usr/include/c++/11/initializer_list:53:15:[m[K [01;31m[Kerror: [m[Kâ€˜[01m[Ksize_t[m[Kâ€™ does not name a type
[5.683s]    53 |       typedef [01;31m[Ksize_t[m[K            size_type;
[5.683s]       |               [01;31m[K^~~~~~[m[K
[5.683s] In file included from [01m[K/usr/include/c++/11/utility:76[m[K,
[5.683s]                  from [01m[K/usr/include/c++/11/tuple:38[m[K,
[5.683s]                  from [01m[K/usr/include/c++/11/functional:54[m[K,
[5.684s]                  from [01m[K/home/luuk/turtle3_control/src/diff_node.cpp:2[m[K:
[5.684s] [01m[K/usr/include/c++/11/initializer_list:1:1:[m[K [01;36m[Knote: [m[Kâ€˜[01m[Ksize_t[m[Kâ€™ is defined in header â€˜[01m[K<cstddef>[m[Kâ€™; did you forget to â€˜[01m[K#include <cstddef>[m[Kâ€™?
[5.684s]   +++ |+[32m[K#include <cstddef>[m[K
[5.684s]     1 | // std::initializer_list support -*- C++ -*-
[5.685s] In file included from [01m[K/usr/include/c++/11/utility:76[m[K,
[5.685s]                  from [01m[K/usr/include/c++/11/tuple:38[m[K,
[5.685s]                  from [01m[K/usr/include/c++/11/functional:54[m[K,
[5.685s]                  from [01m[K/home/luuk/turtle3_control/src/diff_node.cpp:2[m[K:
[5.686s] [01m[K/usr/include/c++/11/initializer_list:59:7:[m[K [01;31m[Kerror: [m[Kâ€˜[01m[Ksize_type[m[Kâ€™ does not name a type; did you mean â€˜[01m[Ktrue_type[m[Kâ€™?
[5.686s]    59 |       [01;31m[Ksize_type[m[K                 _M_len;
[5.686s]       |       [01;31m[K^~~~~~~~~[m[K
[5.686s]       |       [32m[Ktrue_type[m[K
[5.687s] [01m[K/usr/include/c++/11/initializer_list:62:54:[m[K [01;31m[Kerror: [m[Kâ€˜[01m[Ksize_type[m[Kâ€™ has not been declared
[5.687s]    62 |       constexpr initializer_list(const_iterator __a, [01;31m[Ksize_type[m[K __l)
[5.687s]       |                                                      [01;31m[K^~~~~~~~~[m[K
[5.687s] [01m[K/usr/include/c++/11/initializer_list:70:17:[m[K [01;31m[Kerror: [m[Kâ€˜[01m[Ksize_type[m[Kâ€™ does not name a type; did you mean â€˜[01m[Ktrue_type[m[Kâ€™?
[5.687s]    70 |       constexpr [01;31m[Ksize_type[m[K
[5.688s]       |                 [01;31m[K^~~~~~~~~[m[K
[5.688s]       |                 [32m[Ktrue_type[m[K
[5.688s] [01m[K/usr/include/c++/11/initializer_list:47:11:[m[K [01;31m[Kfatal error: [m[Kdefinition of â€˜[01m[Kclass std::initializer_list<_E>[m[Kâ€™ does not match â€˜[01m[K#include <initializer_list>[m[Kâ€™
[5.688s]    47 |     class [01;31m[Kinitializer_list[m[K
[5.689s]       |           [01;31m[K^~~~~~~~~~~~~~~~[m[K
[5.689s] compilation terminated.
[5.689s] gmake[2]: *** [CMakeFiles/diff_node.dir/build.make:76: CMakeFiles/diff_node.dir/src/diff_node.cpp.o] Error 1
[5.689s] gmake[1]: *** [CMakeFiles/Makefile2:137: CMakeFiles/diff_node.dir/all] Error 2
[5.689s] gmake: *** [Makefile:146: all] Error 2
[5.692s] Invoked command in '/home/luuk/turtle3_control/build/turtle3_control' returned '2': CMAKE_PREFIX_PATH=/opt/ros/humble /usr/bin/cmake --build /home/luuk/turtle3_control/build/turtle3_control -- -j8 -l8
