[0.056s] Invoking command in '/home/luuk/linetracking/build/line_tracking': CMAKE_PREFIX_PATH=${CMAKE_PREFIX_PATH}:/opt/ros/humble /usr/bin/cmake --build /home/luuk/linetracking/build/line_tracking -- -j8 -l8
[0.133s] -- Found ament_cmake: 1.3.5 (/opt/ros/humble/share/ament_cmake/cmake)
[0.546s] -- Found rclcpp: 16.0.5 (/opt/ros/humble/share/rclcpp/cmake)
[0.615s] -- Found rosidl_generator_c: 3.1.5 (/opt/ros/humble/share/rosidl_generator_c/cmake)
[0.624s] -- Found rosidl_adapter: 3.1.5 (/opt/ros/humble/share/rosidl_adapter/cmake)
[0.650s] -- Found rosidl_generator_cpp: 3.1.5 (/opt/ros/humble/share/rosidl_generator_cpp/cmake)
[0.668s] -- Using all available rosidl_typesupport_c: rosidl_typesupport_fastrtps_c;rosidl_typesupport_introspection_c
[0.704s] -- Using all available rosidl_typesupport_cpp: rosidl_typesupport_fastrtps_cpp;rosidl_typesupport_introspection_cpp
[0.848s] -- Found rmw_implementation_cmake: 6.1.1 (/opt/ros/humble/share/rmw_implementation_cmake/cmake)
[0.850s] -- Found rmw_fastrtps_cpp: 6.2.3 (/opt/ros/humble/share/rmw_fastrtps_cpp/cmake)
[1.178s] -- Using RMW implementation 'rmw_fastrtps_cpp' as default
[1.669s] -- Found sensor_msgs: 4.2.3 (/opt/ros/humble/share/sensor_msgs/cmake)
[2.063s] -- Found cv_bridge: 3.2.1 (/opt/ros/humble/share/cv_bridge/cmake)
[2.313s] -- Configuring done
[2.364s] -- Generating done
[2.370s] -- Build files have been written to: /home/luuk/linetracking/build/line_tracking
[2.475s] [35m[1mConsolidate compiler generated dependencies of target compressed_viewer[0m
[2.475s] [35m[1mConsolidate compiler generated dependencies of target line_detection[0m
[2.536s] [ 33%] Built target compressed_viewer
[2.550s] [ 50%] [32mBuilding CXX object CMakeFiles/line_detection.dir/src/line_detection/param_parser.cpp.o[0m
[2.583s] [01m[K/home/luuk/linetracking/src/line_detection/param_parser.cpp:1:10:[m[K [01;31m[Kfatal error: [m[Kparam_parser.hpp: No such file or directory
[2.583s]     1 | #include [01;31m[K<param_parser.hpp>[m[K
[2.583s]       |          [01;31m[K^~~~~~~~~~~~~~~~~~[m[K
[2.583s] compilation terminated.
[2.585s] gmake[2]: *** [CMakeFiles/line_detection.dir/build.make:90: CMakeFiles/line_detection.dir/src/line_detection/param_parser.cpp.o] Error 1
[2.586s] gmake[1]: *** [CMakeFiles/Makefile2:165: CMakeFiles/line_detection.dir/all] Error 2
[2.586s] gmake: *** [Makefile:146: all] Error 2
[2.596s] Invoked command in '/home/luuk/linetracking/build/line_tracking' returned '2': CMAKE_PREFIX_PATH=${CMAKE_PREFIX_PATH}:/opt/ros/humble /usr/bin/cmake --build /home/luuk/linetracking/build/line_tracking -- -j8 -l8
