[01m[K/home/luuk/turtle3_control/src/testtt_node.cpp:3:10:[m[K [01;31m[Kfatal error: [m[Kopencv2/opencv.hpp: No such file or directory
    3 | #include [01;31m[K<opencv2/opencv.hpp>[m[K
      |          [01;31m[K^~~~~~~~~~~~~~~~~~~~[m[K
compilation terminated.
gmake[2]: *** [CMakeFiles/testtt_node.dir/build.make:76: CMakeFiles/testtt_node.dir/src/testtt_node.cpp.o] Error 1
gmake[1]: *** [CMakeFiles/Makefile2:137: CMakeFiles/testtt_node.dir/all] Error 2
gmake: *** [Makefile:146: all] Error 2
