[0.080s] Invoking command in '/home/luuk/turtle3_control/build/turtle3_control': CMAKE_PREFIX_PATH=/opt/ros/humble /usr/bin/cmake --build /home/luuk/turtle3_control/build/turtle3_control -- -j8 -l8
[0.146s] -- Found ament_cmake: 1.3.5 (/opt/ros/humble/share/ament_cmake/cmake)
[0.534s] -- Found rclcpp: 16.0.5 (/opt/ros/humble/share/rclcpp/cmake)
[0.615s] -- Found rosidl_generator_c: 3.1.5 (/opt/ros/humble/share/rosidl_generator_c/cmake)
[0.622s] -- Found rosidl_adapter: 3.1.5 (/opt/ros/humble/share/rosidl_adapter/cmake)
[0.643s] -- Found rosidl_generator_cpp: 3.1.5 (/opt/ros/humble/share/rosidl_generator_cpp/cmake)
[0.675s] -- Using all available rosidl_typesupport_c: rosidl_typesupport_fastrtps_c;rosidl_typesupport_introspection_c
[0.719s] -- Using all available rosidl_typesupport_cpp: rosidl_typesupport_fastrtps_cpp;rosidl_typesupport_introspection_cpp
[0.897s] -- Found rmw_implementation_cmake: 6.1.1 (/opt/ros/humble/share/rmw_implementation_cmake/cmake)
[0.900s] -- Found rmw_fastrtps_cpp: 6.2.3 (/opt/ros/humble/share/rmw_fastrtps_cpp/cmake)
[1.219s] -- Using RMW implementation 'rmw_fastrtps_cpp' as default
[1.678s] -- Found sensor_msgs: 4.2.3 (/opt/ros/humble/share/sensor_msgs/cmake)
[2.013s] -- Found cv_bridge: 3.2.1 (/opt/ros/humble/share/cv_bridge/cmake)
[2.253s] -- Configuring done
[2.292s] -- Generating done
[2.298s] -- Build files have been written to: /home/luuk/turtle3_control/build/turtle3_control
[2.404s] [ 50%] [32mBuilding CXX object CMakeFiles/testtt_node.dir/src/testtt_node.cpp.o[0m
[3.262s] [01m[K/home/luuk/turtle3_control/src/testtt_node.cpp:3:10:[m[K [01;31m[Kfatal error: [m[Kopencv2/opencv.hpp: No such file or directory
[3.262s]     3 | #include [01;31m[K<opencv2/opencv.hpp>[m[K
[3.262s]       |          [01;31m[K^~~~~~~~~~~~~~~~~~~~[m[K
[3.263s] compilation terminated.
[3.268s] gmake[2]: *** [CMakeFiles/testtt_node.dir/build.make:76: CMakeFiles/testtt_node.dir/src/testtt_node.cpp.o] Error 1
[3.269s] gmake[1]: *** [CMakeFiles/Makefile2:137: CMakeFiles/testtt_node.dir/all] Error 2
[3.269s] gmake: *** [Makefile:146: all] Error 2
[3.276s] Invoked command in '/home/luuk/turtle3_control/build/turtle3_control' returned '2': CMAKE_PREFIX_PATH=/opt/ros/humble /usr/bin/cmake --build /home/luuk/turtle3_control/build/turtle3_control -- -j8 -l8
