[0.092s] Invoking command in '/home/luuk/turtle3_control/build/turtle3_control': CMAKE_PREFIX_PATH=${CMAKE_PREFIX_PATH}:/opt/ros/humble /usr/bin/cmake --build /home/luuk/turtle3_control/build/turtle3_control -- -j8 -l8
[0.279s] -- Found ament_cmake: 1.3.5 (/opt/ros/humble/share/ament_cmake/cmake)
[0.996s] -- Found rclcpp: 16.0.5 (/opt/ros/humble/share/rclcpp/cmake)
[1.101s] -- Found rosidl_generator_c: 3.1.5 (/opt/ros/humble/share/rosidl_generator_c/cmake)
[1.141s] -- Found rosidl_adapter: 3.1.5 (/opt/ros/humble/share/rosidl_adapter/cmake)
[1.183s] -- Found rosidl_generator_cpp: 3.1.5 (/opt/ros/humble/share/rosidl_generator_cpp/cmake)
[1.184s] -- Using all available rosidl_typesupport_c: rosidl_typesupport_fastrtps_c;rosidl_typesupport_introspection_c
[1.346s] -- Using all available rosidl_typesupport_cpp: rosidl_typesupport_fastrtps_cpp;rosidl_typesupport_introspection_cpp
[1.587s] -- Found rmw_implementation_cmake: 6.1.1 (/opt/ros/humble/share/rmw_implementation_cmake/cmake)
[1.589s] -- Found rmw_fastrtps_cpp: 6.2.3 (/opt/ros/humble/share/rmw_fastrtps_cpp/cmake)
[2.078s] -- Using RMW implementation 'rmw_fastrtps_cpp' as default
[2.741s] -- Found sensor_msgs: 4.2.3 (/opt/ros/humble/share/sensor_msgs/cmake)
[3.158s] -- Found cv_bridge: 3.2.1 (/opt/ros/humble/share/cv_bridge/cmake)
[3.577s] -- Configuring done
[3.701s] -- Generating done
[3.705s] -- Build files have been written to: /home/luuk/turtle3_control/build/turtle3_control
[4.031s] [ 50%] [32mBuilding CXX object CMakeFiles/testtt_node.dir/src/testtt_node.cpp.o[0m
[38.630s] [100%] [32m[1mLinking CXX executable testtt_node[0m
[40.425s] /usr/bin/ld: CMakeFiles/testtt_node.dir/src/testtt_node.cpp.o: in function `CompressedImageViewer::imageCallback(std::shared_ptr<sensor_msgs::msg::CompressedImage_<std::allocator<void> > >)':
[40.425s] testtt_node.cpp:(.text._ZN21CompressedImageViewer13imageCallbackESt10shared_ptrIN11sensor_msgs3msg16CompressedImage_ISaIvEEEE[_ZN21CompressedImageViewer13imageCallbackESt10shared_ptrIN11sensor_msgs3msg16CompressedImage_ISaIvEEEE]+0x146): undefined reference to `cv::imshow(std::__cxx11::basic_string<char, std::char_traits<char>, std::allocator<char> > const&, cv::_InputArray const&)'
[40.426s] /usr/bin/ld: testtt_node.cpp:(.text._ZN21CompressedImageViewer13imageCallbackESt10shared_ptrIN11sensor_msgs3msg16CompressedImage_ISaIvEEEE[_ZN21CompressedImageViewer13imageCallbackESt10shared_ptrIN11sensor_msgs3msg16CompressedImage_ISaIvEEEE]+0x17d): undefined reference to `cv::waitKey(int)'
[40.561s] collect2: error: ld returned 1 exit status
[40.566s] gmake[2]: *** [CMakeFiles/testtt_node.dir/build.make:179: testtt_node] Error 1
[40.566s] gmake[1]: *** [CMakeFiles/Makefile2:137: CMakeFiles/testtt_node.dir/all] Error 2
[40.567s] gmake: *** [Makefile:146: all] Error 2
[40.569s] Invoked command in '/home/luuk/turtle3_control/build/turtle3_control' returned '2': CMAKE_PREFIX_PATH=${CMAKE_PREFIX_PATH}:/opt/ros/humble /usr/bin/cmake --build /home/luuk/turtle3_control/build/turtle3_control -- -j8 -l8
