<?xml version="1.0" encoding="UTF-8"?>
<Site BuildName="(empty)"
	BuildStamp="20231024-0819-Experimental"
	Name="luuk-virtual-machine"
	Generator="ctest-3.22.1"
	CompilerName="/usr/bin/g++"
	CompilerVersion="11.4.0"
	OSName="Linux"
	Hostname="luuk-virtual-machine"
	OSRelease="6.2.0-33-generic"
	OSVersion="#33~22.04.1-Ubuntu SMP PREEMPT_DYNAMIC Thu Sep  7 10:33:52 UTC 2"
	OSPlatform="x86_64"
	Is64Bits="1"
	VendorString="GenuineIntel"
	VendorID="Intel Corporation"
	FamilyID="6"
	ModelID="154"
	ProcessorCacheSize="24576"
	NumberOfLogicalCPU="8"
	NumberOfPhysicalCPU="8"
	TotalVirtualMemory="2047"
	TotalPhysicalMemory="7897"
	LogicalProcessorsPerPhysical="1"
	ProcessorClockFrequency="2687.99"
	>
	<Testing>
		<StartDateTime>Oct 24 10:20 CEST</StartDateTime>
		<StartTestTime>1698135601</StartTestTime>
		<TestList/>
		<EndDateTime>Oct 24 10:20 CEST</EndDateTime>
		<EndTestTime>1698135601</EndTestTime>
		<ElapsedMinutes>0</ElapsedMinutes>
	</Testing>
</Site>
