[0.086s] Invoking command in '/home/luuk/linetracking/build/line_tracking': CMAKE_PREFIX_PATH=${CMAKE_PREFIX_PATH}:/opt/ros/humble /usr/bin/cmake --build /home/luuk/linetracking/build/line_tracking -- -j8 -l8
[0.152s] -- Found ament_cmake: 1.3.5 (/opt/ros/humble/share/ament_cmake/cmake)
[0.524s] -- Found rclcpp: 16.0.5 (/opt/ros/humble/share/rclcpp/cmake)
[0.617s] -- Found rosidl_generator_c: 3.1.5 (/opt/ros/humble/share/rosidl_generator_c/cmake)
[0.623s] -- Found rosidl_adapter: 3.1.5 (/opt/ros/humble/share/rosidl_adapter/cmake)
[0.648s] -- Found rosidl_generator_cpp: 3.1.5 (/opt/ros/humble/share/rosidl_generator_cpp/cmake)
[0.678s] -- Using all available rosidl_typesupport_c: rosidl_typesupport_fastrtps_c;rosidl_typesupport_introspection_c
[0.722s] -- Using all available rosidl_typesupport_cpp: rosidl_typesupport_fastrtps_cpp;rosidl_typesupport_introspection_cpp
[0.888s] -- Found rmw_implementation_cmake: 6.1.1 (/opt/ros/humble/share/rmw_implementation_cmake/cmake)
[0.892s] -- Found rmw_fastrtps_cpp: 6.2.3 (/opt/ros/humble/share/rmw_fastrtps_cpp/cmake)
[1.268s] -- Using RMW implementation 'rmw_fastrtps_cpp' as default
[1.686s] -- Found sensor_msgs: 4.2.3 (/opt/ros/humble/share/sensor_msgs/cmake)
[2.018s] -- Found cv_bridge: 3.2.1 (/opt/ros/humble/share/cv_bridge/cmake)
[2.245s] -- Configuring done
[2.289s] -- Generating done
[2.308s] -- Build files have been written to: /home/luuk/linetracking/build/line_tracking
[2.386s] [35m[1mConsolidate compiler generated dependencies of target compressed_viewer[0m
[2.389s] [35m[1mConsolidate compiler generated dependencies of target line_detection[0m
[2.482s] [ 20%] [32mBuilding CXX object CMakeFiles/line_detection.dir/src/line_detection/line_detection.cpp.o[0m
[2.488s] [ 60%] Built target compressed_viewer
[9.462s] [01m[K/home/luuk/linetracking/src/line_detection/line_detection.cpp:[m[K In member function â€˜[01m[Kvoid LineDetection::imageCompressedCallback(sensor_msgs::msg::CompressedImage_<std::allocator<void> >::SharedPtr)[m[Kâ€™:
[9.462s] [01m[K/home/luuk/linetracking/src/line_detection/line_detection.cpp:37:13:[m[K [01;31m[Kerror: [m[Kâ€˜[01m[Kcv_bridge[m[Kâ€™ has not been declared
[9.462s]    37 |             [01;31m[Kcv_bridge[m[K::CvImagePtr cv_ptr = cv_bridge::toCvCopy(msg, sensor_msgs::image_encodings::BGR8);
[9.462s]       |             [01;31m[K^~~~~~~~~[m[K
[9.472s] [01m[K/home/luuk/linetracking/src/line_detection/line_detection.cpp:39:18:[m[K [01;31m[Kerror: [m[Kâ€˜[01m[Kcv_bridge[m[Kâ€™ does not name a type
[9.472s]    39 |         } catch ([01;31m[Kcv_bridge[m[K::Exception& e) {
[9.472s]       |                  [01;31m[K^~~~~~~~~[m[K
[9.473s] [01m[K/home/luuk/linetracking/src/line_detection/line_detection.cpp:39:38:[m[K [01;31m[Kerror: [m[Kexpected unqualified-id before â€˜[01m[K&[m[Kâ€™ token
[9.473s]    39 |         } catch (cv_bridge::Exception[01;31m[K&[m[K e) {
[9.473s]       |                                      [01;31m[K^[m[K
[9.474s] [01m[K/home/luuk/linetracking/src/line_detection/line_detection.cpp:39:38:[m[K [01;31m[Kerror: [m[Kexpected â€˜[01m[K)[m[Kâ€™ before â€˜[01m[K&[m[Kâ€™ token
[9.474s] [01m[K/home/luuk/linetracking/src/line_detection/line_detection.cpp:39:17:[m[K [01;36m[Knote: [m[Kto match this â€˜[01m[K([m[Kâ€™
[9.475s]    39 |         } catch [01;36m[K([m[Kcv_bridge::Exception& e) {
[9.475s]       |                 [01;36m[K^[m[K
[9.475s] [01m[K/home/luuk/linetracking/src/line_detection/line_detection.cpp:39:38:[m[K [01;31m[Kerror: [m[Kexpected â€˜[01m[K{[m[Kâ€™ before â€˜[01m[K&[m[Kâ€™ token
[9.475s]    39 |         } catch (cv_bridge::Exception[01;31m[K&[m[K e) {
[9.475s]       |                                      [01;31m[K^[m[K
[9.486s] [01m[K/home/luuk/linetracking/src/line_detection/line_detection.cpp:39:40:[m[K [01;31m[Kerror: [m[Kâ€˜[01m[Ke[m[Kâ€™ was not declared in this scope
[9.486s]    39 |         } catch (cv_bridge::Exception& [01;31m[Ke[m[K) {
[9.486s]       |                                        [01;31m[K^[m[K
[9.487s] [01m[K/home/luuk/linetracking/src/line_detection/line_detection.cpp:35:85:[m[K [01;35m[Kwarning: [m[Kunused parameter â€˜[01m[Kmsg[m[Kâ€™ [[01;35m[K]8;;https://gcc.gnu.org/onlinedocs/gcc/Warning-Options.html#index-Wunused-parameter-Wunused-parameter]8;;[m[K]
[9.487s]    35 |     void imageCompressedCallback([01;35m[Kconst sensor_msgs::msg::CompressedImage::SharedPtr msg[m[K) {
[9.488s]       |                                  [01;35m[K~~~~~~~~~~~~~~~~~~~~~~~~~~~~~~~~~~~~~~~~~~~~~~~~~~~^~~[m[K
[9.494s] [01m[K/home/luuk/linetracking/src/line_detection/line_detection.cpp:[m[K In member function â€˜[01m[Kvoid LineDetection::imageRawCallback(sensor_msgs::msg::Image_<std::allocator<void> >::SharedPtr)[m[Kâ€™:
[9.495s] [01m[K/home/luuk/linetracking/src/line_detection/line_detection.cpp:47:13:[m[K [01;31m[Kerror: [m[Kâ€˜[01m[Kcv_bridge[m[Kâ€™ has not been declared
[9.495s]    47 |             [01;31m[Kcv_bridge[m[K::CvImagePtr cv_ptr = cv_bridge::toCvCopy(msg, sensor_msgs::image_encodings::BGR8);
[9.495s]       |             [01;31m[K^~~~~~~~~[m[K
[9.498s] [01m[K/home/luuk/linetracking/src/line_detection/line_detection.cpp:49:18:[m[K [01;31m[Kerror: [m[Kâ€˜[01m[Kcv_bridge[m[Kâ€™ does not name a type
[9.498s]    49 |         } catch ([01;31m[Kcv_bridge[m[K::Exception& e) {
[9.499s]       |                  [01;31m[K^~~~~~~~~[m[K
[9.499s] [01m[K/home/luuk/linetracking/src/line_detection/line_detection.cpp:49:38:[m[K [01;31m[Kerror: [m[Kexpected unqualified-id before â€˜[01m[K&[m[Kâ€™ token
[9.499s]    49 |         } catch (cv_bridge::Exception[01;31m[K&[m[K e) {
[9.500s]       |                                      [01;31m[K^[m[K
[9.500s] [01m[K/home/luuk/linetracking/src/line_detection/line_detection.cpp:49:38:[m[K [01;31m[Kerror: [m[Kexpected â€˜[01m[K)[m[Kâ€™ before â€˜[01m[K&[m[Kâ€™ token
[9.500s] [01m[K/home/luuk/linetracking/src/line_detection/line_detection.cpp:49:17:[m[K [01;36m[Knote: [m[Kto match this â€˜[01m[K([m[Kâ€™
[9.500s]    49 |         } catch [01;36m[K([m[Kcv_bridge::Exception& e) {
[9.501s]       |                 [01;36m[K^[m[K
[9.501s] [01m[K/home/luuk/linetracking/src/line_detection/line_detection.cpp:49:38:[m[K [01;31m[Kerror: [m[Kexpected â€˜[01m[K{[m[Kâ€™ before â€˜[01m[K&[m[Kâ€™ token
[9.501s]    49 |         } catch (cv_bridge::Exception[01;31m[K&[m[K e) {
[9.501s]       |                                      [01;31m[K^[m[K
[9.510s] [01m[K/home/luuk/linetracking/src/line_detection/line_detection.cpp:49:40:[m[K [01;31m[Kerror: [m[Kâ€˜[01m[Ke[m[Kâ€™ was not declared in this scope
[9.510s]    49 |         } catch (cv_bridge::Exception& [01;31m[Ke[m[K) {
[9.510s]       |                                        [01;31m[K^[m[K
[9.510s] [01m[K/home/luuk/linetracking/src/line_detection/line_detection.cpp:45:68:[m[K [01;35m[Kwarning: [m[Kunused parameter â€˜[01m[Kmsg[m[Kâ€™ [[01;35m[K]8;;https://gcc.gnu.org/onlinedocs/gcc/Warning-Options.html#index-Wunused-parameter-Wunused-parameter]8;;[m[K]
[9.510s]    45 |     void imageRawCallback([01;35m[Kconst sensor_msgs::msg::Image::SharedPtr msg[m[K) {
[9.511s]       |                           [01;35m[K~~~~~~~~~~~~~~~~~~~~~~~~~~~~~~~~~~~~~~~~~^~~[m[K
[18.772s] gmake[2]: *** [CMakeFiles/line_detection.dir/build.make:76: CMakeFiles/line_detection.dir/src/line_detection/line_detection.cpp.o] Error 1
[18.772s] gmake[1]: *** [CMakeFiles/Makefile2:165: CMakeFiles/line_detection.dir/all] Error 2
[18.772s] gmake: *** [Makefile:146: all] Error 2
[18.779s] Invoked command in '/home/luuk/linetracking/build/line_tracking' returned '2': CMAKE_PREFIX_PATH=${CMAKE_PREFIX_PATH}:/opt/ros/humble /usr/bin/cmake --build /home/luuk/linetracking/build/line_tracking -- -j8 -l8
