[0.039s] Invoking command in '/home/luuk/turtle3_control/build/turtle3_control': CMAKE_PREFIX_PATH=/opt/ros/humble /usr/bin/cmake --build /home/luuk/turtle3_control/build/turtle3_control -- -j8 -l8
[0.155s] [35m[1mConsolidate compiler generated dependencies of target diff_node[0m
[0.218s] [ 50%] [32mBuilding CXX object CMakeFiles/diff_node.dir/src/diff_node.cpp.o[0m
[6.536s] In file included from [01m[K/opt/ros/humble/include/rclcpp/rclcpp/logging.hpp:24[m[K,
[6.536s]                  from [01m[K/opt/ros/humble/include/rclcpp/rclcpp/client.hpp:40[m[K,
[6.536s]                  from [01m[K/opt/ros/humble/include/rclcpp/rclcpp/callback_group.hpp:24[m[K,
[6.537s]                  from [01m[K/opt/ros/humble/include/rclcpp/rclcpp/any_executable.hpp:20[m[K,
[6.537s]                  from [01m[K/opt/ros/humble/include/rclcpp/rclcpp/memory_strategy.hpp:25[m[K,
[6.537s]                  from [01m[K/opt/ros/humble/include/rclcpp/rclcpp/memory_strategies.hpp:18[m[K,
[6.537s]                  from [01m[K/opt/ros/humble/include/rclcpp/rclcpp/executor_options.hpp:20[m[K,
[6.537s]                  from [01m[K/opt/ros/humble/include/rclcpp/rclcpp/executor.hpp:37[m[K,
[6.537s]                  from [01m[K/opt/ros/humble/include/rclcpp/rclcpp/executors/multi_threaded_executor.hpp:25[m[K,
[6.538s]                  from [01m[K/opt/ros/humble/include/rclcpp/rclcpp/executors.hpp:21[m[K,
[6.538s]                  from [01m[K/opt/ros/humble/include/rclcpp/rclcpp/rclcpp.hpp:155[m[K,
[6.538s]                  from [01m[K/home/luuk/turtle3_control/src/diff_node.cpp:3[m[K:
[6.538s] [01m[K/home/luuk/turtle3_control/src/diff_node.cpp:[m[K In member function â€˜[01m[Kvoid DiffNode::topic_callback(sensor_msgs::msg::Joy_<std::allocator<void> >::SharedPtr) const[m[Kâ€™:
[6.538s] [01m[K/home/luuk/turtle3_control/src/diff_node.cpp:20:61:[m[K [01;31m[Kerror: [m[Kâ€˜[01m[Kusing element_type = struct sensor_msgs::msg::Joy_<std::allocator<void> >[m[Kâ€™ {aka â€˜[01m[Kstruct sensor_msgs::msg::Joy_<std::allocator<void> >[m[Kâ€™} has no member named â€˜[01m[Kdata[m[Kâ€™
[6.538s]    20 |       RCLCPP_INFO(this->get_logger(), "I heard: '%s'", msg->[01;31m[Kdata[m[K.c_str());
[6.539s]       |                                                             [01;31m[K^~~~[m[K
[12.861s] gmake[2]: *** [CMakeFiles/diff_node.dir/build.make:76: CMakeFiles/diff_node.dir/src/diff_node.cpp.o] Error 1
[12.862s] gmake[1]: *** [CMakeFiles/Makefile2:137: CMakeFiles/diff_node.dir/all] Error 2
[12.864s] gmake: *** [Makefile:146: all] Error 2
[12.875s] Invoked command in '/home/luuk/turtle3_control/build/turtle3_control' returned '2': CMAKE_PREFIX_PATH=/opt/ros/humble /usr/bin/cmake --build /home/luuk/turtle3_control/build/turtle3_control -- -j8 -l8
