[0.048s] Invoking command in '/home/luuk/turtle3_control/build/turtle3_control': CMAKE_PREFIX_PATH=${CMAKE_PREFIX_PATH}:/opt/ros/humble /usr/bin/cmake --build /home/luuk/turtle3_control/build/turtle3_control -- -j8 -l8
[0.088s] -- Found ament_cmake: 1.3.5 (/opt/ros/humble/share/ament_cmake/cmake)
[0.455s] -- Found rclcpp: 16.0.5 (/opt/ros/humble/share/rclcpp/cmake)
[0.566s] -- Found rosidl_generator_c: 3.1.5 (/opt/ros/humble/share/rosidl_generator_c/cmake)
[0.571s] -- Found rosidl_adapter: 3.1.5 (/opt/ros/humble/share/rosidl_adapter/cmake)
[0.592s] -- Found rosidl_generator_cpp: 3.1.5 (/opt/ros/humble/share/rosidl_generator_cpp/cmake)
[0.633s] -- Using all available rosidl_typesupport_c: rosidl_typesupport_fastrtps_c;rosidl_typesupport_introspection_c
[0.670s] -- Using all available rosidl_typesupport_cpp: rosidl_typesupport_fastrtps_cpp;rosidl_typesupport_introspection_cpp
[0.828s] -- Found rmw_implementation_cmake: 6.1.1 (/opt/ros/humble/share/rmw_implementation_cmake/cmake)
[0.831s] -- Found rmw_fastrtps_cpp: 6.2.3 (/opt/ros/humble/share/rmw_fastrtps_cpp/cmake)
[1.149s] -- Using RMW implementation 'rmw_fastrtps_cpp' as default
[1.653s] -- Found sensor_msgs: 4.2.3 (/opt/ros/humble/share/sensor_msgs/cmake)
[2.098s] -- Found cv_bridge: 3.2.1 (/opt/ros/humble/share/cv_bridge/cmake)
[2.351s] -- Configuring done
[2.392s] -- Generating done
[2.397s] -- Build files have been written to: /home/luuk/turtle3_control/build/turtle3_control
[2.582s] [ 50%] [32mBuilding CXX object CMakeFiles/detection.dir/src/testtt_node.cpp.o[0m
[32.073s] [100%] [32m[1mLinking CXX executable detection[0m
[33.485s] /usr/bin/ld: CMakeFiles/detection.dir/src/testtt_node.cpp.o: in function `CompressedImageViewer::imageCallback(std::shared_ptr<sensor_msgs::msg::CompressedImage_<std::allocator<void> > >)':
[33.486s] testtt_node.cpp:(.text._ZN21CompressedImageViewer13imageCallbackESt10shared_ptrIN11sensor_msgs3msg16CompressedImage_ISaIvEEEE[_ZN21CompressedImageViewer13imageCallbackESt10shared_ptrIN11sensor_msgs3msg16CompressedImage_ISaIvEEEE]+0x146): undefined reference to `cv::imshow(std::__cxx11::basic_string<char, std::char_traits<char>, std::allocator<char> > const&, cv::_InputArray const&)'
[33.486s] /usr/bin/ld: testtt_node.cpp:(.text._ZN21CompressedImageViewer13imageCallbackESt10shared_ptrIN11sensor_msgs3msg16CompressedImage_ISaIvEEEE[_ZN21CompressedImageViewer13imageCallbackESt10shared_ptrIN11sensor_msgs3msg16CompressedImage_ISaIvEEEE]+0x17d): undefined reference to `cv::waitKey(int)'
[33.674s] collect2: error: ld returned 1 exit status
[33.678s] gmake[2]: *** [CMakeFiles/detection.dir/build.make:179: detection] Error 1
[33.678s] gmake[1]: *** [CMakeFiles/Makefile2:137: CMakeFiles/detection.dir/all] Error 2
[33.680s] gmake: *** [Makefile:146: all] Error 2
[33.695s] Invoked command in '/home/luuk/turtle3_control/build/turtle3_control' returned '2': CMAKE_PREFIX_PATH=${CMAKE_PREFIX_PATH}:/opt/ros/humble /usr/bin/cmake --build /home/luuk/turtle3_control/build/turtle3_control -- -j8 -l8
