-- Found ament_cmake: 1.3.5 (/opt/ros/humble/share/ament_cmake/cmake)
-- Found rclcpp: 16.0.5 (/opt/ros/humble/share/rclcpp/cmake)
-- Found rosidl_generator_c: 3.1.5 (/opt/ros/humble/share/rosidl_generator_c/cmake)
-- Found rosidl_adapter: 3.1.5 (/opt/ros/humble/share/rosidl_adapter/cmake)
-- Found rosidl_generator_cpp: 3.1.5 (/opt/ros/humble/share/rosidl_generator_cpp/cmake)
-- Using all available rosidl_typesupport_c: rosidl_typesupport_fastrtps_c;rosidl_typesupport_introspection_c
-- Using all available rosidl_typesupport_cpp: rosidl_typesupport_fastrtps_cpp;rosidl_typesupport_introspection_cpp
-- Found rmw_implementation_cmake: 6.1.1 (/opt/ros/humble/share/rmw_implementation_cmake/cmake)
-- Found rmw_fastrtps_cpp: 6.2.3 (/opt/ros/humble/share/rmw_fastrtps_cpp/cmake)
-- Using RMW implementation 'rmw_fastrtps_cpp' as default
-- Found sensor_msgs: 4.2.3 (/opt/ros/humble/share/sensor_msgs/cmake)
-- Found cv_bridge: 3.2.1 (/opt/ros/humble/share/cv_bridge/cmake)
-- Found rosidl_default_generators: 1.2.0 (/opt/ros/humble/share/rosidl_default_generators/cmake)
-- Found ament_cmake_ros: 0.10.0 (/opt/ros/humble/share/ament_cmake_ros/cmake)
-- Using all available rosidl_typesupport_c: rosidl_typesupport_fastrtps_c;rosidl_typesupport_introspection_c
-- Using all available rosidl_typesupport_cpp: rosidl_typesupport_fastrtps_cpp;rosidl_typesupport_introspection_cpp
-- Found python_cmake_module: 0.10.0 (/opt/ros/humble/share/python_cmake_module/cmake)
-- Using PYTHON_EXECUTABLE: /usr/bin/python3
-- Using PYTHON_INCLUDE_DIRS: /usr/include/python3.10
-- Using PYTHON_LIBRARIES: /usr/lib/x86_64-linux-gnu/libpython3.10.so
-- Configuring done
-- Generating done
-- Build files have been written to: /home/luuk/linetracking/build/line_tracking
[35m[1mConsolidate compiler generated dependencies of target compressed_viewer[0m
[35m[1mConsolidate compiler generated dependencies of target line_detection[0m
[  2%] [32mBuilding C object CMakeFiles/line_tracking__rosidl_generator_c.dir/rosidl_generator_c/line_tracking/msg/detail/point_matrix_with_enum__functions.c.o[0m
[  5%] Built target line_tracking__cpp
[ 10%] Built target compressed_viewer
In file included from [01m[K/home/luuk/linetracking/build/line_tracking/rosidl_generator_c/line_tracking/msg/detail/point_matrix_with_enum__functions.h:19[m[K,
                 from [01m[K/home/luuk/linetracking/build/line_tracking/rosidl_generator_c/line_tracking/msg/detail/point_matrix_with_enum__functions.c:4[m[K:
[01m[K/home/luuk/linetracking/build/line_tracking/rosidl_generator_c/line_tracking/msg/detail/point_matrix_with_enum__struct.h:22:10:[m[K [01;31m[Kfatal error: [m[Kline_tracking/msg/detail/point_array__struct.h: No such file or directory
   22 | #include [01;31m[K"line_tracking/msg/detail/point_array__struct.h"[m[K
      |          [01;31m[K^~~~~~~~~~~~~~~~~~~~~~~~~~~~~~~~~~~~~~~~~~~~~~~~[m[K
compilation terminated.
[ 10%] Built target ament_cmake_python_copy_line_tracking
[ 21%] Built target line_detection
[ 24%] [34m[1mGenerating C++ type support dispatch for ROS interfaces[0m
gmake[2]: *** [CMakeFiles/line_tracking__rosidl_generator_c.dir/build.make:166: CMakeFiles/line_tracking__rosidl_generator_c.dir/rosidl_generator_c/line_tracking/msg/detail/point_matrix_with_enum__functions.c.o] Error 1
gmake[1]: *** [CMakeFiles/Makefile2:217: CMakeFiles/line_tracking__rosidl_generator_c.dir/all] Error 2
gmake[1]: *** Waiting for unfinished jobs....
[ 27%] [34m[1mGenerating C++ type support for eProsima Fast-RTPS[0m
[ 29%] [34m[1mGenerating C++ introspection for ROS interfaces[0m
[ 32%] [32mBuilding CXX object CMakeFiles/line_tracking__rosidl_typesupport_cpp.dir/rosidl_typesupport_cpp/line_tracking/msg/point_matrix_with_enum__type_support.cpp.o[0m
[ 35%] [32mBuilding CXX object CMakeFiles/line_tracking__rosidl_typesupport_fastrtps_cpp.dir/rosidl_typesupport_fastrtps_cpp/line_tracking/msg/detail/dds_fastrtps/point_matrix_with_enum__type_support.cpp.o[0m
[ 37%] [32mBuilding CXX object CMakeFiles/line_tracking__rosidl_typesupport_introspection_cpp.dir/rosidl_typesupport_introspection_cpp/line_tracking/msg/detail/point_matrix_with_enum__type_support.cpp.o[0m
running egg_info
writing line_tracking.egg-info/PKG-INFO
writing dependency_links to line_tracking.egg-info/dependency_links.txt
writing top-level names to line_tracking.egg-info/top_level.txt
reading manifest file 'line_tracking.egg-info/SOURCES.txt'
writing manifest file 'line_tracking.egg-info/SOURCES.txt'
[ 37%] Built target ament_cmake_python_build_line_tracking_egg
In file included from [01m[K/home/luuk/linetracking/build/line_tracking/rosidl_typesupport_cpp/line_tracking/msg/point_matrix_with_enum__type_support.cpp:7[m[K:
[01m[K/home/luuk/linetracking/build/line_tracking/rosidl_generator_cpp/line_tracking/msg/detail/point_matrix_with_enum__struct.hpp:20:10:[m[K [01;31m[Kfatal error: [m[Kline_tracking/msg/detail/point_array__struct.hpp: No such file or directory
   20 | #include [01;31m[K"line_tracking/msg/detail/point_array__struct.hpp"[m[K
      |          [01;31m[K^~~~~~~~~~~~~~~~~~~~~~~~~~~~~~~~~~~~~~~~~~~~~~~~~~[m[K
compilation terminated.
gmake[2]: *** [CMakeFiles/line_tracking__rosidl_typesupport_cpp.dir/build.make:147: CMakeFiles/line_tracking__rosidl_typesupport_cpp.dir/rosidl_typesupport_cpp/line_tracking/msg/point_matrix_with_enum__type_support.cpp.o] Error 1
gmake[1]: *** [CMakeFiles/Makefile2:399: CMakeFiles/line_tracking__rosidl_typesupport_cpp.dir/all] Error 2
In file included from [01m[K/home/luuk/linetracking/build/line_tracking/rosidl_typesupport_fastrtps_cpp/line_tracking/msg/detail/point_matrix_with_enum__rosidl_typesupport_fastrtps_cpp.hpp:11[m[K,
                 from [01m[K/home/luuk/linetracking/build/line_tracking/rosidl_typesupport_fastrtps_cpp/line_tracking/msg/detail/dds_fastrtps/point_matrix_with_enum__type_support.cpp:4[m[K:
[01m[K/home/luuk/linetracking/build/line_tracking/rosidl_generator_cpp/line_tracking/msg/detail/point_matrix_with_enum__struct.hpp:20:10:[m[K [01;31m[Kfatal error: [m[Kline_tracking/msg/detail/point_array__struct.hpp: No such file or directory
   20 | #include [01;31m[K"line_tracking/msg/detail/point_array__struct.hpp"[m[K
      |          [01;31m[K^~~~~~~~~~~~~~~~~~~~~~~~~~~~~~~~~~~~~~~~~~~~~~~~~~[m[K
compilation terminated.
gmake[2]: *** [CMakeFiles/line_tracking__rosidl_typesupport_fastrtps_cpp.dir/build.make:152: CMakeFiles/line_tracking__rosidl_typesupport_fastrtps_cpp.dir/rosidl_typesupport_fastrtps_cpp/line_tracking/msg/detail/dds_fastrtps/point_matrix_with_enum__type_support.cpp.o] Error 1
gmake[1]: *** [CMakeFiles/Makefile2:295: CMakeFiles/line_tracking__rosidl_typesupport_fastrtps_cpp.dir/all] Error 2
In file included from [01m[K/home/luuk/linetracking/build/line_tracking/rosidl_typesupport_introspection_cpp/line_tracking/msg/detail/point_matrix_with_enum__type_support.cpp:12[m[K:
[01m[K/home/luuk/linetracking/build/line_tracking/rosidl_generator_cpp/line_tracking/msg/detail/point_matrix_with_enum__struct.hpp:20:10:[m[K [01;31m[Kfatal error: [m[Kline_tracking/msg/detail/point_array__struct.hpp: No such file or directory
   20 | #include [01;31m[K"line_tracking/msg/detail/point_array__struct.hpp"[m[K
      |          [01;31m[K^~~~~~~~~~~~~~~~~~~~~~~~~~~~~~~~~~~~~~~~~~~~~~~~~~[m[K
compilation terminated.
gmake[2]: *** [CMakeFiles/line_tracking__rosidl_typesupport_introspection_cpp.dir/build.make:152: CMakeFiles/line_tracking__rosidl_typesupport_introspection_cpp.dir/rosidl_typesupport_introspection_cpp/line_tracking/msg/detail/point_matrix_with_enum__type_support.cpp.o] Error 1
gmake[1]: *** [CMakeFiles/Makefile2:373: CMakeFiles/line_tracking__rosidl_typesupport_introspection_cpp.dir/all] Error 2
gmake: *** [Makefile:146: all] Error 2
