[0.055s] Invoking command in '/home/luuk/linetracking/build/line_tracking': CMAKE_PREFIX_PATH=/opt/ros/humble /usr/bin/cmake --build /home/luuk/linetracking/build/line_tracking -- -j8 -l8
[0.163s] -- Found ament_cmake: 1.3.5 (/opt/ros/humble/share/ament_cmake/cmake)
[0.660s] -- Found rclcpp: 16.0.5 (/opt/ros/humble/share/rclcpp/cmake)
[0.761s] -- Found rosidl_generator_c: 3.1.5 (/opt/ros/humble/share/rosidl_generator_c/cmake)
[0.769s] -- Found rosidl_adapter: 3.1.5 (/opt/ros/humble/share/rosidl_adapter/cmake)
[0.800s] -- Found rosidl_generator_cpp: 3.1.5 (/opt/ros/humble/share/rosidl_generator_cpp/cmake)
[0.822s] -- Using all available rosidl_typesupport_c: rosidl_typesupport_fastrtps_c;rosidl_typesupport_introspection_c
[0.874s] -- Using all available rosidl_typesupport_cpp: rosidl_typesupport_fastrtps_cpp;rosidl_typesupport_introspection_cpp
[1.060s] -- Found rmw_implementation_cmake: 6.1.1 (/opt/ros/humble/share/rmw_implementation_cmake/cmake)
[1.066s] -- Found rmw_fastrtps_cpp: 6.2.3 (/opt/ros/humble/share/rmw_fastrtps_cpp/cmake)
[1.445s] -- Using RMW implementation 'rmw_fastrtps_cpp' as default
[1.965s] -- Found sensor_msgs: 4.2.3 (/opt/ros/humble/share/sensor_msgs/cmake)
[2.361s] -- Found cv_bridge: 3.2.1 (/opt/ros/humble/share/cv_bridge/cmake)
[2.408s] -- Found rosidl_default_generators: 1.2.0 (/opt/ros/humble/share/rosidl_default_generators/cmake)
[3.311s] -- Found ament_cmake_ros: 0.10.0 (/opt/ros/humble/share/ament_cmake_ros/cmake)
[4.632s] -- Using all available rosidl_typesupport_c: rosidl_typesupport_fastrtps_c;rosidl_typesupport_introspection_c
[5.156s] -- Using all available rosidl_typesupport_cpp: rosidl_typesupport_fastrtps_cpp;rosidl_typesupport_introspection_cpp
[5.230s] -- Found python_cmake_module: 0.10.0 (/opt/ros/humble/share/python_cmake_module/cmake)
[5.285s] -- Using PYTHON_EXECUTABLE: /usr/bin/python3
[5.285s] -- Using PYTHON_INCLUDE_DIRS: /usr/include/python3.10
[5.285s] -- Using PYTHON_LIBRARIES: /usr/lib/x86_64-linux-gnu/libpython3.10.so
[5.438s] -- Configuring done
[5.604s] -- Generating done
[5.621s] -- Build files have been written to: /home/luuk/linetracking/build/line_tracking
[5.769s] [35m[1mConsolidate compiler generated dependencies of target compressed_viewer[0m
[5.770s] [35m[1mConsolidate compiler generated dependencies of target line_detection[0m
[5.832s] [  2%] [32mBuilding C object CMakeFiles/line_tracking__rosidl_generator_c.dir/rosidl_generator_c/line_tracking/msg/detail/point_matrix_with_enum__functions.c.o[0m
[5.841s] [  5%] Built target line_tracking__cpp
[5.892s] [ 10%] Built target compressed_viewer
[5.892s] In file included from [01m[K/home/luuk/linetracking/build/line_tracking/rosidl_generator_c/line_tracking/msg/detail/point_matrix_with_enum__functions.h:19[m[K,
[5.893s]                  from [01m[K/home/luuk/linetracking/build/line_tracking/rosidl_generator_c/line_tracking/msg/detail/point_matrix_with_enum__functions.c:4[m[K:
[5.893s] [01m[K/home/luuk/linetracking/build/line_tracking/rosidl_generator_c/line_tracking/msg/detail/point_matrix_with_enum__struct.h:22:10:[m[K [01;31m[Kfatal error: [m[Kline_tracking/msg/detail/point_array__struct.h: No such file or directory
[5.894s]    22 | #include [01;31m[K"line_tracking/msg/detail/point_array__struct.h"[m[K
[5.894s]       |          [01;31m[K^~~~~~~~~~~~~~~~~~~~~~~~~~~~~~~~~~~~~~~~~~~~~~~~[m[K
[5.894s] compilation terminated.
[5.910s] [ 10%] Built target ament_cmake_python_copy_line_tracking
[5.939s] [ 21%] Built target line_detection
[5.957s] [ 24%] [34m[1mGenerating C++ type support dispatch for ROS interfaces[0m
[5.973s] gmake[2]: *** [CMakeFiles/line_tracking__rosidl_generator_c.dir/build.make:166: CMakeFiles/line_tracking__rosidl_generator_c.dir/rosidl_generator_c/line_tracking/msg/detail/point_matrix_with_enum__functions.c.o] Error 1
[5.973s] gmake[1]: *** [CMakeFiles/Makefile2:217: CMakeFiles/line_tracking__rosidl_generator_c.dir/all] Error 2
[5.973s] gmake[1]: *** Waiting for unfinished jobs....
[5.974s] [ 27%] [34m[1mGenerating C++ type support for eProsima Fast-RTPS[0m
[5.981s] [ 29%] [34m[1mGenerating C++ introspection for ROS interfaces[0m
[6.895s] [ 32%] [32mBuilding CXX object CMakeFiles/line_tracking__rosidl_typesupport_cpp.dir/rosidl_typesupport_cpp/line_tracking/msg/point_matrix_with_enum__type_support.cpp.o[0m
[7.025s] [ 35%] [32mBuilding CXX object CMakeFiles/line_tracking__rosidl_typesupport_fastrtps_cpp.dir/rosidl_typesupport_fastrtps_cpp/line_tracking/msg/detail/dds_fastrtps/point_matrix_with_enum__type_support.cpp.o[0m
[7.084s] [ 37%] [32mBuilding CXX object CMakeFiles/line_tracking__rosidl_typesupport_introspection_cpp.dir/rosidl_typesupport_introspection_cpp/line_tracking/msg/detail/point_matrix_with_enum__type_support.cpp.o[0m
[7.099s] running egg_info
[7.101s] writing line_tracking.egg-info/PKG-INFO
[7.103s] writing dependency_links to line_tracking.egg-info/dependency_links.txt
[7.105s] writing top-level names to line_tracking.egg-info/top_level.txt
[7.121s] reading manifest file 'line_tracking.egg-info/SOURCES.txt'
[7.122s] writing manifest file 'line_tracking.egg-info/SOURCES.txt'
[7.205s] [ 37%] Built target ament_cmake_python_build_line_tracking_egg
[7.208s] In file included from [01m[K/home/luuk/linetracking/build/line_tracking/rosidl_typesupport_cpp/line_tracking/msg/point_matrix_with_enum__type_support.cpp:7[m[K:
[7.209s] [01m[K/home/luuk/linetracking/build/line_tracking/rosidl_generator_cpp/line_tracking/msg/detail/point_matrix_with_enum__struct.hpp:20:10:[m[K [01;31m[Kfatal error: [m[Kline_tracking/msg/detail/point_array__struct.hpp: No such file or directory
[7.210s]    20 | #include [01;31m[K"line_tracking/msg/detail/point_array__struct.hpp"[m[K
[7.212s]       |          [01;31m[K^~~~~~~~~~~~~~~~~~~~~~~~~~~~~~~~~~~~~~~~~~~~~~~~~~[m[K
[7.213s] compilation terminated.
[7.214s] gmake[2]: *** [CMakeFiles/line_tracking__rosidl_typesupport_cpp.dir/build.make:147: CMakeFiles/line_tracking__rosidl_typesupport_cpp.dir/rosidl_typesupport_cpp/line_tracking/msg/point_matrix_with_enum__type_support.cpp.o] Error 1
[7.215s] gmake[1]: *** [CMakeFiles/Makefile2:399: CMakeFiles/line_tracking__rosidl_typesupport_cpp.dir/all] Error 2
[7.291s] In file included from [01m[K/home/luuk/linetracking/build/line_tracking/rosidl_typesupport_fastrtps_cpp/line_tracking/msg/detail/point_matrix_with_enum__rosidl_typesupport_fastrtps_cpp.hpp:11[m[K,
[7.292s]                  from [01m[K/home/luuk/linetracking/build/line_tracking/rosidl_typesupport_fastrtps_cpp/line_tracking/msg/detail/dds_fastrtps/point_matrix_with_enum__type_support.cpp:4[m[K:
[7.293s] [01m[K/home/luuk/linetracking/build/line_tracking/rosidl_generator_cpp/line_tracking/msg/detail/point_matrix_with_enum__struct.hpp:20:10:[m[K [01;31m[Kfatal error: [m[Kline_tracking/msg/detail/point_array__struct.hpp: No such file or directory
[7.294s]    20 | #include [01;31m[K"line_tracking/msg/detail/point_array__struct.hpp"[m[K
[7.296s]       |          [01;31m[K^~~~~~~~~~~~~~~~~~~~~~~~~~~~~~~~~~~~~~~~~~~~~~~~~~[m[K
[7.297s] compilation terminated.
[7.298s] gmake[2]: *** [CMakeFiles/line_tracking__rosidl_typesupport_fastrtps_cpp.dir/build.make:152: CMakeFiles/line_tracking__rosidl_typesupport_fastrtps_cpp.dir/rosidl_typesupport_fastrtps_cpp/line_tracking/msg/detail/dds_fastrtps/point_matrix_with_enum__type_support.cpp.o] Error 1
[7.299s] gmake[1]: *** [CMakeFiles/Makefile2:295: CMakeFiles/line_tracking__rosidl_typesupport_fastrtps_cpp.dir/all] Error 2
[7.358s] In file included from [01m[K/home/luuk/linetracking/build/line_tracking/rosidl_typesupport_introspection_cpp/line_tracking/msg/detail/point_matrix_with_enum__type_support.cpp:12[m[K:
[7.359s] [01m[K/home/luuk/linetracking/build/line_tracking/rosidl_generator_cpp/line_tracking/msg/detail/point_matrix_with_enum__struct.hpp:20:10:[m[K [01;31m[Kfatal error: [m[Kline_tracking/msg/detail/point_array__struct.hpp: No such file or directory
[7.359s]    20 | #include [01;31m[K"line_tracking/msg/detail/point_array__struct.hpp"[m[K
[7.360s]       |          [01;31m[K^~~~~~~~~~~~~~~~~~~~~~~~~~~~~~~~~~~~~~~~~~~~~~~~~~[m[K
[7.360s] compilation terminated.
[7.363s] gmake[2]: *** [CMakeFiles/line_tracking__rosidl_typesupport_introspection_cpp.dir/build.make:152: CMakeFiles/line_tracking__rosidl_typesupport_introspection_cpp.dir/rosidl_typesupport_introspection_cpp/line_tracking/msg/detail/point_matrix_with_enum__type_support.cpp.o] Error 1
[7.364s] gmake[1]: *** [CMakeFiles/Makefile2:373: CMakeFiles/line_tracking__rosidl_typesupport_introspection_cpp.dir/all] Error 2
[7.365s] gmake: *** [Makefile:146: all] Error 2
[7.374s] Invoked command in '/home/luuk/linetracking/build/line_tracking' returned '2': CMAKE_PREFIX_PATH=/opt/ros/humble /usr/bin/cmake --build /home/luuk/linetracking/build/line_tracking -- -j8 -l8
